#
# There is insufficient memory for the Java Runtime Environment to continue.
# Native memory allocation (malloc) failed to allocate 924976 bytes for Chunk::new
# Possible reasons:
#   The system is out of physical RAM or swap space
#   In 32 bit mode, the process size limit was hit
# Possible solutions:
#   Reduce memory load on the system
#   Increase physical memory or swap space
#   Check if swap backing store is full
#   Use 64 bit Java on a 64 bit OS
#   Decrease Java heap size (-Xmx/-Xms)
#   Decrease number of Java threads
#   Decrease Java thread stack sizes (-Xss)
#   Set larger code cache with -XX:ReservedCodeCacheSize=
# This output file may be truncated or incomplete.
#
#  Out of Memory Error (allocation.cpp:390), pid=6280, tid=0x0000000000001fbc
#
# JRE version: Java(TM) SE Runtime Environment (8.0_101-b13) (build 1.8.0_101-b13)
# Java VM: Java HotSpot(TM) 64-Bit Server VM (25.101-b13 mixed mode windows-amd64 compressed oops)
# Failed to write core dump. Minidumps are not enabled by default on client versions of Windows
#

---------------  T H R E A D  ---------------

Current thread (0x000000005688f000):  JavaThread "C2 CompilerThread0" daemon [_thread_in_native, id=8124, stack(0x0000000057b30000,0x0000000057c30000)]

Stack: [0x0000000057b30000,0x0000000057c30000]
[error occurred during error reporting (printing stack bounds), id 0xc0000005]

Native frames: (J=compiled Java code, j=interpreted, Vv=VM code, C=native code)


Current CompileTask:
C2:   6363 1642   !   4       com.android.dx.cf.cst.ConstantPoolParser::parse0 (731 bytes)


---------------  P R O C E S S  ---------------

Java Threads: ( => current thread )
  0x0000000056b48800 JavaThread "pool-2-thread-4" [_thread_blocked, id=3296, stack(0x0000000059130000,0x0000000059230000)]
  0x0000000056b45800 JavaThread "pool-2-thread-3" [_thread_blocked, id=7500, stack(0x00000000593e0000,0x00000000594e0000)]
  0x0000000056bdf000 JavaThread "pool-2-thread-2" [_thread_blocked, id=2904, stack(0x0000000059270000,0x0000000059370000)]
  0x0000000058844800 JavaThread "pool-3-thread-1" [_thread_blocked, id=5228, stack(0x0000000057ee0000,0x0000000057fe0000)]
  0x0000000056bda000 JavaThread "pool-2-thread-1" [_thread_blocked, id=7004, stack(0x0000000058fb0000,0x00000000590b0000)]
  0x000000005690c000 JavaThread "Service Thread" daemon [_thread_blocked, id=7308, stack(0x0000000058510000,0x0000000058610000)]
  0x00000000568c2800 JavaThread "C1 CompilerThread3" daemon [_thread_blocked, id=4864, stack(0x00000000583e0000,0x00000000584e0000)]
  0x00000000568b9800 JavaThread "C2 CompilerThread2" daemon [_thread_blocked, id=4032, stack(0x00000000581c0000,0x00000000582c0000)]
  0x0000000056895000 JavaThread "C2 CompilerThread1" daemon [_thread_blocked, id=5456, stack(0x0000000058090000,0x0000000058190000)]
=>0x000000005688f000 JavaThread "C2 CompilerThread0" daemon [_thread_in_native, id=8124, stack(0x0000000057b30000,0x0000000057c30000)]
  0x000000005688d800 JavaThread "Attach Listener" daemon [_thread_blocked, id=3512, stack(0x0000000057de0000,0x0000000057ee0000)]
  0x000000005688c800 JavaThread "Signal Dispatcher" daemon [_thread_blocked, id=7016, stack(0x0000000057cb0000,0x0000000057db0000)]
  0x00000000557d9000 JavaThread "Finalizer" daemon [_thread_blocked, id=8152, stack(0x0000000057a30000,0x0000000057b30000)]
  0x00000000557d6800 JavaThread "Reference Handler" daemon [_thread_blocked, id=3028, stack(0x00000000578d0000,0x00000000579d0000)]
  0x000000000242f000 JavaThread "main" [_thread_blocked, id=7320, stack(0x00000000025d0000,0x00000000026d0000)]

Other Threads:
  0x0000000056840800 VMThread [stack: 0x0000000057790000,0x0000000057890000] [id=1832]
  0x0000000056901000 WatcherThread [stack: 0x0000000058610000,0x0000000058710000] [id=3664]

VM state:not at safepoint (normal execution)

VM Mutex/Monitor currently owned by a thread: None

Heap:
 PSYoungGen      total 48640K, used 4687K [0x00000000eab00000, 0x00000000edc00000, 0x0000000100000000)
  eden space 47104K, 6% used [0x00000000eab00000,0x00000000eae17d50,0x00000000ed900000)
  from space 1536K, 98% used [0x00000000eda80000,0x00000000edbfc128,0x00000000edc00000)
  to   space 1536K, 0% used [0x00000000ed900000,0x00000000ed900000,0x00000000eda80000)
 ParOldGen       total 30208K, used 9909K [0x00000000c0000000, 0x00000000c1d80000, 0x00000000eab00000)
  object space 30208K, 32% used [0x00000000c0000000,0x00000000c09ad708,0x00000000c1d80000)
 Metaspace       used 6189K, capacity 7088K, committed 7296K, reserved 1056768K
  class space    used 603K, capacity 616K, committed 640K, reserved 1048576K

Card table byte_map: [0x0000000011d60000,0x0000000011f70000] byte_map_base: 0x0000000011760000

Marking Bits: (ParMarkBitMap*) 0x000000005dd9a6d0
 Begin Bits: [0x0000000012bf0000, 0x0000000013bf0000)
 End Bits:   [0x0000000013bf0000, 0x0000000014bf0000)

Polling page: 0x0000000000430000

CodeCache: size=245760Kb used=7190Kb max_used=7209Kb free=238569Kb
 bounds [0x00000000029a0000, 0x00000000030c0000, 0x00000000119a0000]
 total_blobs=1914 nmethods=1645 adapters=182
 compilation: enabled

Compilation events (10 events):
Event: 6.271 Thread 0x00000000568c2800 1644       1       com.android.dx.dex.file.OffsettedItem::getAlignment (5 bytes)
Event: 6.271 Thread 0x00000000568c2800 nmethod 1644 0x0000000003067250 code [0x00000000030673a0, 0x00000000030674b0]
Event: 6.283 Thread 0x0000000056895000 1646       4       com.android.dx.ssa.back.IdenticalBlockCombiner::combineBlocks (102 bytes)
Event: 6.283 Thread 0x00000000568c2800 1645       3       com.android.dx.cf.code.ExecutionStack::makeInitialized (51 bytes)
Event: 6.284 Thread 0x00000000568c2800 nmethod 1645 0x000000000307fd10 code [0x000000000307fec0, 0x0000000003080558]
Event: 6.284 Thread 0x00000000568c2800 1647       3       com.android.dx.ssa.ConstCollector$2::map (28 bytes)
Event: 6.285 Thread 0x00000000568c2800 nmethod 1647 0x000000000307f650 code [0x000000000307f7c0, 0x000000000307fbe8]
Event: 6.288 Thread 0x0000000056895000 nmethod 1646 0x000000000307ef10 code [0x000000000307f0a0, 0x000000000307f2d0]
Event: 6.289 Thread 0x00000000568c2800 1648       3       com.android.dx.cf.direct.AnnotationParser::requireLength (22 bytes)
Event: 6.290 Thread 0x00000000568c2800 nmethod 1648 0x0000000003087f90 code [0x0000000003088120, 0x0000000003088518]

GC Heap History (8 events):
Event: 0.849 GC heap before
{Heap before GC invocations=1 (full 0):
 PSYoungGen      total 13312K, used 11776K [0x00000000eab00000, 0x00000000eb980000, 0x0000000100000000)
  eden space 11776K, 100% used [0x00000000eab00000,0x00000000eb680000,0x00000000eb680000)
  from space 1536K, 0% used [0x00000000eb800000,0x00000000eb800000,0x00000000eb980000)
  to   space 1536K, 0% used [0x00000000eb680000,0x00000000eb680000,0x00000000eb800000)
 ParOldGen       total 30208K, used 0K [0x00000000c0000000, 0x00000000c1d80000, 0x00000000eab00000)
  object space 30208K, 0% used [0x00000000c0000000,0x00000000c0000000,0x00000000c1d80000)
 Metaspace       used 3397K, capacity 4720K, committed 4864K, reserved 1056768K
  class space    used 370K, capacity 424K, committed 512K, reserved 1048576K
Event: 0.985 GC heap after
Heap after GC invocations=1 (full 0):
 PSYoungGen      total 13312K, used 990K [0x00000000eab00000, 0x00000000ec500000, 0x0000000100000000)
  eden space 11776K, 0% used [0x00000000eab00000,0x00000000eab00000,0x00000000eb680000)
  from space 1536K, 64% used [0x00000000eb680000,0x00000000eb7779c8,0x00000000eb800000)
  to   space 1536K, 0% used [0x00000000ec380000,0x00000000ec380000,0x00000000ec500000)
 ParOldGen       total 30208K, used 8K [0x00000000c0000000, 0x00000000c1d80000, 0x00000000eab00000)
  object space 30208K, 0% used [0x00000000c0000000,0x00000000c0002000,0x00000000c1d80000)
 Metaspace       used 3397K, capacity 4720K, committed 4864K, reserved 1056768K
  class space    used 370K, capacity 424K, committed 512K, reserved 1048576K
}
Event: 1.661 GC heap before
{Heap before GC invocations=2 (full 0):
 PSYoungGen      total 13312K, used 12766K [0x00000000eab00000, 0x00000000ec500000, 0x0000000100000000)
  eden space 11776K, 100% used [0x00000000eab00000,0x00000000eb680000,0x00000000eb680000)
  from space 1536K, 64% used [0x00000000eb680000,0x00000000eb7779c8,0x00000000eb800000)
  to   space 1536K, 0% used [0x00000000ec380000,0x00000000ec380000,0x00000000ec500000)
 ParOldGen       total 30208K, used 8K [0x00000000c0000000, 0x00000000c1d80000, 0x00000000eab00000)
  object space 30208K, 0% used [0x00000000c0000000,0x00000000c0002000,0x00000000c1d80000)
 Metaspace       used 5511K, capacity 6512K, committed 6784K, reserved 1056768K
  class space    used 592K, capacity 616K, committed 640K, reserved 1048576K
Event: 1.737 GC heap after
Heap after GC invocations=2 (full 0):
 PSYoungGen      total 25088K, used 1514K [0x00000000eab00000, 0x00000000ec500000, 0x0000000100000000)
  eden space 23552K, 0% used [0x00000000eab00000,0x00000000eab00000,0x00000000ec200000)
  from space 1536K, 98% used [0x00000000ec380000,0x00000000ec4faa90,0x00000000ec500000)
  to   space 1536K, 0% used [0x00000000ec200000,0x00000000ec200000,0x00000000ec380000)
 ParOldGen       total 30208K, used 2109K [0x00000000c0000000, 0x00000000c1d80000, 0x00000000eab00000)
  object space 30208K, 6% used [0x00000000c0000000,0x00000000c020f708,0x00000000c1d80000)
 Metaspace       used 5511K, capacity 6512K, committed 6784K, reserved 1056768K
  class space    used 592K, capacity 616K, committed 640K, reserved 1048576K
}
Event: 2.796 GC heap before
{Heap before GC invocations=3 (full 0):
 PSYoungGen      total 25088K, used 25066K [0x00000000eab00000, 0x00000000ec500000, 0x0000000100000000)
  eden space 23552K, 100% used [0x00000000eab00000,0x00000000ec200000,0x00000000ec200000)
  from space 1536K, 98% used [0x00000000ec380000,0x00000000ec4faa90,0x00000000ec500000)
  to   space 1536K, 0% used [0x00000000ec200000,0x00000000ec200000,0x00000000ec380000)
 ParOldGen       total 30208K, used 2109K [0x00000000c0000000, 0x00000000c1d80000, 0x00000000eab00000)
  object space 30208K, 6% used [0x00000000c0000000,0x00000000c020f708,0x00000000c1d80000)
 Metaspace       used 6041K, capacity 6960K, committed 7040K, reserved 1056768K
  class space    used 599K, capacity 616K, committed 640K, reserved 1048576K
Event: 2.847 GC heap after
Heap after GC invocations=3 (full 0):
 PSYoungGen      total 25088K, used 1504K [0x00000000eab00000, 0x00000000edc00000, 0x0000000100000000)
  eden space 23552K, 0% used [0x00000000eab00000,0x00000000eab00000,0x00000000ec200000)
  from space 1536K, 97% used [0x00000000ec200000,0x00000000ec378010,0x00000000ec380000)
  to   space 1536K, 0% used [0x00000000eda80000,0x00000000eda80000,0x00000000edc00000)
 ParOldGen       total 30208K, used 5937K [0x00000000c0000000, 0x00000000c1d80000, 0x00000000eab00000)
  object space 30208K, 19% used [0x00000000c0000000,0x00000000c05cc5e8,0x00000000c1d80000)
 Metaspace       used 6041K, capacity 6960K, committed 7040K, reserved 1056768K
  class space    used 599K, capacity 616K, committed 640K, reserved 1048576K
}
Event: 5.613 GC heap before
{Heap before GC invocations=4 (full 0):
 PSYoungGen      total 25088K, used 25056K [0x00000000eab00000, 0x00000000edc00000, 0x0000000100000000)
  eden space 23552K, 100% used [0x00000000eab00000,0x00000000ec200000,0x00000000ec200000)
  from space 1536K, 97% used [0x00000000ec200000,0x00000000ec378010,0x00000000ec380000)
  to   space 1536K, 0% used [0x00000000eda80000,0x00000000eda80000,0x00000000edc00000)
 ParOldGen       total 30208K, used 5937K [0x00000000c0000000, 0x00000000c1d80000, 0x00000000eab00000)
  object space 30208K, 19% used [0x00000000c0000000,0x00000000c05cc5e8,0x00000000c1d80000)
 Metaspace       used 6188K, capacity 7088K, committed 7296K, reserved 1056768K
  class space    used 603K, capacity 616K, committed 640K, reserved 1048576K
Event: 6.005 GC heap after
Heap after GC invocations=4 (full 0):
 PSYoungGen      total 48640K, used 1520K [0x00000000eab00000, 0x00000000edc00000, 0x0000000100000000)
  eden space 47104K, 0% used [0x00000000eab00000,0x00000000eab00000,0x00000000ed900000)
  from space 1536K, 98% used [0x00000000eda80000,0x00000000edbfc128,0x00000000edc00000)
  to   space 1536K, 0% used [0x00000000ed900000,0x00000000ed900000,0x00000000eda80000)
 ParOldGen       total 30208K, used 9909K [0x00000000c0000000, 0x00000000c1d80000, 0x00000000eab00000)
  object space 30208K, 32% used [0x00000000c0000000,0x00000000c09ad708,0x00000000c1d80000)
 Metaspace       used 6188K, capacity 7088K, committed 7296K, reserved 1056768K
  class space    used 603K, capacity 616K, committed 640K, reserved 1048576K
}

Deoptimization events (10 events):
Event: 2.528 Thread 0x000000000242f000 Uncommon trap: reason=unstable_if action=reinterpret pc=0x0000000002be3940 method=java.lang.String.<init>([CII)V @ 18
Event: 2.731 Thread 0x000000000242f000 Uncommon trap: reason=unstable_if action=reinterpret pc=0x0000000002b6109c method=java.lang.String.<init>([CII)V @ 18
Event: 2.976 Thread 0x0000000056bda000 Uncommon trap: reason=unstable_if action=reinterpret pc=0x0000000002eff61c method=com.android.dx.cf.code.BytecodeArray.parseInstruction(ILcom/android/dx/cf/code/BytecodeArray$Visitor;)I @ 1198
Event: 3.216 Thread 0x0000000056b48800 Uncommon trap: reason=unstable_if action=reinterpret pc=0x0000000002c9345c method=com.android.dx.rop.code.RegisterSpecSet.put(Lcom/android/dx/rop/code/RegisterSpec;)V @ 77
Event: 3.216 Thread 0x0000000056b48800 Uncommon trap: reason=unstable_if action=reinterpret pc=0x0000000002d32cc8 method=com.android.dx.rop.code.RegisterSpecSet.put(Lcom/android/dx/rop/code/RegisterSpec;)V @ 77
Event: 3.470 Thread 0x0000000056b45800 Uncommon trap: reason=unstable_if action=reinterpret pc=0x0000000002fa0e9c method=com.android.dx.ssa.SCCP.simulateBranch(Lcom/android/dx/ssa/SsaInsn;)V @ 64
Event: 3.670 Thread 0x000000000242f000 Uncommon trap: reason=unloaded action=reinterpret pc=0x0000000002e069b4 method=com.android.dx.cf.cst.ConstantPoolParser.parse0(ILjava/util/BitSet;)Lcom/android/dx/rop/cst/Constant; @ 198
Event: 3.743 Thread 0x0000000056bdf000 Uncommon trap: reason=null_check action=make_not_entrant pc=0x0000000002e9007c method=com.android.dx.ssa.SsaRenamer.getLocalForNewReg(I)Lcom/android/dx/rop/code/LocalItem; @ 19
Event: 3.744 Thread 0x0000000056bdf000 Uncommon trap: reason=null_check action=make_not_entrant pc=0x0000000002e869dc method=com.android.dx.ssa.SsaRenamer.getLocalForNewReg(I)Lcom/android/dx/rop/code/LocalItem; @ 19
Event: 6.287 Thread 0x0000000056bdf000 Uncommon trap: reason=unstable_if action=reinterpret pc=0x0000000003008648 method=com.android.dx.rop.code.RegisterSpecSet.localItemToSpec(Lcom/android/dx/rop/code/LocalItem;)Lcom/android/dx/rop/code/RegisterSpec; @ 35

Internal exceptions (4 events):
Event: 0.386 Thread 0x000000000242f000 Exception <a 'java/lang/NoSuchMethodError': Method sun.misc.Unsafe.defineClass(Ljava/lang/String;[BII)Ljava/lang/Class; name or signature does not match> (0x00000000eab07cc0) thrown at [C:\re\workspace\8-2-build-windows-amd64-cygwin\jdk8u101\7261\hotspot\sNñàc·Ø?
Event: 0.386 Thread 0x000000000242f000 Exception <a 'java/lang/NoSuchMethodError': Method sun.misc.Unsafe.prefetchRead(Ljava/lang/Object;J)V name or signature does not match> (0x00000000eab07fa8) thrown at [C:\re\workspace\8-2-build-windows-amd64-cygwin\jdk8u101\7261\hotspot\src\share\vm\prims\€‹‘=iò@
Event: 3.743 Thread 0x0000000056bdf000 Implicit null exception at 0x0000000002e8f00c to 0x0000000002e90031
Event: 3.744 Thread 0x0000000056bdf000 Implicit null exception at 0x0000000002e85bb4 to 0x0000000002e869a9

Events (10 events):
Event: 4.590 Executing VM operation: EnableBiasedLocking done
Event: 4.596 loading class com/android/dx/rop/code/RegisterSpec$1
Event: 4.596 loading class com/android/dx/rop/code/RegisterSpec$1 done
Event: 5.160 loading class com/android/dx/cf/attrib/AttExceptions
Event: 5.160 loading class com/android/dx/cf/attrib/AttExceptions done
Event: 5.612 Executing VM operation: ParallelGCFailedAllocation
Event: 6.005 Executing VM operation: ParallelGCFailedAllocation done
Event: 6.287 Thread 0x0000000056bdf000 Uncommon trap: trap_request=0xffffff65 fr.pc=0x0000000003008648
Event: 6.287 Thread 0x0000000056bdf000 DEOPT PACKING pc=0x0000000003008648 sp=0x000000005936ee20
Event: 6.287 Thread 0x0000000056bdf000 DEOPT UNPACKING pc=0x00000000029e582a sp=0x000000005936ed78 mode 2


Dynamic libraries:
0x000000013f0c0000 - 0x000000013f0f7000 	C:\JAVAJDK18\jdk1.8.0_101\bin\java.exe
0x00000000770a0000 - 0x000000007724a000 	C:\Windows\SYSTEM32\ntdll.dll
0x0000000076f80000 - 0x000000007709f000 	C:\Windows\system32\kernel32.dll
0x000007fefd120000 - 0x000007fefd18a000 	C:\Windows\system32\KERNELBASE.dll
0x000007feff090000 - 0x000007feff16b000 	C:\Windows\system32\ADVAPI32.dll
0x000007feff1b0000 - 0x000007feff24f000 	C:\Windows\system32\msvcrt.dll
0x000007fefeda0000 - 0x000007fefedbf000 	C:\Windows\SYSTEM32\sechost.dll
0x000007fefe840000 - 0x000007fefe96d000 	C:\Windows\system32\RPCRT4.dll
0x0000000076e80000 - 0x0000000076f7a000 	C:\Windows\system32\USER32.dll
0x000007fefee40000 - 0x000007fefeea7000 	C:\Windows\system32\GDI32.dll
0x000007feff170000 - 0x000007feff17e000 	C:\Windows\system32\LPK.dll
0x000007fefdf30000 - 0x000007fefdffa000 	C:\Windows\system32\USP10.dll
0x000007fefb690000 - 0x000007fefb884000 	C:\Windows\WinSxS\amd64_microsoft.windows.common-controls_6595b64144ccf1df_6.0.7601.18837_none_fa3b1e3d17594757\COMCTL32.dll
0x000007feff250000 - 0x000007feff2c1000 	C:\Windows\system32\SHLWAPI.dll
0x000007feff180000 - 0x000007feff1ae000 	C:\Windows\system32\IMM32.DLL
0x000007fefe9c0000 - 0x000007fefeac9000 	C:\Windows\system32\MSCTF.dll
0x000007fefcd10000 - 0x000007fefcd4f000 	C:\Windows\system32\nvinitx.dll
0x00000000665c0000 - 0x0000000066692000 	C:\JAVAJDK18\jdk1.8.0_101\jre\bin\msvcr100.dll
0x000000005d580000 - 0x000000005de1a000 	C:\JAVAJDK18\jdk1.8.0_101\jre\bin\server\jvm.dll
0x000007fef8a10000 - 0x000007fef8a19000 	C:\Windows\system32\WSOCK32.dll
0x000007fefe970000 - 0x000007fefe9bd000 	C:\Windows\system32\WS2_32.dll
0x000007fefe7b0000 - 0x000007fefe7b8000 	C:\Windows\system32\NSI.dll
0x000007fefab90000 - 0x000007fefabcb000 	C:\Windows\system32\WINMM.dll
0x000007fefc620000 - 0x000007fefc62c000 	C:\Windows\system32\VERSION.dll
0x0000000077260000 - 0x0000000077267000 	C:\Windows\system32\PSAPI.DLL
0x000000006b8f0000 - 0x000000006b8ff000 	C:\JAVAJDK18\jdk1.8.0_101\jre\bin\verify.dll
0x000000006b880000 - 0x000000006b8a9000 	C:\JAVAJDK18\jdk1.8.0_101\jre\bin\java.dll
0x000000006b860000 - 0x000000006b876000 	C:\JAVAJDK18\jdk1.8.0_101\jre\bin\zip.dll
0x000007fefd1a0000 - 0x000007fefdf2c000 	C:\Windows\system32\SHELL32.dll
0x000007fefe0a0000 - 0x000007fefe2a3000 	C:\Windows\system32\ole32.dll
0x000007fefcde0000 - 0x000007fefcdef000 	C:\Windows\system32\profapi.dll

VM Arguments:
jvm_args: -Djava.awt.headless=true -Xmx1024M -Dfile.encoding=windows-1252 -Duser.country=SE -Duser.language=sv -Duser.variant 
java_command: com.android.dx.command.Main --dex --force-jumbo --num-threads=4 --multi-dex --output C:\Users\PontusArfwedson\AndroidStudioProjects\YelpMe\app\build\intermediates\transforms\dex\debug\folders\1000\10\auto-value-1.1_c445ab2b1f2a085f52120da59e34ee439e5e08d6 C:\Users\PontusArfwedson\.gradle\caches\modules-2\files-2.1\com.google.auto.value\auto-value\1.1\f6951c141ea3e89c0f8b01da16834880a1ebf162\auto-value-1.1.jar
java_class_path (initial): C:\androidsdkold\sdk\build-tools\24.0.3\lib\dx.jar
Launcher Type: SUN_STANDARD

Environment Variables:
JAVA_HOME=C:\Program Files\Java\jdk1.8.0_101
CLASSPATH=C:\Program Files (x86)\QuickTime\QTSystem\QTJava.zip
PATH=C:\ProgramData\Oracle\Java\javapath;C:\Program Files (x86)\NVIDIA Corporation\PhysX\Common;C:\Program Files\Common Files\Microsoft Shared\Windows Live;C:\Program Files (x86)\Common Files\Microsoft Shared\Windows Live;C:\Windows\system32;C:\Windows;C:\Windows\System32\Wbem;C:\Windows\System32\WindowsPowerShell\v1.0\;C:\Program Files (x86)\Windows Live\Shared;C:\Program Files\Intel\WiFi\bin\;C:\Program Files\Common Files\Intel\WirelessCommon\;C:\Program Files\MATLAB\R2012b\runtime\win64;C:\Program Files\MATLAB\R2012b\bin;D:\PROGRAM\MATLAB\R2013b\bin;C:\Program Files (x86)\QuickTime\QTSystem\;C:\Program Files\MATLABMATLAB\bin;C:\Program Files (x86)\Skype\Phone\;C:\Program Files (x86)\MySQL\MySQL Fabric 1.5 ^& MySQL Utilities 1.5\;C:\Program Files (x86)\MySQL\MySQL Fabric 1.5 ^& MySQL Utilities 1.5\Doctrine extensions for PHP\;C:\cygwin64\bin;C:\cygwin64\usr\bin;C:\Program Files\Git\cmd;C:\Program Files (x86)\Heroku\bin;C:\Program Files (x86)\git\cmd;C:\Program Files (x86)\Git\cmd;C:\Python27;C:\Program Files\nodejs\;C:\ant\apache-ant-1.9.7\bin;C:\Program Files (x86)\Yarn\bin;ANDROID_HOME;C:\androidsdkold\sdk\platform-tools;C:\Ruby22\bin;C:\Program Files\adt-bundle-windows-x86_64-20130219\sdk\tools\ant\bin;C:\Program Files\Java\jdk1.8.0_101;C:\Python27;C:\Users\PontusArfwedson\AppData\Roaming\npm;C:\ant\apache-ant-1.9.7\bin;C:\Users\PontusArfwedson\AppData\Local\Yarn\.bin;ANDROID_HOME;C:\androidsdkold\sdk\platform-tools
USERNAME=PontusArfwedson
OS=Windows_NT
PROCESSOR_IDENTIFIER=Intel64 Family 6 Model 42 Stepping 7, GenuineIntel



---------------  S Y S T E M  ---------------

OS: Windows 7 , 64 bit Build 7601 (6.1.7601.23418)

CPU:total 8 (4 cores per cpu, 2 threads per core) family 6 model 42 stepping 7, cmov, cx8, fxsr, mmx, sse, sse2, sse3, ssse3, sse4.1, sse4.2, popcnt, avx, aes, clmul, ht, tsc, tscinvbit

Memory: 4k page, physical 2794184k(148916k free), swap 4274792k(5332k free)

vm_info: Java HotSpot(TM) 64-Bit Server VM (25.101-b13) for windows-amd64 JRE (1.8.0_101-b13), built on Jun 22 2016 01:21:29 by "java_re" with MS VC++ 10.0 (VS2010)

time: Thu Dec 01 21:56:13 2016
elapsed time: 6 seconds (0d 0h 0m 6s)

