#
# There is insufficient memory for the Java Runtime Environment to continue.
# Native memory allocation (malloc) failed to allocate 470096 bytes for Chunk::new
# Possible reasons:
#   The system is out of physical RAM or swap space
#   In 32 bit mode, the process size limit was hit
# Possible solutions:
#   Reduce memory load on the system
#   Increase physical memory or swap space
#   Check if swap backing store is full
#   Use 64 bit Java on a 64 bit OS
#   Decrease Java heap size (-Xmx/-Xms)
#   Decrease number of Java threads
#   Decrease Java thread stack sizes (-Xss)
#   Set larger code cache with -XX:ReservedCodeCacheSize=
# This output file may be truncated or incomplete.
#
#  Out of Memory Error (allocation.cpp:390), pid=1020, tid=0x0000000000001b10
#
# JRE version: Java(TM) SE Runtime Environment (8.0_101-b13) (build 1.8.0_101-b13)
# Java VM: Java HotSpot(TM) 64-Bit Server VM (25.101-b13 mixed mode windows-amd64 compressed oops)
# Failed to write core dump. Minidumps are not enabled by default on client versions of Windows
#

---------------  T H R E A D  ---------------

Current thread (0x000000005693e000):  JavaThread "C2 CompilerThread2" daemon [_thread_in_native, id=6928, stack(0x0000000058240000,0x0000000058340000)]

Stack: [0x0000000058240000,0x0000000058340000]
[error occurred during error reporting (printing stack bounds), id 0xc0000005]

Native frames: (J=compiled Java code, j=interpreted, Vv=VM code, C=native code)


Current CompileTask:
C2:   4262 1258       4       com.android.dx.ssa.SCCP::simulateBranch (666 bytes)


---------------  P R O C E S S  ---------------

Java Threads: ( => current thread )
  0x0000000056c7a800 JavaThread "pool-2-thread-4" [_thread_in_Java, id=4164, stack(0x00000000593e0000,0x00000000594e0000)]
  0x000000005878f000 JavaThread "pool-2-thread-3" [_thread_blocked, id=808, stack(0x00000000592a0000,0x00000000593a0000)]
  0x000000005878e000 JavaThread "pool-2-thread-2" [_thread_blocked, id=3472, stack(0x0000000059180000,0x0000000059280000)]
  0x000000005878c800 JavaThread "pool-3-thread-1" [_thread_blocked, id=6072, stack(0x0000000057f10000,0x0000000058010000)]
  0x000000005878c000 JavaThread "pool-2-thread-1" [_thread_blocked, id=7560, stack(0x0000000059060000,0x0000000059160000)]
  0x000000005699d800 JavaThread "Service Thread" daemon [_thread_blocked, id=6108, stack(0x0000000057860000,0x0000000057960000)]
  0x0000000056940000 JavaThread "C1 CompilerThread3" daemon [_thread_blocked, id=5080, stack(0x0000000058530000,0x0000000058630000)]
=>0x000000005693e000 JavaThread "C2 CompilerThread2" daemon [_thread_in_native, id=6928, stack(0x0000000058240000,0x0000000058340000)]
  0x000000005693b000 JavaThread "C2 CompilerThread1" daemon [_thread_in_native, id=7136, stack(0x0000000058360000,0x0000000058460000)]
  0x0000000056933000 JavaThread "C2 CompilerThread0" daemon [_thread_in_native, id=5704, stack(0x0000000058120000,0x0000000058220000)]
  0x0000000056931800 JavaThread "Attach Listener" daemon [_thread_blocked, id=2564, stack(0x0000000058020000,0x0000000058120000)]
  0x0000000055889800 JavaThread "Signal Dispatcher" daemon [_thread_blocked, id=6820, stack(0x0000000057e10000,0x0000000057f10000)]
  0x0000000055879000 JavaThread "Finalizer" daemon [_thread_blocked, id=1892, stack(0x0000000057ad0000,0x0000000057bd0000)]
  0x0000000055876800 JavaThread "Reference Handler" daemon [_thread_blocked, id=6684, stack(0x0000000057c00000,0x0000000057d00000)]
  0x000000000019f000 JavaThread "main" [_thread_in_Java, id=6224, stack(0x0000000002700000,0x0000000002800000)]

Other Threads:
  0x00000000568e0800 VMThread [stack: 0x0000000057960000,0x0000000057a60000] [id=8164]
  0x00000000569a6000 WatcherThread [stack: 0x0000000058680000,0x0000000058780000] [id=6816]

VM state:not at safepoint (normal execution)

VM Mutex/Monitor currently owned by a thread: None

Heap:
 PSYoungGen      total 25088K, used 18500K [0x00000000eab00000, 0x00000000edc00000, 0x0000000100000000)
  eden space 23552K, 72% used [0x00000000eab00000,0x00000000ebb95318,0x00000000ec200000)
  from space 1536K, 98% used [0x00000000ec200000,0x00000000ec37c010,0x00000000ec380000)
  to   space 1536K, 0% used [0x00000000eda80000,0x00000000eda80000,0x00000000edc00000)
 ParOldGen       total 30208K, used 8391K [0x00000000c0000000, 0x00000000c1d80000, 0x00000000eab00000)
  object space 30208K, 27% used [0x00000000c0000000,0x00000000c0831d08,0x00000000c1d80000)
 Metaspace       used 6078K, capacity 6936K, committed 7168K, reserved 1056768K
  class space    used 617K, capacity 656K, committed 768K, reserved 1048576K

Card table byte_map: [0x0000000011e90000,0x00000000120a0000] byte_map_base: 0x0000000011890000

Marking Bits: (ParMarkBitMap*) 0x000000005dd9a6d0
 Begin Bits: [0x0000000012c90000, 0x0000000013c90000)
 End Bits:   [0x0000000013c90000, 0x0000000014c90000)

Polling page: 0x0000000000130000

CodeCache: size=245760Kb used=4509Kb max_used=4521Kb free=241250Kb
 bounds [0x0000000002ad0000, 0x0000000002f50000, 0x0000000011ad0000]
 total_blobs=1470 nmethods=1198 adapters=185
 compilation: enabled

Compilation events (10 events):
Event: 4.180 Thread 0x000000005693e000 nmethod 1072 0x0000000002f3e310 code [0x0000000002f3e520, 0x0000000002f3ff68]
Event: 4.180 Thread 0x000000005693e000 1266       4       java.util.Arrays::hashCode (56 bytes)
Event: 4.186 Thread 0x000000005693e000 nmethod 1266 0x0000000002f27310 code [0x0000000002f27460, 0x0000000002f276b8]
Event: 4.186 Thread 0x000000005693e000 1258       4       com.android.dx.ssa.SCCP::simulateBranch (666 bytes)
Event: 4.240 Thread 0x000000005693b000 nmethod 1238 0x0000000002f2ff10 code [0x0000000002f30080, 0x0000000002f306b8]
Event: 4.240 Thread 0x000000005693b000 1271 %     4       com.android.dx.rop.code.InsnList::forEach @ 7 (28 bytes)
Event: 4.243 Thread 0x000000005693b000 nmethod 1271% 0x0000000002f24fd0 code [0x0000000002f25120, 0x0000000002f25338]
Event: 4.243 Thread 0x000000005693b000 1267       4       com.android.dx.util.FixedSizeList::hashCode (8 bytes)
Event: 4.249 Thread 0x000000005693b000 nmethod 1267 0x0000000002f32610 code [0x0000000002f32760, 0x0000000002f329b8]
Event: 4.249 Thread 0x000000005693b000 1254       4       com.android.dx.ssa.SCCP::addBlockToWorklist (47 bytes)

GC Heap History (6 events):
Event: 1.801 GC heap before
{Heap before GC invocations=1 (full 0):
 PSYoungGen      total 13312K, used 11776K [0x00000000eab00000, 0x00000000eb980000, 0x0000000100000000)
  eden space 11776K, 100% used [0x00000000eab00000,0x00000000eb680000,0x00000000eb680000)
  from space 1536K, 0% used [0x00000000eb800000,0x00000000eb800000,0x00000000eb980000)
  to   space 1536K, 0% used [0x00000000eb680000,0x00000000eb680000,0x00000000eb800000)
 ParOldGen       total 30208K, used 0K [0x00000000c0000000, 0x00000000c1d80000, 0x00000000eab00000)
  object space 30208K, 0% used [0x00000000c0000000,0x00000000c0000000,0x00000000c1d80000)
 Metaspace       used 5421K, capacity 6448K, committed 6528K, reserved 1056768K
  class space    used 593K, capacity 616K, committed 640K, reserved 1048576K
Event: 2.733 GC heap after
Heap after GC invocations=1 (full 0):
 PSYoungGen      total 13312K, used 1514K [0x00000000eab00000, 0x00000000ec500000, 0x0000000100000000)
  eden space 11776K, 0% used [0x00000000eab00000,0x00000000eab00000,0x00000000eb680000)
  from space 1536K, 98% used [0x00000000eb680000,0x00000000eb7faa90,0x00000000eb800000)
  to   space 1536K, 0% used [0x00000000ec380000,0x00000000ec380000,0x00000000ec500000)
 ParOldGen       total 30208K, used 1778K [0x00000000c0000000, 0x00000000c1d80000, 0x00000000eab00000)
  object space 30208K, 5% used [0x00000000c0000000,0x00000000c01bca98,0x00000000c1d80000)
 Metaspace       used 5421K, capacity 6448K, committed 6528K, reserved 1056768K
  class space    used 593K, capacity 616K, committed 640K, reserved 1048576K
}
Event: 3.036 GC heap before
{Heap before GC invocations=2 (full 0):
 PSYoungGen      total 13312K, used 13290K [0x00000000eab00000, 0x00000000ec500000, 0x0000000100000000)
  eden space 11776K, 100% used [0x00000000eab00000,0x00000000eb680000,0x00000000eb680000)
  from space 1536K, 98% used [0x00000000eb680000,0x00000000eb7faa90,0x00000000eb800000)
  to   space 1536K, 0% used [0x00000000ec380000,0x00000000ec380000,0x00000000ec500000)
 ParOldGen       total 30208K, used 1778K [0x00000000c0000000, 0x00000000c1d80000, 0x00000000eab00000)
  object space 30208K, 5% used [0x00000000c0000000,0x00000000c01bca98,0x00000000c1d80000)
 Metaspace       used 5802K, capacity 6706K, committed 6784K, reserved 1056768K
  class space    used 597K, capacity 618K, committed 640K, reserved 1048576K
Event: 3.312 GC heap after
Heap after GC invocations=2 (full 0):
 PSYoungGen      total 25088K, used 1504K [0x00000000eab00000, 0x00000000ec500000, 0x0000000100000000)
  eden space 23552K, 0% used [0x00000000eab00000,0x00000000eab00000,0x00000000ec200000)
  from space 1536K, 97% used [0x00000000ec380000,0x00000000ec4f8020,0x00000000ec500000)
  to   space 1536K, 0% used [0x00000000ec200000,0x00000000ec200000,0x00000000ec380000)
 ParOldGen       total 30208K, used 4008K [0x00000000c0000000, 0x00000000c1d80000, 0x00000000eab00000)
  object space 30208K, 13% used [0x00000000c0000000,0x00000000c03ea2e0,0x00000000c1d80000)
 Metaspace       used 5802K, capacity 6706K, committed 6784K, reserved 1056768K
  class space    used 597K, capacity 618K, committed 640K, reserved 1048576K
}
Event: 3.773 GC heap before
{Heap before GC invocations=3 (full 0):
 PSYoungGen      total 25088K, used 25056K [0x00000000eab00000, 0x00000000ec500000, 0x0000000100000000)
  eden space 23552K, 100% used [0x00000000eab00000,0x00000000ec200000,0x00000000ec200000)
  from space 1536K, 97% used [0x00000000ec380000,0x00000000ec4f8020,0x00000000ec500000)
  to   space 1536K, 0% used [0x00000000ec200000,0x00000000ec200000,0x00000000ec380000)
 ParOldGen       total 30208K, used 4008K [0x00000000c0000000, 0x00000000c1d80000, 0x00000000eab00000)
  object space 30208K, 13% used [0x00000000c0000000,0x00000000c03ea2e0,0x00000000c1d80000)
 Metaspace       used 6061K, capacity 6936K, committed 7168K, reserved 1056768K
  class space    used 617K, capacity 656K, committed 768K, reserved 1048576K
Event: 3.958 GC heap after
Heap after GC invocations=3 (full 0):
 PSYoungGen      total 25088K, used 1520K [0x00000000eab00000, 0x00000000edc00000, 0x0000000100000000)
  eden space 23552K, 0% used [0x00000000eab00000,0x00000000eab00000,0x00000000ec200000)
  from space 1536K, 98% used [0x00000000ec200000,0x00000000ec37c010,0x00000000ec380000)
  to   space 1536K, 0% used [0x00000000eda80000,0x00000000eda80000,0x00000000edc00000)
 ParOldGen       total 30208K, used 8391K [0x00000000c0000000, 0x00000000c1d80000, 0x00000000eab00000)
  object space 30208K, 27% used [0x00000000c0000000,0x00000000c0831d08,0x00000000c1d80000)
 Metaspace       used 6061K, capacity 6936K, committed 7168K, reserved 1056768K
  class space    used 617K, capacity 656K, committed 768K, reserved 1048576K
}

Deoptimization events (10 events):
Event: 3.024 Thread 0x000000005878f000 Uncommon trap: reason=unstable_if action=reinterpret pc=0x0000000002d044c4 method=com.android.dx.rop.cst.Constant.compareTo(Lcom/android/dx/rop/cst/Constant;)I @ 12
Event: 3.024 Thread 0x000000005878f000 Uncommon trap: reason=bimorphic action=maybe_recompile pc=0x0000000002cdca88 method=java.util.HashMap.getNode(ILjava/lang/Object;)Ljava/util/HashMap$Node; @ 126
Event: 3.024 Thread 0x000000005878f000 Uncommon trap: reason=bimorphic action=maybe_recompile pc=0x0000000002cdca88 method=java.util.HashMap.getNode(ILjava/lang/Object;)Ljava/util/HashMap$Node; @ 126
Event: 3.356 Thread 0x0000000056c7a800 Uncommon trap: reason=null_check action=make_not_entrant pc=0x0000000002d77ab8 method=com.android.dx.ssa.SsaRenamer.getLocalForNewReg(I)Lcom/android/dx/rop/code/LocalItem; @ 19
Event: 3.360 Thread 0x000000000019f000 Uncommon trap: reason=bimorphic action=maybe_recompile pc=0x0000000002cdca88 method=java.util.HashMap.getNode(ILjava/lang/Object;)Ljava/util/HashMap$Node; @ 126
Event: 3.387 Thread 0x000000005878e000 Uncommon trap: reason=unstable_if action=reinterpret pc=0x0000000002d00200 method=com.android.dx.rop.code.RegisterSpec.equals(ILcom/android/dx/rop/type/TypeBearer;Lcom/android/dx/rop/code/LocalItem;)Z @ 42
Event: 3.432 Thread 0x000000000019f000 Uncommon trap: reason=bimorphic action=maybe_recompile pc=0x0000000002cdca88 method=java.util.HashMap.getNode(ILjava/lang/Object;)Ljava/util/HashMap$Node; @ 126
Event: 3.470 Thread 0x000000005878e000 Uncommon trap: reason=bimorphic action=maybe_recompile pc=0x0000000002cfabdc method=java.util.HashMap.getNode(ILjava/lang/Object;)Ljava/util/HashMap$Node; @ 126
Event: 3.480 Thread 0x0000000056c7a800 Uncommon trap: reason=unstable_if action=reinterpret pc=0x0000000002d659f8 method=java.util.HashMap.putVal(ILjava/lang/Object;Ljava/lang/Object;ZZ)Ljava/lang/Object; @ 162
Event: 4.209 Thread 0x0000000056c7a800 Uncommon trap: reason=unstable_if action=reinterpret pc=0x0000000002f36720 method=java.util.HashMap.putVal(ILjava/lang/Object;Ljava/lang/Object;ZZ)Ljava/lang/Object; @ 109

Internal exceptions (6 events):
Event: 1.195 Thread 0x000000000019f000 Exception <a 'java/lang/NoSuchMethodError': Method sun.misc.Unsafe.defineClass(Ljava/lang/String;[BII)Ljava/lang/Class; name or signature does not match> (0x00000000eab07cc0) thrown at [C:\re\workspace\8-2-build-windows-amd64-cygwin\jdk8u101\7261\hotspot\s]1–¨OÛ?
Event: 1.195 Thread 0x000000000019f000 Exception <a 'java/lang/NoSuchMethodError': Method sun.misc.Unsafe.prefetchRead(Ljava/lang/Object;J)V name or signature does not match> (0x00000000eab07fa8) thrown at [C:\re\workspace\8-2-build-windows-amd64-cygwin\jdk8u101\7261\hotspot\src\share\vm\prims\bœ≠Aÿ
@
Event: 3.356 Thread 0x0000000056c7a800 Implicit null exception at 0x0000000002d7621e to 0x0000000002d77a71
Event: 3.482 Thread 0x0000000056c7a800 Exception <a 'java/lang/ArrayIndexOutOfBoundsException': 18> (0x00000000eae16850) thrown at [C:\re\workspace\8-2-build-windows-amd64-cygwin\jdk8u101\7261\hotspot\src\share\vm\interpreter\interpreterRuntime.cpp, line 366]
Event: 3.483 Thread 0x0000000056c7a800 Exception <a 'java/lang/ArrayIndexOutOfBoundsException': 145> (0x00000000eae183d0) thrown at [C:\re\workspace\8-2-build-windows-amd64-cygwin\jdk8u101\7261\hotspot\src\share\vm\interpreter\interpreterRuntime.cpp, line 366]
Event: 3.484 Thread 0x0000000056c7a800 Exception <a 'java/lang/ArrayIndexOutOfBoundsException': 40> (0x00000000eae196b8) thrown at [C:\re\workspace\8-2-build-windows-amd64-cygwin\jdk8u101\7261\hotspot\src\share\vm\interpreter\interpreterRuntime.cpp, line 366]

Events (10 events):
Event: 4.143 Thread 0x000000005878f000 DEOPT UNPACKING pc=0x0000000002b1787f sp=0x000000005939e5c0 mode 0
Event: 4.151 Thread 0x0000000056c7a800 DEOPT PACKING pc=0x0000000002dc1668 sp=0x00000000594ded40
Event: 4.151 Thread 0x0000000056c7a800 DEOPT UNPACKING pc=0x0000000002b1787f sp=0x00000000594deb20 mode 0
Event: 4.153 Thread 0x000000000019f000 DEOPT PACKING pc=0x0000000002dcdf6d sp=0x00000000027fde40
Event: 4.153 Thread 0x000000000019f000 DEOPT UNPACKING pc=0x0000000002b1787f sp=0x00000000027fdba8 mode 0
Event: 4.209 Thread 0x0000000056c7a800 Uncommon trap: trap_request=0xffffff65 fr.pc=0x0000000002f36720
Event: 4.209 Thread 0x0000000056c7a800 DEOPT PACKING pc=0x0000000002f36720 sp=0x00000000594dedc0
Event: 4.209 Thread 0x0000000056c7a800 DEOPT UNPACKING pc=0x0000000002b1582a sp=0x00000000594dec68 mode 2
Event: 4.246 Thread 0x0000000056c7a800 DEOPT PACKING pc=0x0000000002dc3d7d sp=0x00000000594dee70
Event: 4.246 Thread 0x0000000056c7a800 DEOPT UNPACKING pc=0x0000000002b1787f sp=0x00000000594debe0 mode 0


Dynamic libraries:
0x000000013f0c0000 - 0x000000013f0f7000 	C:\JAVAJDK18\jdk1.8.0_101\bin\java.exe
0x00000000770a0000 - 0x000000007724a000 	C:\Windows\SYSTEM32\ntdll.dll
0x0000000076f80000 - 0x000000007709f000 	C:\Windows\system32\kernel32.dll
0x000007fefd120000 - 0x000007fefd18a000 	C:\Windows\system32\KERNELBASE.dll
0x000007feff090000 - 0x000007feff16b000 	C:\Windows\system32\ADVAPI32.dll
0x000007feff1b0000 - 0x000007feff24f000 	C:\Windows\system32\msvcrt.dll
0x000007fefeda0000 - 0x000007fefedbf000 	C:\Windows\SYSTEM32\sechost.dll
0x000007fefe840000 - 0x000007fefe96d000 	C:\Windows\system32\RPCRT4.dll
0x0000000076e80000 - 0x0000000076f7a000 	C:\Windows\system32\USER32.dll
0x000007fefee40000 - 0x000007fefeea7000 	C:\Windows\system32\GDI32.dll
0x000007feff170000 - 0x000007feff17e000 	C:\Windows\system32\LPK.dll
0x000007fefdf30000 - 0x000007fefdffa000 	C:\Windows\system32\USP10.dll
0x000007fefb690000 - 0x000007fefb884000 	C:\Windows\WinSxS\amd64_microsoft.windows.common-controls_6595b64144ccf1df_6.0.7601.18837_none_fa3b1e3d17594757\COMCTL32.dll
0x000007feff250000 - 0x000007feff2c1000 	C:\Windows\system32\SHLWAPI.dll
0x000007feff180000 - 0x000007feff1ae000 	C:\Windows\system32\IMM32.DLL
0x000007fefe9c0000 - 0x000007fefeac9000 	C:\Windows\system32\MSCTF.dll
0x000007fefcd10000 - 0x000007fefcd4f000 	C:\Windows\system32\nvinitx.dll
0x00000000665c0000 - 0x0000000066692000 	C:\JAVAJDK18\jdk1.8.0_101\jre\bin\msvcr100.dll
0x000000005d580000 - 0x000000005de1a000 	C:\JAVAJDK18\jdk1.8.0_101\jre\bin\server\jvm.dll
0x000007fef8a10000 - 0x000007fef8a19000 	C:\Windows\system32\WSOCK32.dll
0x000007fefe970000 - 0x000007fefe9bd000 	C:\Windows\system32\WS2_32.dll
0x000007fefe7b0000 - 0x000007fefe7b8000 	C:\Windows\system32\NSI.dll
0x000007fefab90000 - 0x000007fefabcb000 	C:\Windows\system32\WINMM.dll
0x000007fefc620000 - 0x000007fefc62c000 	C:\Windows\system32\VERSION.dll
0x0000000077260000 - 0x0000000077267000 	C:\Windows\system32\PSAPI.DLL
0x000000006b8f0000 - 0x000000006b8ff000 	C:\JAVAJDK18\jdk1.8.0_101\jre\bin\verify.dll
0x000000006b880000 - 0x000000006b8a9000 	C:\JAVAJDK18\jdk1.8.0_101\jre\bin\java.dll
0x000000006b860000 - 0x000000006b876000 	C:\JAVAJDK18\jdk1.8.0_101\jre\bin\zip.dll
0x000007fefd1a0000 - 0x000007fefdf2c000 	C:\Windows\system32\SHELL32.dll
0x000007fefe0a0000 - 0x000007fefe2a3000 	C:\Windows\system32\ole32.dll
0x000007fefcde0000 - 0x000007fefcdef000 	C:\Windows\system32\profapi.dll

VM Arguments:
jvm_args: -Djava.awt.headless=true -Xmx1024M -Dfile.encoding=windows-1252 -Duser.country=SE -Duser.language=sv -Duser.variant 
java_command: com.android.dx.command.Main --dex --force-jumbo --num-threads=4 --multi-dex --output C:\Users\PontusArfwedson\AndroidStudioProjects\YelpMe\app\build\intermediates\transforms\dex\debug\folders\1000\10\okhttp-3.3.1_7fd70912cb38957afe86ca268d590a332c424a84 C:\Users\PontusArfwedson\.gradle\caches\modules-2\files-2.1\com.squareup.okhttp3\okhttp\3.3.1\19047bdb6a4fc00a44124f64ca98e88fc204e7e3\okhttp-3.3.1.jar
java_class_path (initial): C:\androidsdkold\sdk\build-tools\24.0.3\lib\dx.jar
Launcher Type: SUN_STANDARD

Environment Variables:
JAVA_HOME=C:\Program Files\Java\jdk1.8.0_101
CLASSPATH=C:\Program Files (x86)\QuickTime\QTSystem\QTJava.zip
PATH=C:\ProgramData\Oracle\Java\javapath;C:\Program Files (x86)\NVIDIA Corporation\PhysX\Common;C:\Program Files\Common Files\Microsoft Shared\Windows Live;C:\Program Files (x86)\Common Files\Microsoft Shared\Windows Live;C:\Windows\system32;C:\Windows;C:\Windows\System32\Wbem;C:\Windows\System32\WindowsPowerShell\v1.0\;C:\Program Files (x86)\Windows Live\Shared;C:\Program Files\Intel\WiFi\bin\;C:\Program Files\Common Files\Intel\WirelessCommon\;C:\Program Files\MATLAB\R2012b\runtime\win64;C:\Program Files\MATLAB\R2012b\bin;D:\PROGRAM\MATLAB\R2013b\bin;C:\Program Files (x86)\QuickTime\QTSystem\;C:\Program Files\MATLABMATLAB\bin;C:\Program Files (x86)\Skype\Phone\;C:\Program Files (x86)\MySQL\MySQL Fabric 1.5 ^& MySQL Utilities 1.5\;C:\Program Files (x86)\MySQL\MySQL Fabric 1.5 ^& MySQL Utilities 1.5\Doctrine extensions for PHP\;C:\cygwin64\bin;C:\cygwin64\usr\bin;C:\Program Files\Git\cmd;C:\Program Files (x86)\Heroku\bin;C:\Program Files (x86)\git\cmd;C:\Program Files (x86)\Git\cmd;C:\Python27;C:\Program Files\nodejs\;C:\ant\apache-ant-1.9.7\bin;C:\Program Files (x86)\Yarn\bin;ANDROID_HOME;C:\androidsdkold\sdk\platform-tools;C:\Ruby22\bin;C:\Program Files\adt-bundle-windows-x86_64-20130219\sdk\tools\ant\bin;C:\Program Files\Java\jdk1.8.0_101;C:\Python27;C:\Users\PontusArfwedson\AppData\Roaming\npm;C:\ant\apache-ant-1.9.7\bin;C:\Users\PontusArfwedson\AppData\Local\Yarn\.bin;ANDROID_HOME;C:\androidsdkold\sdk\platform-tools
USERNAME=PontusArfwedson
OS=Windows_NT
PROCESSOR_IDENTIFIER=Intel64 Family 6 Model 42 Stepping 7, GenuineIntel



---------------  S Y S T E M  ---------------

OS: Windows 7 , 64 bit Build 7601 (6.1.7601.23418)

CPU:total 8 (4 cores per cpu, 2 threads per core) family 6 model 42 stepping 7, cmov, cx8, fxsr, mmx, sse, sse2, sse3, ssse3, sse4.1, sse4.2, popcnt, avx, aes, clmul, ht, tsc, tscinvbit

Memory: 4k page, physical 2794184k(149036k free), swap 4274792k(5360k free)

vm_info: Java HotSpot(TM) 64-Bit Server VM (25.101-b13) for windows-amd64 JRE (1.8.0_101-b13), built on Jun 22 2016 01:21:29 by "java_re" with MS VC++ 10.0 (VS2010)

time: Thu Dec 01 21:56:13 2016
elapsed time: 4 seconds (0d 0h 0m 4s)

