#
# There is insufficient memory for the Java Runtime Environment to continue.
# Native memory allocation (malloc) failed to allocate 424160 bytes for Chunk::new
# Possible reasons:
#   The system is out of physical RAM or swap space
#   In 32 bit mode, the process size limit was hit
# Possible solutions:
#   Reduce memory load on the system
#   Increase physical memory or swap space
#   Check if swap backing store is full
#   Use 64 bit Java on a 64 bit OS
#   Decrease Java heap size (-Xmx/-Xms)
#   Decrease number of Java threads
#   Decrease Java thread stack sizes (-Xss)
#   Set larger code cache with -XX:ReservedCodeCacheSize=
# This output file may be truncated or incomplete.
#
#  Out of Memory Error (allocation.cpp:390), pid=7892, tid=0x0000000000001f5c
#
# JRE version: Java(TM) SE Runtime Environment (8.0_101-b13) (build 1.8.0_101-b13)
# Java VM: Java HotSpot(TM) 64-Bit Server VM (25.101-b13 mixed mode windows-amd64 compressed oops)
# Failed to write core dump. Minidumps are not enabled by default on client versions of Windows
#

---------------  T H R E A D  ---------------

Current thread (0x00000000568a8000):  JavaThread "C2 CompilerThread1" daemon [_thread_in_native, id=8028, stack(0x0000000058180000,0x0000000058280000)]

Stack: [0x0000000058180000,0x0000000058280000]
[error occurred during error reporting (printing stack bounds), id 0xc0000005]

Native frames: (J=compiled Java code, j=interpreted, Vv=VM code, C=native code)


Current CompileTask:
C2:  20487 2109 %     4       com.android.dx.ssa.ConstCollector::updateConstUses @ 20 (248 bytes)


---------------  P R O C E S S  ---------------

Java Threads: ( => current thread )
  0x0000000056b50000 JavaThread "pool-1-thread-1" [_thread_in_Java, id=7628, stack(0x0000000059220000,0x0000000059320000)]
  0x000000005693f800 JavaThread "Service Thread" daemon [_thread_blocked, id=7448, stack(0x0000000058680000,0x0000000058780000)]
  0x00000000568af000 JavaThread "C1 CompilerThread3" daemon [_thread_in_vm, id=6616, stack(0x00000000584b0000,0x00000000585b0000)]
  0x00000000568ad000 JavaThread "C2 CompilerThread2" daemon [_thread_in_native, id=5244, stack(0x0000000058340000,0x0000000058440000)]
=>0x00000000568a8000 JavaThread "C2 CompilerThread1" daemon [_thread_in_native, id=8028, stack(0x0000000058180000,0x0000000058280000)]
  0x000000005688f000 JavaThread "C2 CompilerThread0" daemon [_thread_in_native, id=5808, stack(0x0000000057f60000,0x0000000058060000)]
  0x000000005688a000 JavaThread "Attach Listener" daemon [_thread_blocked, id=3844, stack(0x0000000057d50000,0x0000000057e50000)]
  0x0000000056888800 JavaThread "Signal Dispatcher" daemon [_thread_blocked, id=7416, stack(0x0000000057bf0000,0x0000000057cf0000)]
  0x00000000558f0800 JavaThread "Finalizer" daemon [_thread_blocked, id=4440, stack(0x00000000577b0000,0x00000000578b0000)]
  0x0000000056843800 JavaThread "Reference Handler" daemon [_thread_blocked, id=3192, stack(0x0000000057aa0000,0x0000000057ba0000)]
  0x000000000246f000 JavaThread "main" [_thread_blocked, id=6236, stack(0x0000000002530000,0x0000000002630000)]

Other Threads:
  0x0000000056841800 VMThread [stack: 0x0000000057950000,0x0000000057a50000] [id=2900]
  0x000000005695d800 WatcherThread [stack: 0x00000000587c0000,0x00000000588c0000] [id=8112]

VM state:not at safepoint (normal execution)

VM Mutex/Monitor currently owned by a thread: None

Heap:
 PSYoungGen      total 100352K, used 62724K [0x00000000eab00000, 0x00000000f1b00000, 0x0000000100000000)
  eden space 92160K, 59% used [0x00000000eab00000,0x00000000ee047610,0x00000000f0500000)
  from space 8192K, 99% used [0x00000000f0f00000,0x00000000f16f9da8,0x00000000f1700000)
  to   space 10240K, 0% used [0x00000000f0500000,0x00000000f0500000,0x00000000f0f00000)
 ParOldGen       total 30208K, used 17458K [0x00000000c0000000, 0x00000000c1d80000, 0x00000000eab00000)
  object space 30208K, 57% used [0x00000000c0000000,0x00000000c110c960,0x00000000c1d80000)
 Metaspace       used 6386K, capacity 7192K, committed 7424K, reserved 1056768K
  class space    used 623K, capacity 656K, committed 768K, reserved 1048576K

Card table byte_map: [0x0000000011cc0000,0x0000000011ed0000] byte_map_base: 0x00000000116c0000

Marking Bits: (ParMarkBitMap*) 0x000000005dd9a6d0
 Begin Bits: [0x0000000012d00000, 0x0000000013d00000)
 End Bits:   [0x0000000013d00000, 0x0000000014d00000)

Polling page: 0x0000000000340000

CodeCache: size=245760Kb used=7951Kb max_used=7951Kb free=237808Kb
 bounds [0x0000000002900000, 0x00000000030d0000, 0x0000000011900000]
 total_blobs=2108 nmethods=1839 adapters=182
 compilation: enabled

Compilation events (10 events):
Event: 20.112 Thread 0x00000000568af000 2129       2       sun.misc.Unsafe::getAndAddInt (27 bytes)
Event: 20.112 Thread 0x00000000568af000 nmethod 2129 0x00000000030a3510 code [0x00000000030a3660, 0x00000000030a3810]
Event: 20.112 Thread 0x00000000568af000 2131       2       java.lang.Boolean::valueOf (14 bytes)
Event: 20.113 Thread 0x00000000568af000 nmethod 2131 0x00000000030a3210 code [0x00000000030a3360, 0x00000000030a34b0]
Event: 20.113 Thread 0x00000000568af000 2132   !   2       java.util.concurrent.FutureTask::run (126 bytes)
Event: 20.115 Thread 0x00000000568af000 nmethod 2132 0x00000000030a2990 code [0x00000000030a2b40, 0x00000000030a2f68]
Event: 20.138 Thread 0x00000000568af000 2133       2       java.util.concurrent.FutureTask::get (23 bytes)
Event: 20.139 Thread 0x00000000568af000 nmethod 2133 0x00000000030a2590 code [0x00000000030a2700, 0x00000000030a28b8]
Event: 20.139 Thread 0x00000000568af000 2134       2       java.util.concurrent.FutureTask::report (37 bytes)
Event: 20.140 Thread 0x00000000568af000 nmethod 2134 0x00000000030a1fd0 code [0x00000000030a2160, 0x00000000030a2418]

GC Heap History (10 events):
Event: 5.361 GC heap before
{Heap before GC invocations=2 (full 0):
 PSYoungGen      total 13312K, used 13287K [0x00000000eab00000, 0x00000000ec500000, 0x0000000100000000)
  eden space 11776K, 100% used [0x00000000eab00000,0x00000000eb680000,0x00000000eb680000)
  from space 1536K, 98% used [0x00000000eb680000,0x00000000eb7f9c50,0x00000000eb800000)
  to   space 1536K, 0% used [0x00000000ec380000,0x00000000ec380000,0x00000000ec500000)
 ParOldGen       total 30208K, used 1933K [0x00000000c0000000, 0x00000000c1d80000, 0x00000000eab00000)
  object space 30208K, 6% used [0x00000000c0000000,0x00000000c01e35a8,0x00000000c1d80000)
 Metaspace       used 5840K, capacity 6768K, committed 7040K, reserved 1056768K
  class space    used 595K, capacity 616K, committed 640K, reserved 1048576K
Event: 5.996 GC heap after
Heap after GC invocations=2 (full 0):
 PSYoungGen      total 25088K, used 1511K [0x00000000eab00000, 0x00000000ec500000, 0x0000000100000000)
  eden space 23552K, 0% used [0x00000000eab00000,0x00000000eab00000,0x00000000ec200000)
  from space 1536K, 98% used [0x00000000ec380000,0x00000000ec4f9c70,0x00000000ec500000)
  to   space 1536K, 0% used [0x00000000ec200000,0x00000000ec200000,0x00000000ec380000)
 ParOldGen       total 30208K, used 3438K [0x00000000c0000000, 0x00000000c1d80000, 0x00000000eab00000)
  object space 30208K, 11% used [0x00000000c0000000,0x00000000c035b870,0x00000000c1d80000)
 Metaspace       used 5840K, capacity 6768K, committed 7040K, reserved 1056768K
  class space    used 595K, capacity 616K, committed 640K, reserved 1048576K
}
Event: 7.772 GC heap before
{Heap before GC invocations=3 (full 0):
 PSYoungGen      total 25088K, used 25063K [0x00000000eab00000, 0x00000000ec500000, 0x0000000100000000)
  eden space 23552K, 100% used [0x00000000eab00000,0x00000000ec200000,0x00000000ec200000)
  from space 1536K, 98% used [0x00000000ec380000,0x00000000ec4f9c70,0x00000000ec500000)
  to   space 1536K, 0% used [0x00000000ec200000,0x00000000ec200000,0x00000000ec380000)
 ParOldGen       total 30208K, used 3438K [0x00000000c0000000, 0x00000000c1d80000, 0x00000000eab00000)
  object space 30208K, 11% used [0x00000000c0000000,0x00000000c035b870,0x00000000c1d80000)
 Metaspace       used 6036K, capacity 6960K, committed 7040K, reserved 1056768K
  class space    used 596K, capacity 616K, committed 640K, reserved 1048576K
Event: 7.953 GC heap after
Heap after GC invocations=3 (full 0):
 PSYoungGen      total 25088K, used 1520K [0x00000000eab00000, 0x00000000edc00000, 0x0000000100000000)
  eden space 23552K, 0% used [0x00000000eab00000,0x00000000eab00000,0x00000000ec200000)
  from space 1536K, 98% used [0x00000000ec200000,0x00000000ec37c020,0x00000000ec380000)
  to   space 1536K, 0% used [0x00000000eda80000,0x00000000eda80000,0x00000000edc00000)
 ParOldGen       total 30208K, used 6588K [0x00000000c0000000, 0x00000000c1d80000, 0x00000000eab00000)
  object space 30208K, 21% used [0x00000000c0000000,0x00000000c066f2d8,0x00000000c1d80000)
 Metaspace       used 6036K, capacity 6960K, committed 7040K, reserved 1056768K
  class space    used 596K, capacity 616K, committed 640K, reserved 1048576K
}
Event: 9.071 GC heap before
{Heap before GC invocations=4 (full 0):
 PSYoungGen      total 25088K, used 25072K [0x00000000eab00000, 0x00000000edc00000, 0x0000000100000000)
  eden space 23552K, 100% used [0x00000000eab00000,0x00000000ec200000,0x00000000ec200000)
  from space 1536K, 98% used [0x00000000ec200000,0x00000000ec37c020,0x00000000ec380000)
  to   space 1536K, 0% used [0x00000000eda80000,0x00000000eda80000,0x00000000edc00000)
 ParOldGen       total 30208K, used 6588K [0x00000000c0000000, 0x00000000c1d80000, 0x00000000eab00000)
  object space 30208K, 21% used [0x00000000c0000000,0x00000000c066f2d8,0x00000000c1d80000)
 Metaspace       used 6204K, capacity 7064K, committed 7424K, reserved 1056768K
  class space    used 617K, capacity 656K, committed 768K, reserved 1048576K
Event: 10.943 GC heap after
Heap after GC invocations=4 (full 0):
 PSYoungGen      total 48640K, used 1504K [0x00000000eab00000, 0x00000000edc00000, 0x0000000100000000)
  eden space 47104K, 0% used [0x00000000eab00000,0x00000000eab00000,0x00000000ed900000)
  from space 1536K, 97% used [0x00000000eda80000,0x00000000edbf8010,0x00000000edc00000)
  to   space 1536K, 0% used [0x00000000ed900000,0x00000000ed900000,0x00000000eda80000)
 ParOldGen       total 30208K, used 10386K [0x00000000c0000000, 0x00000000c1d80000, 0x00000000eab00000)
  object space 30208K, 34% used [0x00000000c0000000,0x00000000c0a24a48,0x00000000c1d80000)
 Metaspace       used 6204K, capacity 7064K, committed 7424K, reserved 1056768K
  class space    used 617K, capacity 656K, committed 768K, reserved 1048576K
}
Event: 13.358 GC heap before
{Heap before GC invocations=5 (full 0):
 PSYoungGen      total 48640K, used 48608K [0x00000000eab00000, 0x00000000edc00000, 0x0000000100000000)
  eden space 47104K, 100% used [0x00000000eab00000,0x00000000ed900000,0x00000000ed900000)
  from space 1536K, 97% used [0x00000000eda80000,0x00000000edbf8010,0x00000000edc00000)
  to   space 1536K, 0% used [0x00000000ed900000,0x00000000ed900000,0x00000000eda80000)
 ParOldGen       total 30208K, used 10386K [0x00000000c0000000, 0x00000000c1d80000, 0x00000000eab00000)
  object space 30208K, 34% used [0x00000000c0000000,0x00000000c0a24a80,0x00000000c1d80000)
 Metaspace       used 6284K, capacity 7128K, committed 7424K, reserved 1056768K
  class space    used 617K, capacity 656K, committed 768K, reserved 1048576K
Event: 13.447 GC heap after
Heap after GC invocations=5 (full 0):
 PSYoungGen      total 48640K, used 1506K [0x00000000eab00000, 0x00000000f1700000, 0x0000000100000000)
  eden space 47104K, 0% used [0x00000000eab00000,0x00000000eab00000,0x00000000ed900000)
  from space 1536K, 98% used [0x00000000ed900000,0x00000000eda78990,0x00000000eda80000)
  to   space 8192K, 0% used [0x00000000f0f00000,0x00000000f0f00000,0x00000000f1700000)
 ParOldGen       total 30208K, used 16891K [0x00000000c0000000, 0x00000000c1d80000, 0x00000000eab00000)
  object space 30208K, 55% used [0x00000000c0000000,0x00000000c107ef90,0x00000000c1d80000)
 Metaspace       used 6284K, capacity 7128K, committed 7424K, reserved 1056768K
  class space    used 617K, capacity 656K, committed 768K, reserved 1048576K
}
Event: 18.100 GC heap before
{Heap before GC invocations=6 (full 0):
 PSYoungGen      total 48640K, used 48610K [0x00000000eab00000, 0x00000000f1700000, 0x0000000100000000)
  eden space 47104K, 100% used [0x00000000eab00000,0x00000000ed900000,0x00000000ed900000)
  from space 1536K, 98% used [0x00000000ed900000,0x00000000eda78990,0x00000000eda80000)
  to   space 8192K, 0% used [0x00000000f0f00000,0x00000000f0f00000,0x00000000f1700000)
 ParOldGen       total 30208K, used 16893K [0x00000000c0000000, 0x00000000c1d80000, 0x00000000eab00000)
  object space 30208K, 55% used [0x00000000c0000000,0x00000000c107f6c8,0x00000000c1d80000)
 Metaspace       used 6318K, capacity 7128K, committed 7424K, reserved 1056768K
  class space    used 617K, capacity 656K, committed 768K, reserved 1048576K
Event: 18.625 GC heap after
Heap after GC invocations=6 (full 0):
 PSYoungGen      total 100352K, used 8167K [0x00000000eab00000, 0x00000000f1b00000, 0x0000000100000000)
  eden space 92160K, 0% used [0x00000000eab00000,0x00000000eab00000,0x00000000f0500000)
  from space 8192K, 99% used [0x00000000f0f00000,0x00000000f16f9da8,0x00000000f1700000)
  to   space 10240K, 0% used [0x00000000f0500000,0x00000000f0500000,0x00000000f0f00000)
 ParOldGen       total 30208K, used 17458K [0x00000000c0000000, 0x00000000c1d80000, 0x00000000eab00000)
  object space 30208K, 57% used [0x00000000c0000000,0x00000000c110c960,0x00000000c1d80000)
 Metaspace       used 6318K, capacity 7128K, committed 7424K, reserved 1056768K
  class space    used 617K, capacity 656K, committed 768K, reserved 1048576K
}

Deoptimization events (10 events):
Event: 8.924 Thread 0x0000000056bdf800 Uncommon trap: reason=bimorphic action=maybe_recompile pc=0x0000000002e4aa9c method=com.android.dx.cf.code.BytecodeArray.parseInstruction(ILcom/android/dx/cf/code/BytecodeArray$Visitor;)I @ 923
Event: 8.924 Thread 0x0000000056bdf800 Uncommon trap: reason=bimorphic action=maybe_recompile pc=0x0000000002e4adf4 method=com.android.dx.cf.code.BytecodeArray.parseInstruction(ILcom/android/dx/cf/code/BytecodeArray$Visitor;)I @ 1130
Event: 12.723 Thread 0x0000000056bdf800 Uncommon trap: reason=bimorphic action=maybe_recompile pc=0x0000000002f81d50 method=com.android.dx.cf.code.BytecodeArray.parseInstruction(ILcom/android/dx/cf/code/BytecodeArray$Visitor;)I @ 2484
Event: 12.724 Thread 0x0000000056bdf800 Uncommon trap: reason=bimorphic action=maybe_recompile pc=0x0000000002f81d50 method=com.android.dx.cf.code.BytecodeArray.parseInstruction(ILcom/android/dx/cf/code/BytecodeArray$Visitor;)I @ 2484
Event: 17.541 Thread 0x0000000056bdf800 Uncommon trap: reason=unstable_if action=reinterpret pc=0x000000000301e69c method=com.android.dx.rop.code.DexTranslationAdvice.hasConstantOperation(Lcom/android/dx/rop/code/Rop;Lcom/android/dx/rop/code/RegisterSpec;Lcom/android/dx/rop/code/RegisterSpec;)Z »D"/µê1@
Event: 17.565 Thread 0x0000000056bdf800 Uncommon trap: reason=bimorphic action=maybe_recompile pc=0x0000000002ff61c8 method=com.android.dx.cf.code.BytecodeArray.parseInstruction(ILcom/android/dx/cf/code/BytecodeArray$Visitor;)I @ 1161
Event: 17.565 Thread 0x0000000056bdf800 Uncommon trap: reason=bimorphic action=maybe_recompile pc=0x0000000002ff61c8 method=com.android.dx.cf.code.BytecodeArray.parseInstruction(ILcom/android/dx/cf/code/BytecodeArray$Visitor;)I @ 1161
Event: 18.078 Thread 0x0000000058948000 Uncommon trap: reason=class_check action=maybe_recompile pc=0x000000000300e454 method=com.android.dx.cf.code.BaseMachine.addResult(Lcom/android/dx/rop/type/TypeBearer;)V @ 23
Event: 18.078 Thread 0x0000000058948000 Uncommon trap: reason=class_check action=maybe_recompile pc=0x000000000300e454 method=com.android.dx.cf.code.BaseMachine.addResult(Lcom/android/dx/rop/type/TypeBearer;)V @ 23
Event: 18.649 Thread 0x0000000058948000 Uncommon trap: reason=unstable_if action=reinterpret pc=0x0000000002f41058 method=com.android.dx.ssa.SCCP.simulateBranch(Lcom/android/dx/ssa/SsaInsn;)V @ 548

Internal exceptions (6 events):
Event: 0.211 Thread 0x000000000246f000 Exception <a 'java/lang/NoSuchMethodError': Method sun.misc.Unsafe.defineClass(Ljava/lang/String;[BII)Ljava/lang/Class; name or signature does not match> (0x00000000eab07cc0) thrown at [C:\re\workspace\8-2-build-windows-amd64-cygwin\jdk8u101\7261\hotspot\sBrÚ†j˙ ?
Event: 0.211 Thread 0x000000000246f000 Exception <a 'java/lang/NoSuchMethodError': Method sun.misc.Unsafe.prefetchRead(Ljava/lang/Object;J)V name or signature does not match> (0x00000000eab07fa8) thrown at [C:\re\workspace\8-2-build-windows-amd64-cygwin\jdk8u101\7261\hotspot\src\share\vm\prims\ﬁè+LÎ|@
Event: 6.122 Thread 0x000000000246f000 Implicit null exception at 0x0000000002bef9de to 0x0000000002bf1211
Event: 8.598 Thread 0x0000000056bdf800 Exception <a 'java/lang/ArrayIndexOutOfBoundsException': 18> (0x00000000eb0c74f8) thrown at [C:\re\workspace\8-2-build-windows-amd64-cygwin\jdk8u101\7261\hotspot\src\share\vm\interpreter\interpreterRuntime.cpp, line 366]
Event: 8.599 Thread 0x0000000056bdf800 Exception <a 'java/lang/ArrayIndexOutOfBoundsException': 145> (0x00000000eb0c9078) thrown at [C:\re\workspace\8-2-build-windows-amd64-cygwin\jdk8u101\7261\hotspot\src\share\vm\interpreter\interpreterRuntime.cpp, line 366]
Event: 8.602 Thread 0x0000000056bdf800 Exception <a 'java/lang/ArrayIndexOutOfBoundsException'> (0x00000000eb0ca360) thrown at [C:\re\workspace\8-2-build-windows-amd64-cygwin\jdk8u101\7261\hotspot\src\share\vm\runtime\sharedRuntime.cpp, line 605]

Events (10 events):
Event: 19.442 loading class java/util/HashMap$KeyIterator done
Event: 19.459 Thread 0x0000000056b94800 DEOPT PACKING pc=0x0000000002f90e62 sp=0x000000005948edf0
Event: 19.459 Thread 0x0000000056b94800 DEOPT UNPACKING pc=0x000000000294787f sp=0x000000005948eb10 mode 0
Event: 19.522 Thread 0x0000000056b94800 Thread exited: 0x0000000056b94800
Event: 19.594 Thread 0x0000000056bdf800 Thread exited: 0x0000000056bdf800
Event: 19.678 Thread 0x0000000058948000 Thread exited: 0x0000000058948000
Event: 20.108 Thread 0x0000000058942800 Thread exited: 0x0000000058942800
Event: 20.135 Thread 0x0000000056b50000 Thread exited: 0x0000000056b50000
Event: 20.138 loading class com/android/dx/command/dexer/Main$DexWriter
Event: 20.138 loading class com/android/dx/command/dexer/Main$DexWriter done


Dynamic libraries:
0x000000013f0c0000 - 0x000000013f0f7000 	C:\JAVAJDK18\jdk1.8.0_101\bin\java.exe
0x00000000770a0000 - 0x000000007724a000 	C:\Windows\SYSTEM32\ntdll.dll
0x0000000076f80000 - 0x000000007709f000 	C:\Windows\system32\kernel32.dll
0x000007fefd120000 - 0x000007fefd18a000 	C:\Windows\system32\KERNELBASE.dll
0x000007feff090000 - 0x000007feff16b000 	C:\Windows\system32\ADVAPI32.dll
0x000007feff1b0000 - 0x000007feff24f000 	C:\Windows\system32\msvcrt.dll
0x000007fefeda0000 - 0x000007fefedbf000 	C:\Windows\SYSTEM32\sechost.dll
0x000007fefe840000 - 0x000007fefe96d000 	C:\Windows\system32\RPCRT4.dll
0x0000000076e80000 - 0x0000000076f7a000 	C:\Windows\system32\USER32.dll
0x000007fefee40000 - 0x000007fefeea7000 	C:\Windows\system32\GDI32.dll
0x000007feff170000 - 0x000007feff17e000 	C:\Windows\system32\LPK.dll
0x000007fefdf30000 - 0x000007fefdffa000 	C:\Windows\system32\USP10.dll
0x000007fefb690000 - 0x000007fefb884000 	C:\Windows\WinSxS\amd64_microsoft.windows.common-controls_6595b64144ccf1df_6.0.7601.18837_none_fa3b1e3d17594757\COMCTL32.dll
0x000007feff250000 - 0x000007feff2c1000 	C:\Windows\system32\SHLWAPI.dll
0x000007feff180000 - 0x000007feff1ae000 	C:\Windows\system32\IMM32.DLL
0x000007fefe9c0000 - 0x000007fefeac9000 	C:\Windows\system32\MSCTF.dll
0x000007fefcd10000 - 0x000007fefcd4f000 	C:\Windows\system32\nvinitx.dll
0x00000000665c0000 - 0x0000000066692000 	C:\JAVAJDK18\jdk1.8.0_101\jre\bin\msvcr100.dll
0x000000005d580000 - 0x000000005de1a000 	C:\JAVAJDK18\jdk1.8.0_101\jre\bin\server\jvm.dll
0x000007fef8a10000 - 0x000007fef8a19000 	C:\Windows\system32\WSOCK32.dll
0x000007fefe970000 - 0x000007fefe9bd000 	C:\Windows\system32\WS2_32.dll
0x000007fefe7b0000 - 0x000007fefe7b8000 	C:\Windows\system32\NSI.dll
0x000007fefab90000 - 0x000007fefabcb000 	C:\Windows\system32\WINMM.dll
0x000007fefc620000 - 0x000007fefc62c000 	C:\Windows\system32\VERSION.dll
0x0000000077260000 - 0x0000000077267000 	C:\Windows\system32\PSAPI.DLL
0x000000006b8f0000 - 0x000000006b8ff000 	C:\JAVAJDK18\jdk1.8.0_101\jre\bin\verify.dll
0x000000006b880000 - 0x000000006b8a9000 	C:\JAVAJDK18\jdk1.8.0_101\jre\bin\java.dll
0x000000006b860000 - 0x000000006b876000 	C:\JAVAJDK18\jdk1.8.0_101\jre\bin\zip.dll
0x000007fefd1a0000 - 0x000007fefdf2c000 	C:\Windows\system32\SHELL32.dll
0x000007fefe0a0000 - 0x000007fefe2a3000 	C:\Windows\system32\ole32.dll
0x000007fefcde0000 - 0x000007fefcdef000 	C:\Windows\system32\profapi.dll

VM Arguments:
jvm_args: -Djava.awt.headless=true -Xmx1024M -Dfile.encoding=windows-1252 -Duser.country=SE -Duser.language=sv -Duser.variant 
java_command: com.android.dx.command.Main --dex --force-jumbo --num-threads=4 --multi-dex --output C:\Users\PontusArfwedson\AndroidStudioProjects\YelpMe\app\build\intermediates\transforms\dex\debug\folders\1000\10\okhttp-3.3.1_7fd70912cb38957afe86ca268d590a332c424a84 C:\Users\PontusArfwedson\.gradle\caches\modules-2\files-2.1\com.squareup.okhttp3\okhttp\3.3.1\19047bdb6a4fc00a44124f64ca98e88fc204e7e3\okhttp-3.3.1.jar
java_class_path (initial): C:\androidsdkold\sdk\build-tools\24.0.3\lib\dx.jar
Launcher Type: SUN_STANDARD

Environment Variables:
JAVA_HOME=C:\Program Files\Java\jdk1.8.0_101
CLASSPATH=C:\Program Files (x86)\QuickTime\QTSystem\QTJava.zip
PATH=C:\ProgramData\Oracle\Java\javapath;C:\Program Files (x86)\NVIDIA Corporation\PhysX\Common;C:\Program Files\Common Files\Microsoft Shared\Windows Live;C:\Program Files (x86)\Common Files\Microsoft Shared\Windows Live;C:\Windows\system32;C:\Windows;C:\Windows\System32\Wbem;C:\Windows\System32\WindowsPowerShell\v1.0\;C:\Program Files (x86)\Windows Live\Shared;C:\Program Files\Intel\WiFi\bin\;C:\Program Files\Common Files\Intel\WirelessCommon\;C:\Program Files\MATLAB\R2012b\runtime\win64;C:\Program Files\MATLAB\R2012b\bin;D:\PROGRAM\MATLAB\R2013b\bin;C:\Program Files (x86)\QuickTime\QTSystem\;C:\Program Files\MATLABMATLAB\bin;C:\Program Files (x86)\Skype\Phone\;C:\Program Files (x86)\MySQL\MySQL Fabric 1.5 ^& MySQL Utilities 1.5\;C:\Program Files (x86)\MySQL\MySQL Fabric 1.5 ^& MySQL Utilities 1.5\Doctrine extensions for PHP\;C:\cygwin64\bin;C:\cygwin64\usr\bin;C:\Program Files\Git\cmd;C:\Program Files (x86)\Heroku\bin;C:\Program Files (x86)\git\cmd;C:\Program Files (x86)\Git\cmd;C:\Python27;C:\Program Files\nodejs\;C:\ant\apache-ant-1.9.7\bin;C:\Program Files (x86)\Yarn\bin;ANDROID_HOME;C:\androidsdkold\sdk\platform-tools;C:\Ruby22\bin;C:\Program Files\adt-bundle-windows-x86_64-20130219\sdk\tools\ant\bin;C:\Program Files\Java\jdk1.8.0_101;C:\Python27;C:\Users\PontusArfwedson\AppData\Roaming\npm;C:\ant\apache-ant-1.9.7\bin;C:\Users\PontusArfwedson\AppData\Local\Yarn\.bin;ANDROID_HOME;C:\androidsdkold\sdk\platform-tools
USERNAME=PontusArfwedson
OS=Windows_NT
PROCESSOR_IDENTIFIER=Intel64 Family 6 Model 42 Stepping 7, GenuineIntel



---------------  S Y S T E M  ---------------

OS: Windows 7 , 64 bit Build 7601 (6.1.7601.23418)

CPU:total 8 (4 cores per cpu, 2 threads per core) family 6 model 42 stepping 7, cmov, cx8, fxsr, mmx, sse, sse2, sse3, ssse3, sse4.1, sse4.2, popcnt, avx, aes, clmul, ht, tsc, tscinvbit

Memory: 4k page, physical 2794184k(229764k free), swap 4274792k(5480k free)

vm_info: Java HotSpot(TM) 64-Bit Server VM (25.101-b13) for windows-amd64 JRE (1.8.0_101-b13), built on Jun 22 2016 01:21:29 by "java_re" with MS VC++ 10.0 (VS2010)

time: Thu Dec 01 12:41:28 2016
elapsed time: 20 seconds (0d 0h 0m 20s)

