#
# There is insufficient memory for the Java Runtime Environment to continue.
# Native memory allocation (malloc) failed to allocate 454176 bytes for Chunk::new
# Possible reasons:
#   The system is out of physical RAM or swap space
#   In 32 bit mode, the process size limit was hit
# Possible solutions:
#   Reduce memory load on the system
#   Increase physical memory or swap space
#   Check if swap backing store is full
#   Use 64 bit Java on a 64 bit OS
#   Decrease Java heap size (-Xmx/-Xms)
#   Decrease number of Java threads
#   Decrease Java thread stack sizes (-Xss)
#   Set larger code cache with -XX:ReservedCodeCacheSize=
# This output file may be truncated or incomplete.
#
#  Out of Memory Error (allocation.cpp:390), pid=7700, tid=0x0000000000001f0c
#
# JRE version: Java(TM) SE Runtime Environment (8.0_101-b13) (build 1.8.0_101-b13)
# Java VM: Java HotSpot(TM) 64-Bit Server VM (25.101-b13 mixed mode windows-amd64 compressed oops)
# Failed to write core dump. Minidumps are not enabled by default on client versions of Windows
#

---------------  T H R E A D  ---------------

Current thread (0x000000005595d000):  JavaThread "C2 CompilerThread2" daemon [_thread_in_native, id=7948, stack(0x0000000058530000,0x0000000058630000)]

Stack: [0x0000000058530000,0x0000000058630000]
[error occurred during error reporting (printing stack bounds), id 0xc0000005]

Native frames: (J=compiled Java code, j=interpreted, Vv=VM code, C=native code)


Current CompileTask:
C2:  16246 1791       4       com.android.dx.ssa.SCCP::simulatePhi (169 bytes)


---------------  P R O C E S S  ---------------

Java Threads: ( => current thread )
  0x0000000056ce8000 JavaThread "pool-2-thread-4" [_thread_in_Java, id=1600, stack(0x0000000059460000,0x0000000059560000)]
  0x0000000056ce7000 JavaThread "pool-2-thread-3" [_thread_blocked, id=7552, stack(0x0000000059580000,0x0000000059680000)]
  0x0000000058b57800 JavaThread "pool-2-thread-2" [_thread_in_Java, id=1496, stack(0x0000000059320000,0x0000000059420000)]
  0x0000000058b37800 JavaThread "pool-3-thread-1" [_thread_blocked, id=5200, stack(0x00000000586b0000,0x00000000587b0000)]
  0x0000000058b36800 JavaThread "pool-2-thread-1" [_thread_blocked, id=6004, stack(0x0000000057ba0000,0x0000000057ca0000)]
  0x0000000056a9c000 JavaThread "Service Thread" daemon [_thread_blocked, id=2848, stack(0x0000000058810000,0x0000000058910000)]
  0x000000005595e800 JavaThread "C1 CompilerThread3" daemon [_thread_blocked, id=7344, stack(0x0000000057f20000,0x0000000058020000)]
=>0x000000005595d000 JavaThread "C2 CompilerThread2" daemon [_thread_in_native, id=7948, stack(0x0000000058530000,0x0000000058630000)]
  0x0000000056a0c000 JavaThread "C2 CompilerThread1" daemon [_thread_in_native, id=7476, stack(0x0000000058170000,0x0000000058270000)]
  0x0000000056a06000 JavaThread "C2 CompilerThread0" daemon [_thread_in_native, id=7348, stack(0x00000000583e0000,0x00000000584e0000)]
  0x0000000056a05000 JavaThread "Attach Listener" daemon [_thread_blocked, id=3556, stack(0x00000000582b0000,0x00000000583b0000)]
  0x0000000056a03800 JavaThread "Signal Dispatcher" daemon [_thread_blocked, id=7512, stack(0x0000000058070000,0x0000000058170000)]
  0x0000000055953000 JavaThread "Finalizer" daemon [_thread_blocked, id=4892, stack(0x0000000057e10000,0x0000000057f10000)]
  0x000000005594b800 JavaThread "Reference Handler" daemon [_thread_blocked, id=6836, stack(0x0000000057ca0000,0x0000000057da0000)]
  0x000000000249f000 JavaThread "main" [_thread_in_Java, id=5332, stack(0x00000000027f0000,0x00000000028f0000)]

Other Threads:
  0x00000000569b2800 VMThread [stack: 0x0000000057aa0000,0x0000000057ba0000] [id=3420]
  0x0000000056ac2000 WatcherThread [stack: 0x0000000058960000,0x0000000058a60000] [id=5712]

VM state:not at safepoint (normal execution)

VM Mutex/Monitor currently owned by a thread: None

Heap:
 PSYoungGen      total 102400K, used 74237K [0x00000000eab00000, 0x00000000f1d00000, 0x0000000100000000)
  eden space 92672K, 70% used [0x00000000eab00000,0x00000000eea93ca8,0x00000000f0580000)
  from space 9728K, 93% used [0x00000000f1080000,0x00000000f196bb30,0x00000000f1a00000)
  to   space 11264K, 0% used [0x00000000f0580000,0x00000000f0580000,0x00000000f1080000)
 ParOldGen       total 30208K, used 17882K [0x00000000c0000000, 0x00000000c1d80000, 0x00000000eab00000)
  object space 30208K, 59% used [0x00000000c0000000,0x00000000c11769e0,0x00000000c1d80000)
 Metaspace       used 6252K, capacity 7158K, committed 7296K, reserved 1056768K
  class space    used 609K, capacity 622K, committed 640K, reserved 1048576K

Card table byte_map: [0x0000000011f80000,0x0000000012190000] byte_map_base: 0x0000000011980000

Marking Bits: (ParMarkBitMap*) 0x000000005dd9a6d0
 Begin Bits: [0x0000000012d60000, 0x0000000013d60000)
 End Bits:   [0x0000000013d60000, 0x0000000014d60000)

Polling page: 0x0000000000430000

CodeCache: size=245760Kb used=7366Kb max_used=7371Kb free=238393Kb
 bounds [0x0000000002bc0000, 0x0000000003300000, 0x0000000011bc0000]
 total_blobs=2070 nmethods=1806 adapters=176
 compilation: enabled

Compilation events (10 events):
Event: 16.154 Thread 0x000000005595e800 1963       1       com.android.dx.rop.cst.CstType::getType (4 bytes)
Event: 16.155 Thread 0x000000005595e800 nmethod 1963 0x00000000032f3250 code [0x00000000032f33a0, 0x00000000032f34b0]
Event: 16.178 Thread 0x000000005595e800 1965       2       com.android.dx.rop.type.Type::getComponentType (70 bytes)
Event: 16.180 Thread 0x000000005595e800 nmethod 1965 0x00000000032f2850 code [0x00000000032f2a20, 0x00000000032f2f08]
Event: 16.184 Thread 0x000000005595e800 1966       2       com.android.dx.cf.direct.DirectClassFile::makeTypeList (47 bytes)
Event: 16.185 Thread 0x000000005595e800 nmethod 1966 0x00000000032f22d0 code [0x00000000032f2460, 0x00000000032f2718]
Event: 16.185 Thread 0x000000005595e800 1967       2       java.util.concurrent.TimeUnit::x (27 bytes)
Event: 16.186 Thread 0x000000005595e800 nmethod 1967 0x00000000032f1f90 code [0x00000000032f20e0, 0x00000000032f2250]
Event: 16.187 Thread 0x000000005595e800 1968       2       java.util.zip.ZipEntry::isDirectory (10 bytes)
Event: 16.188 Thread 0x000000005595e800 nmethod 1968 0x00000000032f1b10 code [0x00000000032f1c80, 0x00000000032f1e28]

GC Heap History (10 events):
Event: 3.696 GC heap before
{Heap before GC invocations=2 (full 0):
 PSYoungGen      total 13312K, used 13286K [0x00000000eab00000, 0x00000000ec500000, 0x0000000100000000)
  eden space 11776K, 100% used [0x00000000eab00000,0x00000000eb680000,0x00000000eb680000)
  from space 1536K, 98% used [0x00000000eb680000,0x00000000eb7f9a90,0x00000000eb800000)
  to   space 1536K, 0% used [0x00000000ec380000,0x00000000ec380000,0x00000000ec500000)
 ParOldGen       total 30208K, used 534K [0x00000000c0000000, 0x00000000c1d80000, 0x00000000eab00000)
  object space 30208K, 1% used [0x00000000c0000000,0x00000000c0085950,0x00000000c1d80000)
 Metaspace       used 5711K, capacity 6768K, committed 7040K, reserved 1056768K
  class space    used 587K, capacity 616K, committed 640K, reserved 1048576K
Event: 4.027 GC heap after
Heap after GC invocations=2 (full 0):
 PSYoungGen      total 25088K, used 1520K [0x00000000eab00000, 0x00000000ec500000, 0x0000000100000000)
  eden space 23552K, 0% used [0x00000000eab00000,0x00000000eab00000,0x00000000ec200000)
  from space 1536K, 98% used [0x00000000ec380000,0x00000000ec4fc048,0x00000000ec500000)
  to   space 1536K, 0% used [0x00000000ec200000,0x00000000ec200000,0x00000000ec380000)
 ParOldGen       total 30208K, used 2795K [0x00000000c0000000, 0x00000000c1d80000, 0x00000000eab00000)
  object space 30208K, 9% used [0x00000000c0000000,0x00000000c02bae88,0x00000000c1d80000)
 Metaspace       used 5711K, capacity 6768K, committed 7040K, reserved 1056768K
  class space    used 587K, capacity 616K, committed 640K, reserved 1048576K
}
Event: 6.138 GC heap before
{Heap before GC invocations=3 (full 0):
 PSYoungGen      total 25088K, used 25072K [0x00000000eab00000, 0x00000000ec500000, 0x0000000100000000)
  eden space 23552K, 100% used [0x00000000eab00000,0x00000000ec200000,0x00000000ec200000)
  from space 1536K, 98% used [0x00000000ec380000,0x00000000ec4fc048,0x00000000ec500000)
  to   space 1536K, 0% used [0x00000000ec200000,0x00000000ec200000,0x00000000ec380000)
 ParOldGen       total 30208K, used 2795K [0x00000000c0000000, 0x00000000c1d80000, 0x00000000eab00000)
  object space 30208K, 9% used [0x00000000c0000000,0x00000000c02bae88,0x00000000c1d80000)
 Metaspace       used 5891K, capacity 6960K, committed 7040K, reserved 1056768K
  class space    used 588K, capacity 616K, committed 640K, reserved 1048576K
Event: 8.056 GC heap after
Heap after GC invocations=3 (full 0):
 PSYoungGen      total 25088K, used 1509K [0x00000000eab00000, 0x00000000edc00000, 0x0000000100000000)
  eden space 23552K, 0% used [0x00000000eab00000,0x00000000eab00000,0x00000000ec200000)
  from space 1536K, 98% used [0x00000000ec200000,0x00000000ec379760,0x00000000ec380000)
  to   space 1536K, 0% used [0x00000000eda80000,0x00000000eda80000,0x00000000edc00000)
 ParOldGen       total 30208K, used 6920K [0x00000000c0000000, 0x00000000c1d80000, 0x00000000eab00000)
  object space 30208K, 22% used [0x00000000c0000000,0x00000000c06c20b0,0x00000000c1d80000)
 Metaspace       used 5891K, capacity 6960K, committed 7040K, reserved 1056768K
  class space    used 588K, capacity 616K, committed 640K, reserved 1048576K
}
Event: 8.793 GC heap before
{Heap before GC invocations=4 (full 0):
 PSYoungGen      total 25088K, used 25061K [0x00000000eab00000, 0x00000000edc00000, 0x0000000100000000)
  eden space 23552K, 100% used [0x00000000eab00000,0x00000000ec200000,0x00000000ec200000)
  from space 1536K, 98% used [0x00000000ec200000,0x00000000ec379760,0x00000000ec380000)
  to   space 1536K, 0% used [0x00000000eda80000,0x00000000eda80000,0x00000000edc00000)
 ParOldGen       total 30208K, used 6920K [0x00000000c0000000, 0x00000000c1d80000, 0x00000000eab00000)
  object space 30208K, 22% used [0x00000000c0000000,0x00000000c06c20b0,0x00000000c1d80000)
 Metaspace       used 5975K, capacity 7024K, committed 7296K, reserved 1056768K
  class space    used 588K, capacity 616K, committed 640K, reserved 1048576K
Event: 9.899 GC heap after
Heap after GC invocations=4 (full 0):
 PSYoungGen      total 48640K, used 1506K [0x00000000eab00000, 0x00000000edc00000, 0x0000000100000000)
  eden space 47104K, 0% used [0x00000000eab00000,0x00000000eab00000,0x00000000ed900000)
  from space 1536K, 98% used [0x00000000eda80000,0x00000000edbf8a68,0x00000000edc00000)
  to   space 1536K, 0% used [0x00000000ed900000,0x00000000ed900000,0x00000000eda80000)
 ParOldGen       total 30208K, used 10799K [0x00000000c0000000, 0x00000000c1d80000, 0x00000000eab00000)
  object space 30208K, 35% used [0x00000000c0000000,0x00000000c0a8bd90,0x00000000c1d80000)
 Metaspace       used 5975K, capacity 7024K, committed 7296K, reserved 1056768K
  class space    used 588K, capacity 616K, committed 640K, reserved 1048576K
}
Event: 11.385 GC heap before
{Heap before GC invocations=5 (full 0):
 PSYoungGen      total 48640K, used 48610K [0x00000000eab00000, 0x00000000edc00000, 0x0000000100000000)
  eden space 47104K, 100% used [0x00000000eab00000,0x00000000ed900000,0x00000000ed900000)
  from space 1536K, 98% used [0x00000000eda80000,0x00000000edbf8a68,0x00000000edc00000)
  to   space 1536K, 0% used [0x00000000ed900000,0x00000000ed900000,0x00000000eda80000)
 ParOldGen       total 30208K, used 10799K [0x00000000c0000000, 0x00000000c1d80000, 0x00000000eab00000)
  object space 30208K, 35% used [0x00000000c0000000,0x00000000c0a8bd90,0x00000000c1d80000)
 Metaspace       used 6095K, capacity 7088K, committed 7296K, reserved 1056768K
  class space    used 589K, capacity 616K, committed 640K, reserved 1048576K
Event: 11.936 GC heap after
Heap after GC invocations=5 (full 0):
 PSYoungGen      total 48640K, used 1506K [0x00000000eab00000, 0x00000000f1a00000, 0x0000000100000000)
  eden space 47104K, 0% used [0x00000000eab00000,0x00000000eab00000,0x00000000ed900000)
  from space 1536K, 98% used [0x00000000ed900000,0x00000000eda78a68,0x00000000eda80000)
  to   space 9728K, 0% used [0x00000000f1080000,0x00000000f1080000,0x00000000f1a00000)
 ParOldGen       total 30208K, used 17882K [0x00000000c0000000, 0x00000000c1d80000, 0x00000000eab00000)
  object space 30208K, 59% used [0x00000000c0000000,0x00000000c11769e0,0x00000000c1d80000)
 Metaspace       used 6095K, capacity 7088K, committed 7296K, reserved 1056768K
  class space    used 589K, capacity 616K, committed 640K, reserved 1048576K
}
Event: 14.343 GC heap before
{Heap before GC invocations=6 (full 0):
 PSYoungGen      total 48640K, used 48610K [0x00000000eab00000, 0x00000000f1a00000, 0x0000000100000000)
  eden space 47104K, 100% used [0x00000000eab00000,0x00000000ed900000,0x00000000ed900000)
  from space 1536K, 98% used [0x00000000ed900000,0x00000000eda78a68,0x00000000eda80000)
  to   space 9728K, 0% used [0x00000000f1080000,0x00000000f1080000,0x00000000f1a00000)
 ParOldGen       total 30208K, used 17882K [0x00000000c0000000, 0x00000000c1d80000, 0x00000000eab00000)
  object space 30208K, 59% used [0x00000000c0000000,0x00000000c11769e0,0x00000000c1d80000)
 Metaspace       used 6129K, capacity 7152K, committed 7296K, reserved 1056768K
  class space    used 589K, capacity 616K, committed 640K, reserved 1048576K
Event: 15.034 GC heap after
Heap after GC invocations=6 (full 0):
 PSYoungGen      total 102400K, used 9134K [0x00000000eab00000, 0x00000000f1d00000, 0x0000000100000000)
  eden space 92672K, 0% used [0x00000000eab00000,0x00000000eab00000,0x00000000f0580000)
  from space 9728K, 93% used [0x00000000f1080000,0x00000000f196bb30,0x00000000f1a00000)
  to   space 11264K, 0% used [0x00000000f0580000,0x00000000f0580000,0x00000000f1080000)
 ParOldGen       total 30208K, used 17882K [0x00000000c0000000, 0x00000000c1d80000, 0x00000000eab00000)
  object space 30208K, 59% used [0x00000000c0000000,0x00000000c11769e0,0x00000000c1d80000)
 Metaspace       used 6129K, capacity 7152K, committed 7296K, reserved 1056768K
  class space    used 589K, capacity 616K, committed 640K, reserved 1048576K
}

Deoptimization events (10 events):
Event: 11.206 Thread 0x0000000058b36800 Uncommon trap: reason=unstable_if action=reinterpret pc=0x000000000313c7ac method=com.android.dx.ssa.LiteralOpUpgrader$1.visitNonMoveInsn(Lcom/android/dx/ssa/NormalSsaInsn;)V @ 55
Event: 11.209 Thread 0x0000000058b36800 Uncommon trap: reason=unstable_if action=reinterpret pc=0x0000000002f6824c method=com.android.dx.ssa.SsaMethod.updateOneDefinition(Lcom/android/dx/ssa/SsaInsn;Lcom/android/dx/rop/code/RegisterSpec;)V @ 4
Event: 15.346 Thread 0x0000000058b36800 Uncommon trap: reason=bimorphic action=maybe_recompile pc=0x000000000303bbf4 method=java.util.HashMap.putVal(ILjava/lang/Object;Ljava/lang/Object;ZZ)Ljava/lang/Object; @ 203
Event: 15.346 Thread 0x0000000058b36800 Uncommon trap: reason=bimorphic action=maybe_recompile pc=0x000000000303bbf4 method=java.util.HashMap.putVal(ILjava/lang/Object;Ljava/lang/Object;ZZ)Ljava/lang/Object; @ 203
Event: 15.355 Thread 0x0000000058b36800 Uncommon trap: reason=unstable_if action=reinterpret pc=0x0000000002ec1a14 method=java.util.HashMap.putVal(ILjava/lang/Object;Ljava/lang/Object;ZZ)Ljava/lang/Object; @ 162
Event: 15.546 Thread 0x0000000058b36800 Uncommon trap: reason=unstable_if action=reinterpret pc=0x0000000002f675c4 method=java.util.HashMap.getNode(ILjava/lang/Object;)Ljava/util/HashMap$Node; @ 84
Event: 15.581 Thread 0x000000000249f000 Uncommon trap: reason=unstable_if action=reinterpret pc=0x000000000303b768 method=java.util.HashMap.putVal(ILjava/lang/Object;Ljava/lang/Object;ZZ)Ljava/lang/Object; @ 162
Event: 15.615 Thread 0x0000000056ce7000 Uncommon trap: reason=bimorphic action=maybe_recompile pc=0x0000000003138094 method=com.android.dx.ssa.LiteralOpUpgrader.tryReplacingWithConstant(Lcom/android/dx/ssa/NormalSsaInsn;)Z @ 62
Event: 15.730 Thread 0x000000000249f000 Uncommon trap: reason=bimorphic action=maybe_recompile pc=0x0000000003138094 method=com.android.dx.ssa.LiteralOpUpgrader.tryReplacingWithConstant(Lcom/android/dx/ssa/NormalSsaInsn;)Z @ 62
Event: 15.814 Thread 0x000000000249f000 Uncommon trap: reason=unstable_if action=reinterpret pc=0x0000000003039af0 method=com.android.dx.ssa.MoveParamCombiner$1.visitNonMoveInsn(Lcom/android/dx/ssa/NormalSsaInsn;)V @ 27

Internal exceptions (7 events):
Event: 0.129 Thread 0x000000000249f000 Exception <a 'java/lang/NoSuchMethodError': Method sun.misc.Unsafe.defineClass(Ljava/lang/String;[BII)Ljava/lang/Class; name or signature does not match> (0x00000000eab07cc0) thrown at [C:\re\workspace\8-2-build-windows-amd64-cygwin\jdk8u101\7261\hotspot\s\€D=1‹À?
Event: 0.129 Thread 0x000000000249f000 Exception <a 'java/lang/NoSuchMethodError': Method sun.misc.Unsafe.prefetchRead(Ljava/lang/Object;J)V name or signature does not match> (0x00000000eab07fa8) thrown at [C:\re\workspace\8-2-build-windows-amd64-cygwin\jdk8u101\7261\hotspot\src\share\vm\prims\2h­ªQ@
Event: 5.080 Thread 0x0000000058b36800 Implicit null exception at 0x0000000002ee8092 to 0x0000000002ee8182
Event: 5.325 Thread 0x000000000249f000 Implicit null exception at 0x0000000002f0fb01 to 0x0000000002f11b51
Event: 15.361 Thread 0x0000000058b36800 Exception <a 'java/lang/ArrayIndexOutOfBoundsException': 18> (0x00000000eb9669f8) thrown at [C:\re\workspace\8-2-build-windows-amd64-cygwin\jdk8u101\7261\hotspot\src\share\vm\interpreter\interpreterRuntime.cpp, line 366]
Event: 15.363 Thread 0x0000000058b36800 Exception <a 'java/lang/ArrayIndexOutOfBoundsException': 145> (0x00000000eb968578) thrown at [C:\re\workspace\8-2-build-windows-amd64-cygwin\jdk8u101\7261\hotspot\src\share\vm\interpreter\interpreterRuntime.cpp, line 366]
Event: 15.365 Thread 0x0000000058b36800 Exception <a 'java/lang/ArrayIndexOutOfBoundsException'> (0x00000000eb969860) thrown at [C:\re\workspace\8-2-build-windows-amd64-cygwin\jdk8u101\7261\hotspot\src\share\vm\runtime\sharedRuntime.cpp, line 605]

Events (10 events):
Event: 15.730 Thread 0x000000000249f000 Uncommon trap: trap_request=0xffffffc6 fr.pc=0x0000000003138094
Event: 15.730 Thread 0x000000000249f000 DEOPT PACKING pc=0x0000000003138094 sp=0x00000000028ee270
Event: 15.730 Thread 0x000000000249f000 DEOPT UNPACKING pc=0x0000000002c0582a sp=0x00000000028ee210 mode 2
Event: 15.757 Thread 0x000000000249f000 DEOPT PACKING pc=0x00000000031d5829 sp=0x00000000028eea50
Event: 15.757 Thread 0x000000000249f000 DEOPT UNPACKING pc=0x0000000002c0787f sp=0x00000000028ee810 mode 0
Event: 15.758 Thread 0x000000000249f000 DEOPT PACKING pc=0x00000000031d7c3a sp=0x00000000028eeb50
Event: 15.758 Thread 0x000000000249f000 DEOPT UNPACKING pc=0x0000000002c0787f sp=0x00000000028ee960 mode 0
Event: 15.814 Thread 0x000000000249f000 Uncommon trap: trap_request=0xffffff65 fr.pc=0x0000000003039af0
Event: 15.814 Thread 0x000000000249f000 DEOPT PACKING pc=0x0000000003039af0 sp=0x00000000028ee370
Event: 15.814 Thread 0x000000000249f000 DEOPT UNPACKING pc=0x0000000002c0582a sp=0x00000000028ee2c8 mode 2


Dynamic libraries:
0x000000013f0c0000 - 0x000000013f0f7000 	C:\JAVAJDK18\jdk1.8.0_101\bin\java.exe
0x00000000770a0000 - 0x000000007724a000 	C:\Windows\SYSTEM32\ntdll.dll
0x0000000076f80000 - 0x000000007709f000 	C:\Windows\system32\kernel32.dll
0x000007fefd120000 - 0x000007fefd18a000 	C:\Windows\system32\KERNELBASE.dll
0x000007feff090000 - 0x000007feff16b000 	C:\Windows\system32\ADVAPI32.dll
0x000007feff1b0000 - 0x000007feff24f000 	C:\Windows\system32\msvcrt.dll
0x000007fefeda0000 - 0x000007fefedbf000 	C:\Windows\SYSTEM32\sechost.dll
0x000007fefe840000 - 0x000007fefe96d000 	C:\Windows\system32\RPCRT4.dll
0x0000000076e80000 - 0x0000000076f7a000 	C:\Windows\system32\USER32.dll
0x000007fefee40000 - 0x000007fefeea7000 	C:\Windows\system32\GDI32.dll
0x000007feff170000 - 0x000007feff17e000 	C:\Windows\system32\LPK.dll
0x000007fefdf30000 - 0x000007fefdffa000 	C:\Windows\system32\USP10.dll
0x000007fefb690000 - 0x000007fefb884000 	C:\Windows\WinSxS\amd64_microsoft.windows.common-controls_6595b64144ccf1df_6.0.7601.18837_none_fa3b1e3d17594757\COMCTL32.dll
0x000007feff250000 - 0x000007feff2c1000 	C:\Windows\system32\SHLWAPI.dll
0x000007feff180000 - 0x000007feff1ae000 	C:\Windows\system32\IMM32.DLL
0x000007fefe9c0000 - 0x000007fefeac9000 	C:\Windows\system32\MSCTF.dll
0x000007fefcd10000 - 0x000007fefcd4f000 	C:\Windows\system32\nvinitx.dll
0x00000000665c0000 - 0x0000000066692000 	C:\JAVAJDK18\jdk1.8.0_101\jre\bin\msvcr100.dll
0x000000005d580000 - 0x000000005de1a000 	C:\JAVAJDK18\jdk1.8.0_101\jre\bin\server\jvm.dll
0x000007fef8a10000 - 0x000007fef8a19000 	C:\Windows\system32\WSOCK32.dll
0x000007fefe970000 - 0x000007fefe9bd000 	C:\Windows\system32\WS2_32.dll
0x000007fefe7b0000 - 0x000007fefe7b8000 	C:\Windows\system32\NSI.dll
0x000007fefab90000 - 0x000007fefabcb000 	C:\Windows\system32\WINMM.dll
0x000007fefc620000 - 0x000007fefc62c000 	C:\Windows\system32\VERSION.dll
0x0000000077260000 - 0x0000000077267000 	C:\Windows\system32\PSAPI.DLL
0x000000006b8f0000 - 0x000000006b8ff000 	C:\JAVAJDK18\jdk1.8.0_101\jre\bin\verify.dll
0x000000006b880000 - 0x000000006b8a9000 	C:\JAVAJDK18\jdk1.8.0_101\jre\bin\java.dll
0x000000006b860000 - 0x000000006b876000 	C:\JAVAJDK18\jdk1.8.0_101\jre\bin\zip.dll
0x000007fefd1a0000 - 0x000007fefdf2c000 	C:\Windows\system32\SHELL32.dll
0x000007fefe0a0000 - 0x000007fefe2a3000 	C:\Windows\system32\ole32.dll
0x000007fefcde0000 - 0x000007fefcdef000 	C:\Windows\system32\profapi.dll

VM Arguments:
jvm_args: -Djava.awt.headless=true -Xmx1024M -Dfile.encoding=windows-1252 -Duser.country=SE -Duser.language=sv -Duser.variant 
java_command: com.android.dx.command.Main --dex --force-jumbo --num-threads=4 --multi-dex --output C:\Users\PontusArfwedson\AndroidStudioProjects\YelpMe\app\build\intermediates\transforms\dex\debug\folders\1000\10\com.android.support-appcompat-v7-24.2.1_cf76be47f750accadf8393b1cd5855201649f1a4 C:\Users\PontusArfwedson\AndroidStudioProjects\YelpMe\app\build\intermediates\exploded-aar\com.android.support\appcompat-v7\24.2.1\jars\classes.jar
java_class_path (initial): C:\androidsdkold\sdk\build-tools\24.0.3\lib\dx.jar
Launcher Type: SUN_STANDARD

Environment Variables:
JAVA_HOME=C:\Program Files\Java\jdk1.8.0_101
CLASSPATH=C:\Program Files (x86)\QuickTime\QTSystem\QTJava.zip
PATH=C:\ProgramData\Oracle\Java\javapath;C:\Program Files (x86)\NVIDIA Corporation\PhysX\Common;C:\Program Files\Common Files\Microsoft Shared\Windows Live;C:\Program Files (x86)\Common Files\Microsoft Shared\Windows Live;C:\Windows\system32;C:\Windows;C:\Windows\System32\Wbem;C:\Windows\System32\WindowsPowerShell\v1.0\;C:\Program Files (x86)\Windows Live\Shared;C:\Program Files\Intel\WiFi\bin\;C:\Program Files\Common Files\Intel\WirelessCommon\;C:\Program Files\MATLAB\R2012b\runtime\win64;C:\Program Files\MATLAB\R2012b\bin;D:\PROGRAM\MATLAB\R2013b\bin;C:\Program Files (x86)\QuickTime\QTSystem\;C:\Program Files\MATLABMATLAB\bin;C:\Program Files (x86)\Skype\Phone\;C:\Program Files (x86)\MySQL\MySQL Fabric 1.5 ^& MySQL Utilities 1.5\;C:\Program Files (x86)\MySQL\MySQL Fabric 1.5 ^& MySQL Utilities 1.5\Doctrine extensions for PHP\;C:\cygwin64\bin;C:\cygwin64\usr\bin;C:\Program Files\Git\cmd;C:\Program Files (x86)\Heroku\bin;C:\Program Files (x86)\git\cmd;C:\Program Files (x86)\Git\cmd;C:\Python27;C:\Program Files\nodejs\;C:\ant\apache-ant-1.9.7\bin;C:\Program Files (x86)\Yarn\bin;ANDROID_HOME;C:\androidsdkold\sdk\platform-tools;C:\Ruby22\bin;C:\Program Files\adt-bundle-windows-x86_64-20130219\sdk\tools\ant\bin;C:\Program Files\Java\jdk1.8.0_101;C:\Python27;C:\Users\PontusArfwedson\AppData\Roaming\npm;C:\ant\apache-ant-1.9.7\bin;C:\Users\PontusArfwedson\AppData\Local\Yarn\.bin;ANDROID_HOME;C:\androidsdkold\sdk\platform-tools
USERNAME=PontusArfwedson
OS=Windows_NT
PROCESSOR_IDENTIFIER=Intel64 Family 6 Model 42 Stepping 7, GenuineIntel



---------------  S Y S T E M  ---------------

OS: Windows 7 , 64 bit Build 7601 (6.1.7601.23418)

CPU:total 8 (4 cores per cpu, 2 threads per core) family 6 model 42 stepping 7, cmov, cx8, fxsr, mmx, sse, sse2, sse3, ssse3, sse4.1, sse4.2, popcnt, avx, aes, clmul, ht, tsc, tscinvbit

Memory: 4k page, physical 2794184k(173448k free), swap 4274792k(5368k free)

vm_info: Java HotSpot(TM) 64-Bit Server VM (25.101-b13) for windows-amd64 JRE (1.8.0_101-b13), built on Jun 22 2016 01:21:29 by "java_re" with MS VC++ 10.0 (VS2010)

time: Thu Dec 01 12:49:14 2016
elapsed time: 16 seconds (0d 0h 0m 16s)

