#
# There is insufficient memory for the Java Runtime Environment to continue.
# Native memory allocation (malloc) failed to allocate 32784 bytes for Chunk::new
# Possible reasons:
#   The system is out of physical RAM or swap space
#   In 32 bit mode, the process size limit was hit
# Possible solutions:
#   Reduce memory load on the system
#   Increase physical memory or swap space
#   Check if swap backing store is full
#   Use 64 bit Java on a 64 bit OS
#   Decrease Java heap size (-Xmx/-Xms)
#   Decrease number of Java threads
#   Decrease Java thread stack sizes (-Xss)
#   Set larger code cache with -XX:ReservedCodeCacheSize=
# This output file may be truncated or incomplete.
#
#  Out of Memory Error (allocation.cpp:390), pid=6368, tid=0x0000000000001728
#
# JRE version: Java(TM) SE Runtime Environment (8.0_101-b13) (build 1.8.0_101-b13)
# Java VM: Java HotSpot(TM) 64-Bit Server VM (25.101-b13 mixed mode windows-amd64 compressed oops)
# Failed to write core dump. Minidumps are not enabled by default on client versions of Windows
#

---------------  T H R E A D  ---------------

Current thread (0x0000000056a4d000):  JavaThread "C2 CompilerThread2" daemon [_thread_in_native, id=5928, stack(0x00000000581d0000,0x00000000582d0000)]

Stack: [0x00000000581d0000,0x00000000582d0000]
[error occurred during error reporting (printing stack bounds), id 0xc0000005]

Native frames: (J=compiled Java code, j=interpreted, Vv=VM code, C=native code)


Current CompileTask:
C2:   3109 1442       4       com.android.dx.ssa.SCCP::simulateBlock (54 bytes)


---------------  P R O C E S S  ---------------

Java Threads: ( => current thread )
  0x0000000058a38800 JavaThread "pool-2-thread-4" [_thread_blocked, id=6420, stack(0x0000000059730000,0x0000000059830000)]
  0x0000000056d01000 JavaThread "pool-2-thread-3" [_thread_blocked, id=2552, stack(0x0000000059220000,0x0000000059320000)]
  0x0000000056d00000 JavaThread "pool-2-thread-2" [_thread_in_vm, id=6744, stack(0x0000000059470000,0x0000000059570000)]
  0x0000000056d7e800 JavaThread "pool-3-thread-1" [_thread_blocked, id=4668, stack(0x0000000059360000,0x0000000059460000)]
  0x0000000056d4b800 JavaThread "pool-2-thread-1" [_thread_blocked, id=1164, stack(0x0000000058560000,0x0000000058660000)]
  0x0000000056acb800 JavaThread "Service Thread" daemon [_thread_blocked, id=5892, stack(0x0000000058730000,0x0000000058830000)]
  0x0000000056a4f000 JavaThread "C1 CompilerThread3" daemon [_thread_blocked, id=4948, stack(0x0000000058460000,0x0000000058560000)]
=>0x0000000056a4d000 JavaThread "C2 CompilerThread2" daemon [_thread_in_native, id=5928, stack(0x00000000581d0000,0x00000000582d0000)]
  0x0000000056a35000 JavaThread "C2 CompilerThread1" daemon [_thread_in_native, id=5128, stack(0x00000000582d0000,0x00000000583d0000)]
  0x0000000056a2f000 JavaThread "C2 CompilerThread0" daemon [_thread_in_native, id=6148, stack(0x0000000057f00000,0x0000000058000000)]
  0x0000000056a2d800 JavaThread "Attach Listener" daemon [_thread_blocked, id=7236, stack(0x0000000058000000,0x0000000058100000)]
  0x000000005598f800 JavaThread "Signal Dispatcher" daemon [_thread_blocked, id=2772, stack(0x0000000057da0000,0x0000000057ea0000)]
  0x0000000055979000 JavaThread "Finalizer" daemon [_thread_blocked, id=5868, stack(0x0000000057c80000,0x0000000057d80000)]
  0x0000000055976800 JavaThread "Reference Handler" daemon [_thread_blocked, id=5700, stack(0x0000000057930000,0x0000000057a30000)]
  0x00000000023cf000 JavaThread "main" [_thread_blocked, id=5220, stack(0x00000000026a0000,0x00000000027a0000)]

Other Threads:
  0x00000000569e0800 VMThread [stack: 0x0000000057b20000,0x0000000057c20000] [id=1808]
  0x0000000056af1800 WatcherThread [stack: 0x0000000058900000,0x0000000058a00000] [id=2176]

VM state:not at safepoint (normal execution)

VM Mutex/Monitor currently owned by a thread: None

Heap:
 PSYoungGen      total 25088K, used 12546K [0x00000000eab00000, 0x00000000edc00000, 0x0000000100000000)
  eden space 23552K, 46% used [0x00000000eab00000,0x00000000eb5c8968,0x00000000ec200000)
  from space 1536K, 97% used [0x00000000ec200000,0x00000000ec378028,0x00000000ec380000)
  to   space 1536K, 0% used [0x00000000eda80000,0x00000000eda80000,0x00000000edc00000)
 ParOldGen       total 30208K, used 5851K [0x00000000c0000000, 0x00000000c1d80000, 0x00000000eab00000)
  object space 30208K, 19% used [0x00000000c0000000,0x00000000c05b6d20,0x00000000c1d80000)
 Metaspace       used 6023K, capacity 7088K, committed 7296K, reserved 1056768K
  class space    used 587K, capacity 616K, committed 640K, reserved 1048576K

Card table byte_map: [0x0000000011e30000,0x0000000012040000] byte_map_base: 0x0000000011830000

Marking Bits: (ParMarkBitMap*) 0x000000005dd9a6d0
 Begin Bits: [0x0000000012d90000, 0x0000000013d90000)
 End Bits:   [0x0000000013d90000, 0x0000000014d90000)

Polling page: 0x00000000001c0000

CodeCache: size=245760Kb used=5991Kb max_used=5991Kb free=239768Kb
 bounds [0x0000000002a70000, 0x0000000003050000, 0x0000000011a70000]
 total_blobs=1718 nmethods=1454 adapters=176
 compilation: disabled (not enough contiguous free space left)

Compilation events (10 events):
Event: 3.060 Thread 0x0000000056a4f000 1478       3       com.android.dx.rop.type.Prototype::intern (31 bytes)
Event: 3.060 Thread 0x0000000056a4f000 nmethod 1478 0x000000000304d510 code [0x000000000304d6a0, 0x000000000304da28]
Event: 3.060 Thread 0x0000000056a4f000 1479       3       com.android.dx.cf.iface.StdMethodList::set (7 bytes)
Event: 3.061 Thread 0x0000000056a4f000 nmethod 1479 0x000000000304db90 code [0x000000000304dd60, 0x000000000304e528]
Event: 3.062 Thread 0x0000000056a4f000 1480       3       java.util.Collections::unmodifiableCollection (9 bytes)
Event: 3.062 Thread 0x0000000056a4f000 nmethod 1480 0x000000000304ead0 code [0x000000000304ec60, 0x000000000304efa8]
Event: 3.063 Thread 0x0000000056a4f000 1481       3       com.android.dx.cf.code.OneLocalsArray::makeInitialized (55 bytes)
Event: 3.063 Thread 0x0000000056a4f000 nmethod 1481 0x000000000304f110 code [0x000000000304f2c0, 0x000000000304f958]
Event: 3.083 Thread 0x0000000056a4f000 1482       3       java.util.concurrent.locks.ReentrantLock::unlock (10 bytes)
Event: 3.086 Thread 0x0000000056a4f000 


GC Heap History (6 events):
Event: 0.759 GC heap before
{Heap before GC invocations=1 (full 0):
 PSYoungGen      total 13312K, used 11776K [0x00000000eab00000, 0x00000000eb980000, 0x0000000100000000)
  eden space 11776K, 100% used [0x00000000eab00000,0x00000000eb680000,0x00000000eb680000)
  from space 1536K, 0% used [0x00000000eb800000,0x00000000eb800000,0x00000000eb980000)
  to   space 1536K, 0% used [0x00000000eb680000,0x00000000eb680000,0x00000000eb800000)
 ParOldGen       total 30208K, used 0K [0x00000000c0000000, 0x00000000c1d80000, 0x00000000eab00000)
  object space 30208K, 0% used [0x00000000c0000000,0x00000000c0000000,0x00000000c1d80000)
 Metaspace       used 5031K, capacity 6224K, committed 6528K, reserved 1056768K
  class space    used 562K, capacity 584K, committed 640K, reserved 1048576K
Event: 1.116 GC heap after
Heap after GC invocations=1 (full 0):
 PSYoungGen      total 13312K, used 1529K [0x00000000eab00000, 0x00000000ec500000, 0x0000000100000000)
  eden space 11776K, 0% used [0x00000000eab00000,0x00000000eab00000,0x00000000eb680000)
  from space 1536K, 99% used [0x00000000eb680000,0x00000000eb7fe448,0x00000000eb800000)
  to   space 1536K, 0% used [0x00000000ec380000,0x00000000ec380000,0x00000000ec500000)
 ParOldGen       total 30208K, used 965K [0x00000000c0000000, 0x00000000c1d80000, 0x00000000eab00000)
  object space 30208K, 3% used [0x00000000c0000000,0x00000000c00f1658,0x00000000c1d80000)
 Metaspace       used 5031K, capacity 6224K, committed 6528K, reserved 1056768K
  class space    used 562K, capacity 584K, committed 640K, reserved 1048576K
}
Event: 1.514 GC heap before
{Heap before GC invocations=2 (full 0):
 PSYoungGen      total 13312K, used 13305K [0x00000000eab00000, 0x00000000ec500000, 0x0000000100000000)
  eden space 11776K, 100% used [0x00000000eab00000,0x00000000eb680000,0x00000000eb680000)
  from space 1536K, 99% used [0x00000000eb680000,0x00000000eb7fe448,0x00000000eb800000)
  to   space 1536K, 0% used [0x00000000ec380000,0x00000000ec380000,0x00000000ec500000)
 ParOldGen       total 30208K, used 965K [0x00000000c0000000, 0x00000000c1d80000, 0x00000000eab00000)
  object space 30208K, 3% used [0x00000000c0000000,0x00000000c00f1658,0x00000000c1d80000)
 Metaspace       used 5659K, capacity 6768K, committed 7040K, reserved 1056768K
  class space    used 585K, capacity 616K, committed 640K, reserved 1048576K
Event: 1.729 GC heap after
Heap after GC invocations=2 (full 0):
 PSYoungGen      total 25088K, used 1527K [0x00000000eab00000, 0x00000000ec500000, 0x0000000100000000)
  eden space 23552K, 0% used [0x00000000eab00000,0x00000000eab00000,0x00000000ec200000)
  from space 1536K, 99% used [0x00000000ec380000,0x00000000ec4fdc78,0x00000000ec500000)
  to   space 1536K, 0% used [0x00000000ec200000,0x00000000ec200000,0x00000000ec380000)
 ParOldGen       total 30208K, used 2548K [0x00000000c0000000, 0x00000000c1d80000, 0x00000000eab00000)
  object space 30208K, 8% used [0x00000000c0000000,0x00000000c027d128,0x00000000c1d80000)
 Metaspace       used 5659K, capacity 6768K, committed 7040K, reserved 1056768K
  class space    used 585K, capacity 616K, committed 640K, reserved 1048576K
}
Event: 2.335 GC heap before
{Heap before GC invocations=3 (full 0):
 PSYoungGen      total 25088K, used 25079K [0x00000000eab00000, 0x00000000ec500000, 0x0000000100000000)
  eden space 23552K, 100% used [0x00000000eab00000,0x00000000ec200000,0x00000000ec200000)
  from space 1536K, 99% used [0x00000000ec380000,0x00000000ec4fdc78,0x00000000ec500000)
  to   space 1536K, 0% used [0x00000000ec200000,0x00000000ec200000,0x00000000ec380000)
 ParOldGen       total 30208K, used 2548K [0x00000000c0000000, 0x00000000c1d80000, 0x00000000eab00000)
  object space 30208K, 8% used [0x00000000c0000000,0x00000000c027d128,0x00000000c1d80000)
 Metaspace       used 5886K, capacity 6960K, committed 7040K, reserved 1056768K
  class space    used 586K, capacity 616K, committed 640K, reserved 1048576K
Event: 2.561 GC heap after
Heap after GC invocations=3 (full 0):
 PSYoungGen      total 25088K, used 1504K [0x00000000eab00000, 0x00000000edc00000, 0x0000000100000000)
  eden space 23552K, 0% used [0x00000000eab00000,0x00000000eab00000,0x00000000ec200000)
  from space 1536K, 97% used [0x00000000ec200000,0x00000000ec378028,0x00000000ec380000)
  to   space 1536K, 0% used [0x00000000eda80000,0x00000000eda80000,0x00000000edc00000)
 ParOldGen       total 30208K, used 5851K [0x00000000c0000000, 0x00000000c1d80000, 0x00000000eab00000)
  object space 30208K, 19% used [0x00000000c0000000,0x00000000c05b6d20,0x00000000c1d80000)
 Metaspace       used 5886K, capacity 6960K, committed 7040K, reserved 1056768K
  class space    used 586K, capacity 616K, committed 640K, reserved 1048576K
}

Deoptimization events (10 events):
Event: 0.546 Thread 0x0000000058a38800 Uncommon trap: reason=unstable_if action=reinterpret pc=0x0000000002bc1204 method=java.lang.String.compareTo(Ljava/lang/String;)I @ 38
Event: 1.394 Thread 0x0000000056d4b800 Uncommon trap: reason=unstable_if action=reinterpret pc=0x0000000002cc4f00 method=com.android.dx.rop.code.RegisterSpec.equals(ILcom/android/dx/rop/type/TypeBearer;Lcom/android/dx/rop/code/LocalItem;)Z @ 16
Event: 1.428 Thread 0x0000000056d4b800 Uncommon trap: reason=unstable_if action=reinterpret pc=0x0000000002c5b744 method=java.util.HashMap.getNode(ILjava/lang/Object;)Ljava/util/HashMap$Node; @ 129
Event: 1.433 Thread 0x0000000056d4b800 Uncommon trap: reason=unstable_if action=reinterpret pc=0x0000000002c9d064 method=java.util.BitSet.ensureCapacity(I)V @ 6
Event: 1.433 Thread 0x0000000056d4b800 Uncommon trap: reason=unstable_if action=reinterpret pc=0x0000000002c4cfe0 method=java.util.BitSet.nextSetBit(I)I @ 87
Event: 1.448 Thread 0x0000000056d4b800 Uncommon trap: reason=unstable_if action=reinterpret pc=0x0000000002c97e38 method=java.util.HashMap.getNode(ILjava/lang/Object;)Ljava/util/HashMap$Node; @ 129
Event: 1.452 Thread 0x0000000056d4b800 Uncommon trap: reason=unstable_if action=reinterpret pc=0x0000000002cc4284 method=com.android.dx.rop.cst.Constant.compareTo(Lcom/android/dx/rop/cst/Constant;)I @ 12
Event: 2.128 Thread 0x0000000058a38800 Uncommon trap: reason=unstable_if action=reinterpret pc=0x0000000002ef3810 method=com.android.dx.ssa.LiteralOpUpgrader$1.visitNonMoveInsn(Lcom/android/dx/ssa/NormalSsaInsn;)V @ 151
Event: 2.716 Thread 0x0000000058a38800 Uncommon trap: reason=null_check action=make_not_entrant pc=0x0000000002d2f910 method=com.android.dx.rop.type.Type.equals(Ljava/lang/Object;)Z @ 8
Event: 2.786 Thread 0x00000000023cf000 Uncommon trap: reason=unstable_if action=reinterpret pc=0x0000000002d54090 method=com.android.dx.rop.code.RegisterSpecSet.<init>(I)V @ 2

Internal exceptions (3 events):
Event: 0.077 Thread 0x00000000023cf000 Exception <a 'java/lang/NoSuchMethodError': Method sun.misc.Unsafe.defineClass(Ljava/lang/String;[BII)Ljava/lang/Class; name or signature does not match> (0x00000000eab07cc0) thrown at [C:\re\workspace\8-2-build-windows-amd64-cygwin\jdk8u101\7261\hotspot\sƒÐ|­³?
Event: 0.077 Thread 0x00000000023cf000 Exception <a 'java/lang/NoSuchMethodError': Method sun.misc.Unsafe.prefetchRead(Ljava/lang/Object;J)V name or signature does not match> (0x00000000eab07fa8) thrown at [C:\re\workspace\8-2-build-windows-amd64-cygwin\jdk8u101\7261\hotspot\src\share\vm\prims\¢û#Õº@
Event: 2.716 Thread 0x0000000058a38800 Implicit null exception at 0x0000000002d2f812 to 0x0000000002d2f902

Events (10 events):
Event: 2.325 Executing VM operation: ParallelGCFailedAllocation
Event: 2.561 Executing VM operation: ParallelGCFailedAllocation done
Event: 2.716 Thread 0x0000000058a38800 Uncommon trap: trap_request=0xfffffff4 fr.pc=0x0000000002d2f910
Event: 2.716 Thread 0x0000000058a38800 DEOPT PACKING pc=0x0000000002d2f910 sp=0x000000005982e4f0
Event: 2.716 Thread 0x0000000058a38800 DEOPT UNPACKING pc=0x0000000002ab582a sp=0x000000005982e478 mode 2
Event: 2.782 loading class com/android/dx/cf/code/SwitchList
Event: 2.782 loading class com/android/dx/cf/code/SwitchList done
Event: 2.786 Thread 0x00000000023cf000 Uncommon trap: trap_request=0xffffff65 fr.pc=0x0000000002d54090
Event: 2.786 Thread 0x00000000023cf000 DEOPT PACKING pc=0x0000000002d54090 sp=0x000000000279e920
Event: 2.786 Thread 0x00000000023cf000 DEOPT UNPACKING pc=0x0000000002ab582a sp=0x000000000279e850 mode 2


Dynamic libraries:
0x000000013f0c0000 - 0x000000013f0f7000 	C:\JAVAJDK18\jdk1.8.0_101\bin\java.exe
0x00000000770a0000 - 0x000000007724a000 	C:\Windows\SYSTEM32\ntdll.dll
0x0000000076f80000 - 0x000000007709f000 	C:\Windows\system32\kernel32.dll
0x000007fefd120000 - 0x000007fefd18a000 	C:\Windows\system32\KERNELBASE.dll
0x000007feff090000 - 0x000007feff16b000 	C:\Windows\system32\ADVAPI32.dll
0x000007feff1b0000 - 0x000007feff24f000 	C:\Windows\system32\msvcrt.dll
0x000007fefeda0000 - 0x000007fefedbf000 	C:\Windows\SYSTEM32\sechost.dll
0x000007fefe840000 - 0x000007fefe96d000 	C:\Windows\system32\RPCRT4.dll
0x0000000076e80000 - 0x0000000076f7a000 	C:\Windows\system32\USER32.dll
0x000007fefee40000 - 0x000007fefeea7000 	C:\Windows\system32\GDI32.dll
0x000007feff170000 - 0x000007feff17e000 	C:\Windows\system32\LPK.dll
0x000007fefdf30000 - 0x000007fefdffa000 	C:\Windows\system32\USP10.dll
0x000007fefb690000 - 0x000007fefb884000 	C:\Windows\WinSxS\amd64_microsoft.windows.common-controls_6595b64144ccf1df_6.0.7601.18837_none_fa3b1e3d17594757\COMCTL32.dll
0x000007feff250000 - 0x000007feff2c1000 	C:\Windows\system32\SHLWAPI.dll
0x000007feff180000 - 0x000007feff1ae000 	C:\Windows\system32\IMM32.DLL
0x000007fefe9c0000 - 0x000007fefeac9000 	C:\Windows\system32\MSCTF.dll
0x000007fefcd10000 - 0x000007fefcd4f000 	C:\Windows\system32\nvinitx.dll
0x00000000665c0000 - 0x0000000066692000 	C:\JAVAJDK18\jdk1.8.0_101\jre\bin\msvcr100.dll
0x000000005d580000 - 0x000000005de1a000 	C:\JAVAJDK18\jdk1.8.0_101\jre\bin\server\jvm.dll
0x000007fef8a10000 - 0x000007fef8a19000 	C:\Windows\system32\WSOCK32.dll
0x000007fefe970000 - 0x000007fefe9bd000 	C:\Windows\system32\WS2_32.dll
0x000007fefe7b0000 - 0x000007fefe7b8000 	C:\Windows\system32\NSI.dll
0x000007fefab90000 - 0x000007fefabcb000 	C:\Windows\system32\WINMM.dll
0x000007fefc620000 - 0x000007fefc62c000 	C:\Windows\system32\VERSION.dll
0x0000000077260000 - 0x0000000077267000 	C:\Windows\system32\PSAPI.DLL
0x000000006b8f0000 - 0x000000006b8ff000 	C:\JAVAJDK18\jdk1.8.0_101\jre\bin\verify.dll
0x000000006b880000 - 0x000000006b8a9000 	C:\JAVAJDK18\jdk1.8.0_101\jre\bin\java.dll
0x000000006b860000 - 0x000000006b876000 	C:\JAVAJDK18\jdk1.8.0_101\jre\bin\zip.dll
0x000007fefd1a0000 - 0x000007fefdf2c000 	C:\Windows\system32\SHELL32.dll
0x000007fefe0a0000 - 0x000007fefe2a3000 	C:\Windows\system32\ole32.dll
0x000007fefcde0000 - 0x000007fefcdef000 	C:\Windows\system32\profapi.dll

VM Arguments:
jvm_args: -Djava.awt.headless=true -Xmx1024M -Dfile.encoding=windows-1252 -Duser.country=SE -Duser.language=sv -Duser.variant 
java_command: com.android.dx.command.Main --dex --force-jumbo --num-threads=4 --multi-dex --output C:\Users\PontusArfwedson\AndroidStudioProjects\YelpMe\app\build\intermediates\transforms\dex\debug\folders\1000\10\internal_impl-24.2.1_13b306ef4ce4a490268c34a95bbf34ac7cc0cba4 C:\Users\PontusArfwedson\AndroidStudioProjects\YelpMe\app\build\intermediates\exploded-aar\com.android.support\support-compat\24.2.1\jars\libs\internal_impl-24.2.1.jar
java_class_path (initial): C:\androidsdkold\sdk\build-tools\24.0.3\lib\dx.jar
Launcher Type: SUN_STANDARD

Environment Variables:
JAVA_HOME=C:\Program Files\Java\jdk1.8.0_101
CLASSPATH=C:\Program Files (x86)\QuickTime\QTSystem\QTJava.zip
PATH=C:\ProgramData\Oracle\Java\javapath;C:\Program Files (x86)\NVIDIA Corporation\PhysX\Common;C:\Program Files\Common Files\Microsoft Shared\Windows Live;C:\Program Files (x86)\Common Files\Microsoft Shared\Windows Live;C:\Windows\system32;C:\Windows;C:\Windows\System32\Wbem;C:\Windows\System32\WindowsPowerShell\v1.0\;C:\Program Files (x86)\Windows Live\Shared;C:\Program Files\Intel\WiFi\bin\;C:\Program Files\Common Files\Intel\WirelessCommon\;C:\Program Files\MATLAB\R2012b\runtime\win64;C:\Program Files\MATLAB\R2012b\bin;D:\PROGRAM\MATLAB\R2013b\bin;C:\Program Files (x86)\QuickTime\QTSystem\;C:\Program Files\MATLABMATLAB\bin;C:\Program Files (x86)\Skype\Phone\;C:\Program Files (x86)\MySQL\MySQL Fabric 1.5 ^& MySQL Utilities 1.5\;C:\Program Files (x86)\MySQL\MySQL Fabric 1.5 ^& MySQL Utilities 1.5\Doctrine extensions for PHP\;C:\cygwin64\bin;C:\cygwin64\usr\bin;C:\Program Files\Git\cmd;C:\Program Files (x86)\Heroku\bin;C:\Program Files (x86)\git\cmd;C:\Program Files (x86)\Git\cmd;C:\Python27;C:\Program Files\nodejs\;C:\ant\apache-ant-1.9.7\bin;C:\Program Files (x86)\Yarn\bin;ANDROID_HOME;C:\androidsdkold\sdk\platform-tools;C:\Ruby22\bin;C:\Program Files\adt-bundle-windows-x86_64-20130219\sdk\tools\ant\bin;C:\Program Files\Java\jdk1.8.0_101;C:\Python27;C:\Users\PontusArfwedson\AppData\Roaming\npm;C:\ant\apache-ant-1.9.7\bin;C:\Users\PontusArfwedson\AppData\Local\Yarn\.bin;ANDROID_HOME;C:\androidsdkold\sdk\platform-tools
USERNAME=PontusArfwedson
OS=Windows_NT
PROCESSOR_IDENTIFIER=Intel64 Family 6 Model 42 Stepping 7, GenuineIntel



---------------  S Y S T E M  ---------------

OS: Windows 7 , 64 bit Build 7601 (6.1.7601.23418)

CPU:total 8 (4 cores per cpu, 2 threads per core) family 6 model 42 stepping 7, cmov, cx8, fxsr, mmx, sse, sse2, sse3, ssse3, sse4.1, sse4.2, popcnt, avx, aes, clmul, ht, tsc, tscinvbit

Memory: 4k page, physical 2794184k(148964k free), swap 4274792k(5328k free)

vm_info: Java HotSpot(TM) 64-Bit Server VM (25.101-b13) for windows-amd64 JRE (1.8.0_101-b13), built on Jun 22 2016 01:21:29 by "java_re" with MS VC++ 10.0 (VS2010)

time: Thu Dec 01 21:56:13 2016
elapsed time: 3 seconds (0d 0h 0m 3s)

