#
# A fatal error has been detected by the Java Runtime Environment:
#
#  EXCEPTION_ACCESS_VIOLATION (0xc0000005) at pc=0x000000005d793987, pid=3724, tid=0x0000000000001f74
#
# JRE version: Java(TM) SE Runtime Environment (8.0_101-b13) (build 1.8.0_101-b13)
# Java VM: Java HotSpot(TM) 64-Bit Server VM (25.101-b13 mixed mode windows-amd64 compressed oops)
# Problematic frame:
# V  [jvm.dll+0x213987]
#
# Failed to write core dump. Minidumps are not enabled by default on client versions of Windows
#
# If you would like to submit a bug report, please visit:
#   http://bugreport.java.com/bugreport/crash.jsp
#

---------------  T H R E A D  ---------------

Current thread (0x000000000241f000):  JavaThread "main" [_thread_in_vm, id=8052, stack(0x00000000025c0000,0x00000000026c0000)]

siginfo: ExceptionCode=0xc0000005, writing address 0x00000000026b4f30

Registers:
RAX=0x00000000026b4f30, RBX=0x0000000000000007, RCX=0x0000000000006000, RDX=0x0000000000000016
RSP=0x00000000026baf30, RBP=0x0000000000000000, RSI=0x00000000026baf30, RDI=0x0000000000000007
R8 =0x0000000000000016, R9 =0x000000000241e330, R10=0x0000000054eeddd8, R11=0x00000000025ca148
R12=0x000000000241e330, R13=0x000000000241f000, R14=0x00000000026baff8, R15=0x0000000054eeddd8
RIP=0x000000005d793987, EFLAGS=0x0000000000010206

Top of Stack: (sp=0x00000000026baf30)
0x00000000026baf30:   000000000000001b 000000006b860000
0x00000000026baf40:   000000000241f000 000000000241e330
0x00000000026baf50:   00000000ffffffff 000000005d7948b7
0x00000000026baf60:   00000000026bb060 0000000054eeddd8
0x00000000026baf70:   000000000241f000 000000005d793400
0x00000000026baf80:   0000000000000000 000000005d641b00
0x00000000026baf90:   0000000000002000 00000000bebafeca
0x00000000026bafa0:   0000000054eeddd8 000000000241f000
0x00000000026bafb0:   00000000029a31e0 000000000000001d
0x00000000026bafc0:   000000000000000d 00000000022e6c40
0x00000000026bafd0:   00000000000000be 0000000000060ded
0x00000000026bafe0:   00004c0bd48ac600 0000000054eeddd8
0x00000000026baff0:   000000000241f000 000000000241fb88
0x00000000026bb000:   000000000241fb38 000000005d79d202
0x00000000026bb010:   00000000026bb1b8 000000005d7ac979
0x00000000026bb020:   0000000000000001 000000000235d240 

Instructions: (pc=0x000000005d793987)
0x000000005d793967:   48 89 6c 24 30 33 ed 66 90 e8 cb 37 08 00 ff c3
0x000000005d793977:   48 63 c8 48 8b c6 48 0f af cf 48 ff c7 48 2b c1
0x000000005d793987:   89 28 48 63 c3 48 3b 05 3d 0d 59 00 7e db 48 8b
0x000000005d793997:   6c 24 30 48 8b 5c 24 38 48 8b 74 24 40 48 83 c4 


Register to memory mapping:

RAX=0x00000000026b4f30 is pointing into the stack for thread: 0x000000000241f000
RBX=0x0000000000000007 is an unknown value
RCX=0x0000000000006000 is an unknown value
RDX=0x0000000000000016 is an unknown value
RSP=0x00000000026baf30 is pointing into the stack for thread: 0x000000000241f000
RBP=0x0000000000000000 is an unknown value
RSI=0x00000000026baf30 is pointing into the stack for thread: 0x000000000241f000
RDI=0x0000000000000007 is an unknown value
R8 =0x0000000000000016 is an unknown value
R9 =0x000000000241e330 is an unknown value
R10={method} {0x0000000054eedde0} 'run' '()Ljava/lang/Object;' in 'java/lang/Class$1'
R11=0x00000000025ca148 is pointing into the stack for thread: 0x000000000241f000
R12=0x000000000241e330 is an unknown value
R13=0x000000000241f000 is a thread
R14=0x00000000026baff8 is pointing into the stack for thread: 0x000000000241f000
R15={method} {0x0000000054eedde0} 'run' '()Ljava/lang/Object;' in 'java/lang/Class$1'


Stack: [0x00000000025c0000,0x00000000026c0000],  sp=0x00000000026baf30,  free space=1003k
Native frames: (J=compiled Java code, j=interpreted, Vv=VM code, C=native code)

Java frames: (J=compiled Java code, j=interpreted, Vv=VM code)
j  java.security.AccessController.doPrivileged(Ljava/security/PrivilegedAction;)Ljava/lang/Object;+0
j  java.lang.Class.newInstance()Ljava/lang/Object;+59
j  sun.nio.cs.FastCharsetProvider.lookup(Ljava/lang/String;)Ljava/nio/charset/Charset;+125
j  sun.nio.cs.FastCharsetProvider.charsetForName(Ljava/lang/String;)Ljava/nio/charset/Charset;+10
j  java.nio.charset.Charset.lookup2(Ljava/lang/String;)Ljava/nio/charset/Charset;+39
j  java.nio.charset.Charset.lookup(Ljava/lang/String;)Ljava/nio/charset/Charset;+40
j  java.nio.charset.Charset.forName(Ljava/lang/String;)Ljava/nio/charset/Charset;+1
j  java.nio.charset.StandardCharsets.<clinit>()V+10
v  ~StubRoutines::call_stub
j  java.util.zip.ZipFile.<init>(Ljava/io/File;I)V+3
j  java.util.jar.JarFile.<init>(Ljava/io/File;ZI)V+3
j  java.util.jar.JarFile.<init>(Ljava/lang/String;)V+11
j  sun.misc.URLClassPath$JarLoader.getJarFile(Ljava/net/URL;)Ljava/util/jar/JarFile;+44
j  sun.misc.URLClassPath$JarLoader.access$700(Lsun/misc/URLClassPath$JarLoader;Ljava/net/URL;)Ljava/util/jar/JarFile;+2
j  sun.misc.URLClassPath$JarLoader$1.run()Ljava/lang/Void;+55
j  sun.misc.URLClassPath$JarLoader$1.run()Ljava/lang/Object;+1
v  ~StubRoutines::call_stub
j  java.security.AccessController.doPrivileged(Ljava/security/PrivilegedExceptionAction;)Ljava/lang/Object;+0
j  sun.misc.URLClassPath$JarLoader.ensureOpen()V+15
j  sun.misc.URLClassPath$JarLoader.<init>(Ljava/net/URL;Ljava/net/URLStreamHandler;Ljava/util/HashMap;)V+137
j  sun.misc.URLClassPath$3.run()Lsun/misc/URLClassPath$Loader;+82
j  sun.misc.URLClassPath$3.run()Ljava/lang/Object;+1
v  ~StubRoutines::call_stub
j  java.security.AccessController.doPrivileged(Ljava/security/PrivilegedExceptionAction;)Ljava/lang/Object;+0
j  sun.misc.URLClassPath.getLoader(Ljava/net/URL;)Lsun/misc/URLClassPath$Loader;+9
j  sun.misc.URLClassPath.getLoader(I)Lsun/misc/URLClassPath$Loader;+87
j  sun.misc.URLClassPath.getNextLoader([II)Lsun/misc/URLClassPath$Loader;+84
j  sun.misc.URLClassPath.getResource(Ljava/lang/String;Z)Lsun/misc/Resource;+51
j  java.net.URLClassLoader$1.run()Ljava/lang/Class;+26
j  java.net.URLClassLoader$1.run()Ljava/lang/Object;+1
v  ~StubRoutines::call_stub
j  java.security.AccessController.doPrivileged(Ljava/security/PrivilegedExceptionAction;Ljava/security/AccessControlContext;)Ljava/lang/Object;+0
j  java.net.URLClassLoader.findClass(Ljava/lang/String;)Ljava/lang/Class;+13
j  java.lang.ClassLoader.loadClass(Ljava/lang/String;Z)Ljava/lang/Class;+70
j  sun.misc.Launcher$AppClassLoader.loadClass(Ljava/lang/String;Z)Ljava/lang/Class;+81
j  java.lang.ClassLoader.loadClass(Ljava/lang/String;)Ljava/lang/Class;+3
j  sun.launcher.LauncherHelper.checkAndLoadMain(ZILjava/lang/String;)Ljava/lang/Class;+93
v  ~StubRoutines::call_stub

---------------  P R O C E S S  ---------------

Java Threads: ( => current thread )
  0x00000000567ec800 JavaThread "Service Thread" daemon [_thread_blocked, id=2232, stack(0x0000000058420000,0x0000000058520000)]
  0x0000000056768800 JavaThread "C1 CompilerThread3" daemon [_thread_blocked, id=7040, stack(0x0000000058150000,0x0000000058250000)]
  0x0000000056765800 JavaThread "C2 CompilerThread2" daemon [_thread_blocked, id=7196, stack(0x0000000057d30000,0x0000000057e30000)]
  0x000000005675e800 JavaThread "C2 CompilerThread1" daemon [_thread_blocked, id=4552, stack(0x0000000058270000,0x0000000058370000)]
  0x0000000056746000 JavaThread "C2 CompilerThread0" daemon [_thread_blocked, id=2144, stack(0x0000000058050000,0x0000000058150000)]
  0x0000000056745000 JavaThread "Attach Listener" daemon [_thread_blocked, id=3168, stack(0x0000000057e90000,0x0000000057f90000)]
  0x0000000056743800 JavaThread "Signal Dispatcher" daemon [_thread_blocked, id=7828, stack(0x0000000057c20000,0x0000000057d20000)]
  0x00000000557a3000 JavaThread "Finalizer" daemon [_thread_blocked, id=4480, stack(0x0000000057a70000,0x0000000057b70000)]
  0x0000000055799800 JavaThread "Reference Handler" daemon [_thread_blocked, id=1500, stack(0x00000000578f0000,0x00000000579f0000)]
=>0x000000000241f000 JavaThread "main" [_thread_in_vm, id=8052, stack(0x00000000025c0000,0x00000000026c0000)]

Other Threads:
  0x00000000566f2800 VMThread [stack: 0x0000000057770000,0x0000000057870000] [id=1156]
  0x00000000567f3000 WatcherThread [stack: 0x00000000586c0000,0x00000000587c0000] [id=5316]

VM state:not at safepoint (normal execution)

VM Mutex/Monitor currently owned by a thread: None

Heap:
 PSYoungGen      total 13312K, used 706K [0x00000000eab00000, 0x00000000eb980000, 0x0000000100000000)
  eden space 11776K, 6% used [0x00000000eab00000,0x00000000eabb0ac0,0x00000000eb680000)
  from space 1536K, 0% used [0x00000000eb800000,0x00000000eb800000,0x00000000eb980000)
  to   space 1536K, 0% used [0x00000000eb680000,0x00000000eb680000,0x00000000eb800000)
 ParOldGen       total 30208K, used 0K [0x00000000c0000000, 0x00000000c1d80000, 0x00000000eab00000)
  object space 30208K, 0% used [0x00000000c0000000,0x00000000c0000000,0x00000000c1d80000)
 Metaspace       used 2417K, capacity 4480K, committed 4480K, reserved 1056768K
  class space    used 265K, capacity 384K, committed 384K, reserved 1048576K

Card table byte_map: [0x0000000011d50000,0x0000000011f60000] byte_map_base: 0x0000000011750000

Marking Bits: (ParMarkBitMap*) 0x000000005dd9a6d0
 Begin Bits: [0x0000000012bb0000, 0x0000000013bb0000)
 End Bits:   [0x0000000013bb0000, 0x0000000014bb0000)

Polling page: 0x0000000000340000

CodeCache: size=245760Kb used=1091Kb max_used=1091Kb free=244668Kb
 bounds [0x0000000002990000, 0x0000000002c00000, 0x0000000011990000]
 total_blobs=247 nmethods=20 adapters=141
 compilation: enabled

Compilation events (10 events):
Event: 0.179 Thread 0x0000000056768800   17       3       java.util.Arrays::copyOfRange (63 bytes)
Event: 0.180 Thread 0x0000000056768800 nmethod 17 0x0000000002a9e190 code [0x0000000002a9e3a0, 0x0000000002a9eeb8]
Event: 0.180 Thread 0x0000000056768800   16       3       java.lang.AbstractStringBuilder::append (29 bytes)
Event: 0.181 Thread 0x0000000056768800 nmethod 16 0x0000000002a9f410 code [0x0000000002a9f580, 0x0000000002a9f888]
Event: 0.181 Thread 0x0000000056768800   18  s    3       java.lang.StringBuffer::append (13 bytes)
Event: 0.181 Thread 0x0000000056768800 nmethod 18 0x0000000002a9fa10 code [0x0000000002a9fba0, 0x0000000002aa0088]
Event: 0.181 Thread 0x0000000056768800   19       3       java.io.WinNTFileSystem::isSlash (18 bytes)
Event: 0.181 Thread 0x0000000056768800 nmethod 19 0x0000000002aa02d0 code [0x0000000002aa0420, 0x0000000002aa0610]
Event: 0.184 Thread 0x0000000056768800   20       3       java.lang.String::equals (81 bytes)
Event: 0.184 Thread 0x0000000056768800 nmethod 20 0x0000000002aa0690 code [0x0000000002aa0820, 0x0000000002aa0d70]

GC Heap History (0 events):
No events

Deoptimization events (0 events):
No events

Internal exceptions (3 events):
Event: 0.041 Thread 0x000000000241f000 Exception <a 'java/lang/StackOverflowError'> (0x00000000eab07ce0) thrown at [C:\re\workspace\8-2-build-windows-amd64-cygwin\jdk8u101\7261\hotspot\src\share\vm\interpreter\interpreterRuntime.cpp, line 323]
Event: 0.041 Thread 0x000000000241f000 Exception <a 'java/lang/StackOverflowError': Method sun.misc.Unsafe.defineClass(Ljava/lang/String;[BII)Ljava/lang/Class; name or signature does not match> (0x00000000eab07ce0) thrown at [C:\re\workspace\8-2-build-windows-amd64-cygwin\jdk8u101\7261\hotspot\‹øaDS¥?
Event: 0.042 Thread 0x000000000241f000 Exception <a 'java/lang/NoSuchMethodError': Method sun.misc.Unsafe.prefetchRead(Ljava/lang/Object;J)V name or signature does not match> (0x00000000eab07fc8) thrown at [C:\re\workspace\8-2-build-windows-amd64-cygwin\jdk8u101\7261\hotspot\src\share\vm\prims\

Events (10 events):
Event: 0.183 loading class java/util/jar/JavaUtilJarAccessImpl
Event: 0.183 loading class sun/misc/JavaUtilJarAccess
Event: 0.183 loading class sun/misc/JavaUtilJarAccess done
Event: 0.183 loading class java/util/jar/JavaUtilJarAccessImpl done
Event: 0.183 loading class java/nio/charset/StandardCharsets
Event: 0.184 loading class java/nio/charset/StandardCharsets done
Event: 0.184 loading class sun/nio/cs/US_ASCII
Event: 0.185 loading class sun/nio/cs/US_ASCII done
Event: 0.185 loading class sun/nio/cs/ISO_8859_1
Event: 0.185 loading class sun/nio/cs/ISO_8859_1 done


Dynamic libraries:
0x000000013f0c0000 - 0x000000013f0f7000 	C:\JAVAJDK18\jdk1.8.0_101\bin\java.exe
0x00000000770a0000 - 0x000000007724a000 	C:\Windows\SYSTEM32\ntdll.dll
0x0000000076f80000 - 0x000000007709f000 	C:\Windows\system32\kernel32.dll
0x000007fefd120000 - 0x000007fefd18a000 	C:\Windows\system32\KERNELBASE.dll
0x000007feff090000 - 0x000007feff16b000 	C:\Windows\system32\ADVAPI32.dll
0x000007feff1b0000 - 0x000007feff24f000 	C:\Windows\system32\msvcrt.dll
0x000007fefeda0000 - 0x000007fefedbf000 	C:\Windows\SYSTEM32\sechost.dll
0x000007fefe840000 - 0x000007fefe96d000 	C:\Windows\system32\RPCRT4.dll
0x0000000076e80000 - 0x0000000076f7a000 	C:\Windows\system32\USER32.dll
0x000007fefee40000 - 0x000007fefeea7000 	C:\Windows\system32\GDI32.dll
0x000007feff170000 - 0x000007feff17e000 	C:\Windows\system32\LPK.dll
0x000007fefdf30000 - 0x000007fefdffa000 	C:\Windows\system32\USP10.dll
0x000007fefb690000 - 0x000007fefb884000 	C:\Windows\WinSxS\amd64_microsoft.windows.common-controls_6595b64144ccf1df_6.0.7601.18837_none_fa3b1e3d17594757\COMCTL32.dll
0x000007feff250000 - 0x000007feff2c1000 	C:\Windows\system32\SHLWAPI.dll
0x000007feff180000 - 0x000007feff1ae000 	C:\Windows\system32\IMM32.DLL
0x000007fefe9c0000 - 0x000007fefeac9000 	C:\Windows\system32\MSCTF.dll
0x000007fefcd10000 - 0x000007fefcd4f000 	C:\Windows\system32\nvinitx.dll
0x00000000665c0000 - 0x0000000066692000 	C:\JAVAJDK18\jdk1.8.0_101\jre\bin\msvcr100.dll
0x000000005d580000 - 0x000000005de1a000 	C:\JAVAJDK18\jdk1.8.0_101\jre\bin\server\jvm.dll
0x000007fef8a10000 - 0x000007fef8a19000 	C:\Windows\system32\WSOCK32.dll
0x000007fefe970000 - 0x000007fefe9bd000 	C:\Windows\system32\WS2_32.dll
0x000007fefe7b0000 - 0x000007fefe7b8000 	C:\Windows\system32\NSI.dll
0x000007fefab90000 - 0x000007fefabcb000 	C:\Windows\system32\WINMM.dll
0x000007fefc620000 - 0x000007fefc62c000 	C:\Windows\system32\VERSION.dll
0x0000000077260000 - 0x0000000077267000 	C:\Windows\system32\PSAPI.DLL
0x000000006b8f0000 - 0x000000006b8ff000 	C:\JAVAJDK18\jdk1.8.0_101\jre\bin\verify.dll
0x000000006b880000 - 0x000000006b8a9000 	C:\JAVAJDK18\jdk1.8.0_101\jre\bin\java.dll
0x000000006b860000 - 0x000000006b876000 	C:\JAVAJDK18\jdk1.8.0_101\jre\bin\zip.dll
0x000007fefd1a0000 - 0x000007fefdf2c000 	C:\Windows\system32\SHELL32.dll
0x000007fefe0a0000 - 0x000007fefe2a3000 	C:\Windows\system32\ole32.dll
0x000007fefcde0000 - 0x000007fefcdef000 	C:\Windows\system32\profapi.dll
0x000007fef5860000 - 0x000007fef5985000 	C:\Windows\system32\dbghelp.dll

VM Arguments:
jvm_args: -Djava.awt.headless=true -Xmx1024M -Dfile.encoding=windows-1252 -Duser.country=SE -Duser.language=sv -Duser.variant 
java_command: com.android.dx.command.Main --dex --force-jumbo --num-threads=4 --multi-dex --output C:\Users\PontusArfwedson\AndroidStudioProjects\YelpMe\app\build\intermediates\transforms\dex\debug\folders\1000\5\slice_8 C:\Users\PontusArfwedson\AndroidStudioProjects\YelpMe\app\build\intermediates\transforms\instantRunSlicer\debug\folders\1\5\slice_8
java_class_path (initial): C:\androidsdkold\sdk\build-tools\24.0.3\lib\dx.jar
Launcher Type: SUN_STANDARD

Environment Variables:
JAVA_HOME=C:\Program Files\Java\jdk1.8.0_101
CLASSPATH=C:\Program Files (x86)\QuickTime\QTSystem\QTJava.zip
PATH=C:\ProgramData\Oracle\Java\javapath;C:\Program Files (x86)\NVIDIA Corporation\PhysX\Common;C:\Program Files\Common Files\Microsoft Shared\Windows Live;C:\Program Files (x86)\Common Files\Microsoft Shared\Windows Live;C:\Windows\system32;C:\Windows;C:\Windows\System32\Wbem;C:\Windows\System32\WindowsPowerShell\v1.0\;C:\Program Files (x86)\Windows Live\Shared;C:\Program Files\Intel\WiFi\bin\;C:\Program Files\Common Files\Intel\WirelessCommon\;C:\Program Files\MATLAB\R2012b\runtime\win64;C:\Program Files\MATLAB\R2012b\bin;D:\PROGRAM\MATLAB\R2013b\bin;C:\Program Files (x86)\QuickTime\QTSystem\;C:\Program Files\MATLABMATLAB\bin;C:\Program Files (x86)\Skype\Phone\;C:\Program Files (x86)\MySQL\MySQL Fabric 1.5 ^& MySQL Utilities 1.5\;C:\Program Files (x86)\MySQL\MySQL Fabric 1.5 ^& MySQL Utilities 1.5\Doctrine extensions for PHP\;C:\cygwin64\bin;C:\cygwin64\usr\bin;C:\Program Files\Git\cmd;C:\Program Files (x86)\Heroku\bin;C:\Program Files (x86)\git\cmd;C:\Program Files (x86)\Git\cmd;C:\Python27;C:\Program Files\nodejs\;C:\ant\apache-ant-1.9.7\bin;C:\Program Files (x86)\Yarn\bin;ANDROID_HOME;C:\androidsdkold\sdk\platform-tools;C:\Ruby22\bin;C:\Program Files\adt-bundle-windows-x86_64-20130219\sdk\tools\ant\bin;C:\Program Files\Java\jdk1.8.0_101;C:\Python27;C:\Users\PontusArfwedson\AppData\Roaming\npm;C:\ant\apache-ant-1.9.7\bin;C:\Users\PontusArfwedson\AppData\Local\Yarn\.bin;ANDROID_HOME;C:\androidsdkold\sdk\platform-tools
USERNAME=PontusArfwedson
OS=Windows_NT
PROCESSOR_IDENTIFIER=Intel64 Family 6 Model 42 Stepping 7, GenuineIntel



---------------  S Y S T E M  ---------------

OS: Windows 7 , 64 bit Build 7601 (6.1.7601.23418)

CPU:total 8 (4 cores per cpu, 2 threads per core) family 6 model 42 stepping 7, cmov, cx8, fxsr, mmx, sse, sse2, sse3, ssse3, sse4.1, sse4.2, popcnt, avx, aes, clmul, ht, tsc, tscinvbit

Memory: 4k page, physical 2794184k(190052k free), swap 4274792k(191436k free)

vm_info: Java HotSpot(TM) 64-Bit Server VM (25.101-b13) for windows-amd64 JRE (1.8.0_101-b13), built on Jun 22 2016 01:21:29 by "java_re" with MS VC++ 10.0 (VS2010)

time: Thu Dec 01 21:52:00 2016
elapsed time: 0 seconds (0d 0h 0m 0s)

