#
# There is insufficient memory for the Java Runtime Environment to continue.
# Native memory allocation (malloc) failed to allocate 32744 bytes for ChunkPool::allocate
# Possible reasons:
#   The system is out of physical RAM or swap space
#   In 32 bit mode, the process size limit was hit
# Possible solutions:
#   Reduce memory load on the system
#   Increase physical memory or swap space
#   Check if swap backing store is full
#   Use 64 bit Java on a 64 bit OS
#   Decrease Java heap size (-Xmx/-Xms)
#   Decrease number of Java threads
#   Decrease Java thread stack sizes (-Xss)
#   Set larger code cache with -XX:ReservedCodeCacheSize=
# This output file may be truncated or incomplete.
#
#  Out of Memory Error (allocation.cpp:273), pid=5980, tid=0x0000000000000884
#
# JRE version: Java(TM) SE Runtime Environment (8.0_101-b13) (build 1.8.0_101-b13)
# Java VM: Java HotSpot(TM) 64-Bit Server VM (25.101-b13 mixed mode windows-amd64 compressed oops)
# Failed to write core dump. Minidumps are not enabled by default on client versions of Windows
#

---------------  T H R E A D  ---------------

Current thread (0x00000000567fb800):  JavaThread "C1 CompilerThread3" daemon [_thread_in_native, id=2180, stack(0x0000000058490000,0x0000000058590000)]

Stack: [0x0000000058490000,0x0000000058590000]
[error occurred during error reporting (printing stack bounds), id 0xc0000005]

Native frames: (J=compiled Java code, j=interpreted, Vv=VM code, C=native code)


Current CompileTask:
C1:    589  645   !   3      
[error occurred during error reporting (printing current compile task), id 0xe0000001]


---------------  P R O C E S S  ---------------

Java Threads: ( => current thread )
  0x00000000569b9800 JavaThread "pool-2-thread-4" [_thread_blocked, id=2320, stack(0x0000000058c70000,0x0000000058d70000)]
  0x0000000056973000 JavaThread "pool-2-thread-2" [_thread_in_Java, id=1212, stack(0x00000000589d0000,0x0000000058ad0000)]
  0x0000000056972800 JavaThread "pool-3-thread-1" [_thread_blocked, id=6920, stack(0x0000000058830000,0x0000000058930000)]
  0x000000005687f800 JavaThread "Service Thread" daemon [_thread_blocked, id=3656, stack(0x0000000058590000,0x0000000058690000)]
=>0x00000000567fb800 JavaThread "C1 CompilerThread3" daemon [_thread_in_native, id=2180, stack(0x0000000058490000,0x0000000058590000)]
  0x00000000567f2000 JavaThread "C2 CompilerThread2" daemon [_thread_blocked, id=2876, stack(0x0000000058320000,0x0000000058420000)]
  0x00000000567e6800 JavaThread "C2 CompilerThread1" daemon [_thread_in_native, id=7556, stack(0x00000000581f0000,0x00000000582f0000)]
  0x00000000567dd000 JavaThread "C2 CompilerThread0" daemon [_thread_in_native, id=5376, stack(0x0000000057f60000,0x0000000058060000)]
  0x00000000567db800 JavaThread "Attach Listener" daemon [_thread_blocked, id=912, stack(0x0000000057db0000,0x0000000057eb0000)]
  0x00000000567da000 JavaThread "Signal Dispatcher" daemon [_thread_blocked, id=1460, stack(0x0000000057c50000,0x0000000057d50000)]
  0x000000005561e800 JavaThread "Finalizer" daemon [_thread_blocked, id=7388, stack(0x0000000057b20000,0x0000000057c20000)]
  0x0000000055616800 JavaThread "Reference Handler" daemon [_thread_blocked, id=5844, stack(0x0000000057990000,0x0000000057a90000)]
  0x0000000001d9f000 JavaThread "main" [_thread_blocked, id=5332, stack(0x0000000002620000,0x0000000002720000)]

Other Threads:
  0x0000000056790800 VMThread [stack: 0x0000000057750000,0x0000000057850000] [id=3392]
  0x0000000056862000 WatcherThread [stack: 0x00000000580c0000,0x00000000581c0000] [id=6604]

VM state:not at safepoint (normal execution)

VM Mutex/Monitor currently owned by a thread:  ([mutex/lock_event])
[0x0000000001d9d1d0] Heap_lock - owner thread: 0x00000000569b9800

Heap:
 PSYoungGen      total 13312K, used 11776K [0x00000000eab00000, 0x00000000eb980000, 0x0000000100000000)
  eden space 11776K, 100% used [0x00000000eab00000,0x00000000eb680000,0x00000000eb680000)
  from space 1536K, 0% used [0x00000000eb800000,0x00000000eb800000,0x00000000eb980000)
  to   space 1536K, 0% used [0x00000000eb680000,0x00000000eb680000,0x00000000eb800000)
 ParOldGen       total 30208K, used 0K [0x00000000c0000000, 0x00000000c1d80000, 0x00000000eab00000)
  object space 30208K, 0% used [0x00000000c0000000,0x00000000c0000000,0x00000000c1d80000)
 Metaspace       used 5509K, capacity 6640K, committed 6784K, reserved 1056768K
  class space    used 583K, capacity 616K, committed 640K, reserved 1048576K

Card table byte_map: [0x0000000011db0000,0x0000000011fc0000] byte_map_base: 0x00000000117b0000

Marking Bits: (ParMarkBitMap*) 0x000000005dd9a6d0
 Begin Bits: [0x0000000012a30000, 0x0000000013a30000)
 End Bits:   [0x0000000013a30000, 0x0000000014a30000)

Polling page: 0x0000000000130000

CodeCache: size=245760Kb used=2468Kb max_used=2480Kb free=243291Kb
 bounds [0x00000000029f0000, 0x0000000002c60000, 0x00000000119f0000]
 total_blobs=899 nmethods=636 adapters=176
 compilation: enabled

Compilation events (10 events):
Event: 0.563 Thread 0x00000000567fb800 nmethod 601 0x0000000002c59090 code [0x0000000002c59200, 0x0000000002c594a8]
Event: 0.563 Thread 0x00000000567fb800  645   !   3       com.android.dx.cf.code.RopperMachine::run (1550 bytes)
Event: 0.570 Thread 0x00000000567f2000  651       4       com.android.dx.rop.code.RegisterSpec::getCategory (13 bytes)
Event: 0.571 Thread 0x00000000567f2000 nmethod 651 0x0000000002c54110 code [0x0000000002c54260, 0x0000000002c54318]
Event: 0.572 Thread 0x00000000567f2000  652   !   4       com.android.dx.rop.code.RegisterSpecSet::put (104 bytes)
Event: 0.572 Thread 0x00000000567e6800 nmethod 644 0x0000000002c5a150 code [0x0000000002c5a2c0, 0x0000000002c5a798]
Event: 0.573 Thread 0x00000000567e6800  653       4       java.util.ArrayList::ensureExplicitCapacity (26 bytes)
Event: 0.576 Thread 0x00000000567e6800 nmethod 653 0x0000000002c59c50 code [0x0000000002c59da0, 0x0000000002c59fd8]
Event: 0.576 Thread 0x00000000567e6800  654   !   4       com.android.dx.rop.code.RegisterSpec::intern (70 bytes)
Event: 0.576 Thread 0x00000000567f2000 nmethod 652 0x0000000002c5de50 code [0x0000000002c5dfc0, 0x0000000002c5e258]

GC Heap History (0 events):
No events

Deoptimization events (2 events):
Event: 0.458 Thread 0x0000000056970800 Uncommon trap: reason=unstable_if action=reinterpret pc=0x0000000002bbca6c method=java.util.HashMap.getNode(ILjava/lang/Object;)Ljava/util/HashMap$Node; @ 62
Event: 0.550 Thread 0x00000000569b9800 Uncommon trap: reason=unstable_if action=reinterpret pc=0x0000000002bdc864 method=java.util.BitSet.ensureCapacity(I)V @ 6

Internal exceptions (2 events):
Event: 0.037 Thread 0x0000000001d9f000 Exception <a 'java/lang/NoSuchMethodError': Method sun.misc.Unsafe.defineClass(Ljava/lang/String;[BII)Ljava/lang/Class; name or signature does not match> (0x00000000eab07cc0) thrown at [C:\re\workspace\8-2-build-windows-amd64-cygwin\jdk8u101\7261\hotspot\sa‡t½·¢?
Event: 0.037 Thread 0x0000000001d9f000 Exception <a 'java/lang/NoSuchMethodError': Method sun.misc.Unsafe.prefetchRead(Ljava/lang/Object;J)V name or signature does not match> (0x00000000eab07fa8) thrown at [C:\re\workspace\8-2-build-windows-amd64-cygwin\jdk8u101\7261\hotspot\src\share\vm\prims\

Events (10 events):
Event: 0.512 loading class java/util/TreeMap$EntrySet done
Event: 0.512 loading class java/util/TreeMap$EntryIterator
Event: 0.512 loading class java/util/TreeMap$EntryIterator done
Event: 0.550 Thread 0x00000000569b9800 Uncommon trap: trap_request=0xffffff65 fr.pc=0x0000000002bdc864
Event: 0.550 Thread 0x00000000569b9800 DEOPT PACKING pc=0x0000000002bdc864 sp=0x0000000058d6e720
Event: 0.550 Thread 0x00000000569b9800 DEOPT UNPACKING pc=0x0000000002a3582a sp=0x0000000058d6e608 mode 2
Event: 0.557 loading class java/util/ArrayList$1
Event: 0.558 loading class java/util/ArrayList$1 done
Event: 0.565 Executing VM operation: ForceSafepoint
Event: 0.569 Executing VM operation: ForceSafepoint done


Dynamic libraries:
0x000000013f0c0000 - 0x000000013f0f7000 	C:\JAVAJDK18\jdk1.8.0_101\bin\java.exe
0x00000000770a0000 - 0x000000007724a000 	C:\Windows\SYSTEM32\ntdll.dll
0x0000000076f80000 - 0x000000007709f000 	C:\Windows\system32\kernel32.dll
0x000007fefd120000 - 0x000007fefd18a000 	C:\Windows\system32\KERNELBASE.dll
0x000007feff090000 - 0x000007feff16b000 	C:\Windows\system32\ADVAPI32.dll
0x000007feff1b0000 - 0x000007feff24f000 	C:\Windows\system32\msvcrt.dll
0x000007fefeda0000 - 0x000007fefedbf000 	C:\Windows\SYSTEM32\sechost.dll
0x000007fefe840000 - 0x000007fefe96d000 	C:\Windows\system32\RPCRT4.dll
0x0000000076e80000 - 0x0000000076f7a000 	C:\Windows\system32\USER32.dll
0x000007fefee40000 - 0x000007fefeea7000 	C:\Windows\system32\GDI32.dll
0x000007feff170000 - 0x000007feff17e000 	C:\Windows\system32\LPK.dll
0x000007fefdf30000 - 0x000007fefdffa000 	C:\Windows\system32\USP10.dll
0x000007fefb690000 - 0x000007fefb884000 	C:\Windows\WinSxS\amd64_microsoft.windows.common-controls_6595b64144ccf1df_6.0.7601.18837_none_fa3b1e3d17594757\COMCTL32.dll
0x000007feff250000 - 0x000007feff2c1000 	C:\Windows\system32\SHLWAPI.dll
0x000007feff180000 - 0x000007feff1ae000 	C:\Windows\system32\IMM32.DLL
0x000007fefe9c0000 - 0x000007fefeac9000 	C:\Windows\system32\MSCTF.dll
0x000007fefcd10000 - 0x000007fefcd4f000 	C:\Windows\system32\nvinitx.dll
0x00000000665c0000 - 0x0000000066692000 	C:\JAVAJDK18\jdk1.8.0_101\jre\bin\msvcr100.dll
0x000000005d580000 - 0x000000005de1a000 	C:\JAVAJDK18\jdk1.8.0_101\jre\bin\server\jvm.dll
0x000007fef8a10000 - 0x000007fef8a19000 	C:\Windows\system32\WSOCK32.dll
0x000007fefe970000 - 0x000007fefe9bd000 	C:\Windows\system32\WS2_32.dll
0x000007fefe7b0000 - 0x000007fefe7b8000 	C:\Windows\system32\NSI.dll
0x000007fefab90000 - 0x000007fefabcb000 	C:\Windows\system32\WINMM.dll
0x000007fefc620000 - 0x000007fefc62c000 	C:\Windows\system32\VERSION.dll
0x0000000077260000 - 0x0000000077267000 	C:\Windows\system32\PSAPI.DLL
0x000000006b8f0000 - 0x000000006b8ff000 	C:\JAVAJDK18\jdk1.8.0_101\jre\bin\verify.dll
0x000000006b880000 - 0x000000006b8a9000 	C:\JAVAJDK18\jdk1.8.0_101\jre\bin\java.dll
0x000000006b860000 - 0x000000006b876000 	C:\JAVAJDK18\jdk1.8.0_101\jre\bin\zip.dll
0x000007fefd1a0000 - 0x000007fefdf2c000 	C:\Windows\system32\SHELL32.dll
0x000007fefe0a0000 - 0x000007fefe2a3000 	C:\Windows\system32\ole32.dll
0x000007fefcde0000 - 0x000007fefcdef000 	C:\Windows\system32\profapi.dll

VM Arguments:
jvm_args: -Djava.awt.headless=true -Xmx1024M -Dfile.encoding=windows-1252 -Duser.country=SE -Duser.language=sv -Duser.variant 
java_command: com.android.dx.command.Main --dex --force-jumbo --num-threads=4 --multi-dex --output C:\Users\PontusArfwedson\AndroidStudioProjects\YelpMe\app\build\intermediates\transforms\dex\debug\folders\1000\10\internal_impl-24.2.1_73753fd84550e378d057e9799f0a6aba186bef5a C:\Users\PontusArfwedson\AndroidStudioProjects\YelpMe\app\build\intermediates\exploded-aar\com.android.support\support-fragment\24.2.1\jars\libs\internal_impl-24.2.1.jar
java_class_path (initial): C:\androidsdkold\sdk\build-tools\24.0.3\lib\dx.jar
Launcher Type: SUN_STANDARD

Environment Variables:
JAVA_HOME=C:\Program Files\Java\jdk1.8.0_101
CLASSPATH=C:\Program Files (x86)\QuickTime\QTSystem\QTJava.zip
PATH=C:\ProgramData\Oracle\Java\javapath;C:\Program Files (x86)\NVIDIA Corporation\PhysX\Common;C:\Program Files\Common Files\Microsoft Shared\Windows Live;C:\Program Files (x86)\Common Files\Microsoft Shared\Windows Live;C:\Windows\system32;C:\Windows;C:\Windows\System32\Wbem;C:\Windows\System32\WindowsPowerShell\v1.0\;C:\Program Files (x86)\Windows Live\Shared;C:\Program Files\Intel\WiFi\bin\;C:\Program Files\Common Files\Intel\WirelessCommon\;C:\Program Files\MATLAB\R2012b\runtime\win64;C:\Program Files\MATLAB\R2012b\bin;D:\PROGRAM\MATLAB\R2013b\bin;C:\Program Files (x86)\QuickTime\QTSystem\;C:\Program Files\MATLABMATLAB\bin;C:\Program Files (x86)\Skype\Phone\;C:\Program Files (x86)\MySQL\MySQL Fabric 1.5 ^& MySQL Utilities 1.5\;C:\Program Files (x86)\MySQL\MySQL Fabric 1.5 ^& MySQL Utilities 1.5\Doctrine extensions for PHP\;C:\cygwin64\bin;C:\cygwin64\usr\bin;C:\Program Files\Git\cmd;C:\Program Files (x86)\Heroku\bin;C:\Program Files (x86)\git\cmd;C:\Program Files (x86)\Git\cmd;C:\Python27;C:\Program Files\nodejs\;C:\ant\apache-ant-1.9.7\bin;C:\Program Files (x86)\Yarn\bin;ANDROID_HOME;C:\androidsdkold\sdk\platform-tools;C:\Ruby22\bin;C:\Program Files\adt-bundle-windows-x86_64-20130219\sdk\tools\ant\bin;C:\Program Files\Java\jdk1.8.0_101;C:\Python27;C:\Users\PontusArfwedson\AppData\Roaming\npm;C:\ant\apache-ant-1.9.7\bin;C:\Users\PontusArfwedson\AppData\Local\Yarn\.bin;ANDROID_HOME;C:\androidsdkold\sdk\platform-tools
USERNAME=PontusArfwedson
OS=Windows_NT
PROCESSOR_IDENTIFIER=Intel64 Family 6 Model 42 Stepping 7, GenuineIntel



---------------  S Y S T E M  ---------------

OS: Windows 7 , 64 bit Build 7601 (6.1.7601.23418)

CPU:total 8 (4 cores per cpu, 2 threads per core) family 6 model 42 stepping 7, cmov, cx8, fxsr, mmx, sse, sse2, sse3, ssse3, sse4.1, sse4.2, popcnt, avx, aes, clmul, ht, tsc, tscinvbit

Memory: 4k page, physical 2794184k(186556k free), swap 4274792k(5092k free)

vm_info: Java HotSpot(TM) 64-Bit Server VM (25.101-b13) for windows-amd64 JRE (1.8.0_101-b13), built on Jun 22 2016 01:21:29 by "java_re" with MS VC++ 10.0 (VS2010)

time: Thu Dec 01 21:52:41 2016
elapsed time: 0 seconds (0d 0h 0m 0s)

