#
# There is insufficient memory for the Java Runtime Environment to continue.
# Native memory allocation (malloc) failed to allocate 294496 bytes for Chunk::new
# Possible reasons:
#   The system is out of physical RAM or swap space
#   In 32 bit mode, the process size limit was hit
# Possible solutions:
#   Reduce memory load on the system
#   Increase physical memory or swap space
#   Check if swap backing store is full
#   Use 64 bit Java on a 64 bit OS
#   Decrease Java heap size (-Xmx/-Xms)
#   Decrease number of Java threads
#   Decrease Java thread stack sizes (-Xss)
#   Set larger code cache with -XX:ReservedCodeCacheSize=
# This output file may be truncated or incomplete.
#
#  Out of Memory Error (allocation.cpp:390), pid=7284, tid=0x00000000000006a8
#
# JRE version: Java(TM) SE Runtime Environment (8.0_101-b13) (build 1.8.0_101-b13)
# Java VM: Java HotSpot(TM) 64-Bit Server VM (25.101-b13 mixed mode windows-amd64 compressed oops)
# Failed to write core dump. Minidumps are not enabled by default on client versions of Windows
#

---------------  T H R E A D  ---------------

Current thread (0x000000005689d000):  JavaThread "C2 CompilerThread2" daemon [_thread_in_native, id=1704, stack(0x0000000058250000,0x0000000058350000)]

Stack: [0x0000000058250000,0x0000000058350000]
[error occurred during error reporting (printing stack bounds), id 0xc0000005]

Native frames: (J=compiled Java code, j=interpreted, Vv=VM code, C=native code)


Current CompileTask:
C2:   4320 1507       4       com.android.dx.ssa.back.SsaToRop$1::visitBlock (97 bytes)


---------------  P R O C E S S  ---------------

Java Threads: ( => current thread )
  0x0000000056a9b800 JavaThread "pool-2-thread-4" [_thread_blocked, id=5224, stack(0x0000000059530000,0x0000000059630000)]
  0x0000000056a97800 JavaThread "pool-2-thread-3" [_thread_blocked, id=1036, stack(0x0000000058360000,0x0000000058460000)]
  0x0000000056a97000 JavaThread "pool-2-thread-2" [_thread_blocked, id=4964, stack(0x00000000593e0000,0x00000000594e0000)]
  0x0000000056a95800 JavaThread "pool-3-thread-1" [_thread_blocked, id=6256, stack(0x0000000059260000,0x0000000059360000)]
  0x0000000056a92800 JavaThread "pool-2-thread-1" [_thread_blocked, id=7184, stack(0x0000000059100000,0x0000000059200000)]
  0x00000000568a7000 JavaThread "Service Thread" daemon [_thread_blocked, id=292, stack(0x00000000585e0000,0x00000000586e0000)]
  0x000000005689d800 JavaThread "C1 CompilerThread3" daemon [_thread_blocked, id=2556, stack(0x0000000058460000,0x0000000058560000)]
=>0x000000005689d000 JavaThread "C2 CompilerThread2" daemon [_thread_in_native, id=1704, stack(0x0000000058250000,0x0000000058350000)]
  0x0000000056852800 JavaThread "C2 CompilerThread1" daemon [_thread_in_native, id=6004, stack(0x00000000580c0000,0x00000000581c0000)]
  0x000000005682d000 JavaThread "C2 CompilerThread0" daemon [_thread_in_native, id=1784, stack(0x0000000057f70000,0x0000000058070000)]
  0x000000005682b800 JavaThread "Attach Listener" daemon [_thread_blocked, id=1300, stack(0x0000000057de0000,0x0000000057ee0000)]
  0x000000005682a800 JavaThread "Signal Dispatcher" daemon [_thread_blocked, id=3880, stack(0x0000000057c80000,0x0000000057d80000)]
  0x000000005566e800 JavaThread "Finalizer" daemon [_thread_blocked, id=7504, stack(0x0000000057ab0000,0x0000000057bb0000)]
  0x0000000055666800 JavaThread "Reference Handler" daemon [_thread_blocked, id=3188, stack(0x0000000057910000,0x0000000057a10000)]
  0x0000000001ddf000 JavaThread "main" [_thread_blocked, id=7824, stack(0x0000000002670000,0x0000000002770000)]

Other Threads:
  0x00000000567e0800 VMThread [stack: 0x00000000577a0000,0x00000000578a0000] [id=5144]
  0x00000000568ad800 WatcherThread [stack: 0x0000000058790000,0x0000000058890000] [id=1640]

VM state:not at safepoint (normal execution)

VM Mutex/Monitor currently owned by a thread: None

Heap:
 PSYoungGen      total 25088K, used 12723K [0x00000000eab00000, 0x00000000ec500000, 0x0000000100000000)
  eden space 23552K, 47% used [0x00000000eab00000,0x00000000eb5f4ea0,0x00000000ec200000)
  from space 1536K, 97% used [0x00000000ec200000,0x00000000ec378030,0x00000000ec380000)
  to   space 1536K, 0% used [0x00000000ec380000,0x00000000ec380000,0x00000000ec500000)
 ParOldGen       total 30208K, used 8380K [0x00000000c0000000, 0x00000000c1d80000, 0x00000000eab00000)
  object space 30208K, 27% used [0x00000000c0000000,0x00000000c082f218,0x00000000c1d80000)
 Metaspace       used 6163K, capacity 7000K, committed 7168K, reserved 1056768K
  class space    used 615K, capacity 656K, committed 768K, reserved 1048576K

Card table byte_map: [0x0000000011e00000,0x0000000012010000] byte_map_base: 0x0000000011800000

Marking Bits: (ParMarkBitMap*) 0x000000005dd9a6d0
 Begin Bits: [0x0000000012a80000, 0x0000000013a80000)
 End Bits:   [0x0000000013a80000, 0x0000000014a80000)

Polling page: 0x0000000000330000

CodeCache: size=245760Kb used=6196Kb max_used=6212Kb free=239563Kb
 bounds [0x0000000002a40000, 0x0000000003060000, 0x0000000011a40000]
 total_blobs=1769 nmethods=1500 adapters=182
 compilation: enabled

Compilation events (10 events):
Event: 4.238 Thread 0x000000005689d800 1508       3       com.android.dx.rop.cst.CstMethodRef::<init> (7 bytes)
Event: 4.238 Thread 0x000000005689d800 nmethod 1508 0x000000000302a490 code [0x000000000302a620, 0x000000000302aa38]
Event: 4.243 Thread 0x000000005689d800 1509       3       java.util.TreeMap::<init> (20 bytes)
Event: 4.243 Thread 0x000000005689d800 nmethod 1509 0x000000000304d190 code [0x000000000304d300, 0x000000000304d530]
Event: 4.274 Thread 0x000000005682d000 nmethod 1495 0x0000000003051110 code [0x0000000003051300, 0x00000000030521c8]
Event: 4.274 Thread 0x000000005682d000 1499       4       com.android.dx.ssa.SCCP::simulateBlock (54 bytes)
Event: 4.280 Thread 0x000000005682d000 nmethod 1499 0x000000000304db10 code [0x000000000304dc80, 0x000000000304def8]
Event: 4.280 Thread 0x000000005682d000 1497       4       com.android.dx.cf.code.RopperMachine::getSources (264 bytes)
Event: 4.297 Thread 0x000000005689d000 nmethod 1488 0x00000000030565d0 code [0x00000000030567e0, 0x0000000003057980]
Event: 4.297 Thread 0x000000005689d000 1507       4       com.android.dx.ssa.back.SsaToRop$1::visitBlock (97 bytes)

GC Heap History (6 events):
Event: 0.867 GC heap before
{Heap before GC invocations=1 (full 0):
 PSYoungGen      total 13312K, used 11776K [0x00000000eab00000, 0x00000000eb980000, 0x0000000100000000)
  eden space 11776K, 100% used [0x00000000eab00000,0x00000000eb680000,0x00000000eb680000)
  from space 1536K, 0% used [0x00000000eb800000,0x00000000eb800000,0x00000000eb980000)
  to   space 1536K, 0% used [0x00000000eb680000,0x00000000eb680000,0x00000000eb800000)
 ParOldGen       total 30208K, used 0K [0x00000000c0000000, 0x00000000c1d80000, 0x00000000eab00000)
  object space 30208K, 0% used [0x00000000c0000000,0x00000000c0000000,0x00000000c1d80000)
 Metaspace       used 5380K, capacity 6384K, committed 6528K, reserved 1056768K
  class space    used 589K, capacity 616K, committed 640K, reserved 1048576K
Event: 1.184 GC heap after
Heap after GC invocations=1 (full 0):
 PSYoungGen      total 13312K, used 1514K [0x00000000eab00000, 0x00000000ec500000, 0x0000000100000000)
  eden space 11776K, 0% used [0x00000000eab00000,0x00000000eab00000,0x00000000eb680000)
  from space 1536K, 98% used [0x00000000eb680000,0x00000000eb7faa90,0x00000000eb800000)
  to   space 1536K, 0% used [0x00000000ec380000,0x00000000ec380000,0x00000000ec500000)
 ParOldGen       total 30208K, used 1791K [0x00000000c0000000, 0x00000000c1d80000, 0x00000000eab00000)
  object space 30208K, 5% used [0x00000000c0000000,0x00000000c01bfd30,0x00000000c1d80000)
 Metaspace       used 5380K, capacity 6384K, committed 6528K, reserved 1056768K
  class space    used 589K, capacity 616K, committed 640K, reserved 1048576K
}
Event: 2.002 GC heap before
{Heap before GC invocations=2 (full 0):
 PSYoungGen      total 13312K, used 13290K [0x00000000eab00000, 0x00000000ec500000, 0x0000000100000000)
  eden space 11776K, 100% used [0x00000000eab00000,0x00000000eb680000,0x00000000eb680000)
  from space 1536K, 98% used [0x00000000eb680000,0x00000000eb7faa90,0x00000000eb800000)
  to   space 1536K, 0% used [0x00000000ec380000,0x00000000ec380000,0x00000000ec500000)
 ParOldGen       total 30208K, used 1791K [0x00000000c0000000, 0x00000000c1d80000, 0x00000000eab00000)
  object space 30208K, 5% used [0x00000000c0000000,0x00000000c01bfd30,0x00000000c1d80000)
 Metaspace       used 5824K, capacity 6768K, committed 7040K, reserved 1056768K
  class space    used 595K, capacity 616K, committed 640K, reserved 1048576K
Event: 2.028 GC heap after
Heap after GC invocations=2 (full 0):
 PSYoungGen      total 25088K, used 1536K [0x00000000eab00000, 0x00000000ec500000, 0x0000000100000000)
  eden space 23552K, 0% used [0x00000000eab00000,0x00000000eab00000,0x00000000ec200000)
  from space 1536K, 100% used [0x00000000ec380000,0x00000000ec500000,0x00000000ec500000)
  to   space 1536K, 0% used [0x00000000ec200000,0x00000000ec200000,0x00000000ec380000)
 ParOldGen       total 30208K, used 4718K [0x00000000c0000000, 0x00000000c1d80000, 0x00000000eab00000)
  object space 30208K, 15% used [0x00000000c0000000,0x00000000c049ba80,0x00000000c1d80000)
 Metaspace       used 5824K, capacity 6768K, committed 7040K, reserved 1056768K
  class space    used 595K, capacity 616K, committed 640K, reserved 1048576K
}
Event: 3.443 GC heap before
{Heap before GC invocations=3 (full 0):
 PSYoungGen      total 25088K, used 25088K [0x00000000eab00000, 0x00000000ec500000, 0x0000000100000000)
  eden space 23552K, 100% used [0x00000000eab00000,0x00000000ec200000,0x00000000ec200000)
  from space 1536K, 100% used [0x00000000ec380000,0x00000000ec500000,0x00000000ec500000)
  to   space 1536K, 0% used [0x00000000ec200000,0x00000000ec200000,0x00000000ec380000)
 ParOldGen       total 30208K, used 4718K [0x00000000c0000000, 0x00000000c1d80000, 0x00000000eab00000)
  object space 30208K, 15% used [0x00000000c0000000,0x00000000c049ba80,0x00000000c1d80000)
 Metaspace       used 6016K, capacity 6960K, committed 7040K, reserved 1056768K
  class space    used 595K, capacity 616K, committed 640K, reserved 1048576K
Event: 3.735 GC heap after
Heap after GC invocations=3 (full 0):
 PSYoungGen      total 25088K, used 1504K [0x00000000eab00000, 0x00000000ec500000, 0x0000000100000000)
  eden space 23552K, 0% used [0x00000000eab00000,0x00000000eab00000,0x00000000ec200000)
  from space 1536K, 97% used [0x00000000ec200000,0x00000000ec378030,0x00000000ec380000)
  to   space 1536K, 0% used [0x00000000ec380000,0x00000000ec380000,0x00000000ec500000)
 ParOldGen       total 30208K, used 8380K [0x00000000c0000000, 0x00000000c1d80000, 0x00000000eab00000)
  object space 30208K, 27% used [0x00000000c0000000,0x00000000c082f218,0x00000000c1d80000)
 Metaspace       used 6016K, capacity 6960K, committed 7040K, reserved 1056768K
  class space    used 595K, capacity 616K, committed 640K, reserved 1048576K
}

Deoptimization events (10 events):
Event: 2.048 Thread 0x0000000056a92800 Uncommon trap: reason=unstable_if action=reinterpret pc=0x0000000002cd03c0 method=com.android.dx.rop.code.RegisterSpec.equals(ILcom/android/dx/rop/type/TypeBearer;Lcom/android/dx/rop/code/LocalItem;)Z @ 42
Event: 2.050 Thread 0x0000000056a92800 Uncommon trap: reason=unstable_if action=reinterpret pc=0x0000000002da5404 method=com.android.dx.ssa.SsaRenamer$BlockRenamer.addMapping(ILcom/android/dx/rop/code/RegisterSpec;)V @ 120
Event: 2.740 Thread 0x0000000056a97000 Uncommon trap: reason=unstable_if action=reinterpret pc=0x0000000002e60254 method=com.android.dx.ssa.SCCP.simulateStmt(Lcom/android/dx/ssa/SsaInsn;)V @ 53
Event: 2.761 Thread 0x0000000056a92800 Uncommon trap: reason=bimorphic action=maybe_recompile pc=0x0000000002c3d400 method=java.util.HashMap.getNode(ILjava/lang/Object;)Ljava/util/HashMap$Node; @ 126
Event: 2.761 Thread 0x0000000056a92800 Uncommon trap: reason=class_check action=maybe_recompile pc=0x0000000002dea574 method=java.util.HashMap.putVal(ILjava/lang/Object;Ljava/lang/Object;ZZ)Ljava/lang/Object; @ 203
Event: 3.440 Thread 0x0000000056a9b800 Uncommon trap: reason=bimorphic action=maybe_recompile pc=0x0000000002c339c8 method=java.util.HashMap.getNode(ILjava/lang/Object;)Ljava/util/HashMap$Node; @ 126
Event: 3.908 Thread 0x0000000056a9b800 Uncommon trap: reason=unstable_if action=reinterpret pc=0x0000000002f46850 method=com.android.dx.rop.code.RegisterSpec.intersect(Lcom/android/dx/rop/code/RegisterSpec;Z)Lcom/android/dx/rop/code/RegisterSpec; @ 8
Event: 4.226 Thread 0x0000000056a97000 Uncommon trap: reason=unstable_if action=reinterpret pc=0x000000000303916c method=com.android.dx.ssa.SCCP.simulateStmt(Lcom/android/dx/ssa/SsaInsn;)V @ 59
Event: 4.232 Thread 0x0000000056a97000 Uncommon trap: reason=unstable_if action=reinterpret pc=0x0000000002d078a8 method=java.util.HashMap.putVal(ILjava/lang/Object;Ljava/lang/Object;ZZ)Ljava/lang/Object; @ 162
Event: 4.236 Thread 0x0000000056a97000 Uncommon trap: reason=unstable_if action=reinterpret pc=0x0000000002c3d3e8 method=java.util.HashMap.getNode(ILjava/lang/Object;)Ljava/util/HashMap$Node; @ 84

Internal exceptions (6 events):
Event: 0.197 Thread 0x0000000001ddf000 Exception <a 'java/lang/NoSuchMethodError': Method sun.misc.Unsafe.defineClass(Ljava/lang/String;[BII)Ljava/lang/Class; name or signature does not match> (0x00000000eab07cc0) thrown at [C:\re\workspace\8-2-build-windows-amd64-cygwin\jdk8u101\7261\hotspot\s³>Â”˜6É?
Event: 0.197 Thread 0x0000000001ddf000 Exception <a 'java/lang/NoSuchMethodError': Method sun.misc.Unsafe.prefetchRead(Ljava/lang/Object;J)V name or signature does not match> (0x00000000eab07fa8) thrown at [C:\re\workspace\8-2-build-windows-amd64-cygwin\jdk8u101\7261\hotspot\src\share\vm\prims\fâÞ#­ù?
Event: 1.564 Thread 0x0000000001ddf000 Implicit null exception at 0x0000000002d09865 to 0x0000000002d0aff5
Event: 4.234 Thread 0x0000000056a97000 Exception <a 'java/lang/ArrayIndexOutOfBoundsException': 18> (0x00000000eb550208) thrown at [C:\re\workspace\8-2-build-windows-amd64-cygwin\jdk8u101\7261\hotspot\src\share\vm\interpreter\interpreterRuntime.cpp, line 366]
Event: 4.234 Thread 0x0000000056a97000 Exception <a 'java/lang/ArrayIndexOutOfBoundsException'> (0x00000000eb551d88) thrown at [C:\re\workspace\8-2-build-windows-amd64-cygwin\jdk8u101\7261\hotspot\src\share\vm\runtime\sharedRuntime.cpp, line 605]
Event: 4.235 Thread 0x0000000056a97000 Exception <a 'java/lang/ArrayIndexOutOfBoundsException'> (0x00000000eb553070) thrown at [C:\re\workspace\8-2-build-windows-amd64-cygwin\jdk8u101\7261\hotspot\src\share\vm\runtime\sharedRuntime.cpp, line 605]

Events (10 events):
Event: 4.235 loading class sun/reflect/generics/reflectiveObjects/ParameterizedTypeImpl done
Event: 4.235 loading class java/lang/reflect/TypeVariable
Event: 4.235 loading class java/lang/reflect/TypeVariable done
Event: 4.235 loading class sun/reflect/generics/reflectiveObjects/TypeVariableImpl
Event: 4.236 loading class sun/reflect/generics/reflectiveObjects/LazyReflectiveObjectGenerator
Event: 4.236 loading class sun/reflect/generics/reflectiveObjects/LazyReflectiveObjectGenerator done
Event: 4.236 loading class sun/reflect/generics/reflectiveObjects/TypeVariableImpl done
Event: 4.236 Thread 0x0000000056a97000 Uncommon trap: trap_request=0xffffff65 fr.pc=0x0000000002c3d3e8
Event: 4.236 Thread 0x0000000056a97000 DEOPT PACKING pc=0x0000000002c3d3e8 sp=0x00000000594dea00
Event: 4.236 Thread 0x0000000056a97000 DEOPT UNPACKING pc=0x0000000002a8582a sp=0x00000000594de930 mode 2


Dynamic libraries:
0x000000013f0c0000 - 0x000000013f0f7000 	C:\JAVAJDK18\jdk1.8.0_101\bin\java.exe
0x00000000770a0000 - 0x000000007724a000 	C:\Windows\SYSTEM32\ntdll.dll
0x0000000076f80000 - 0x000000007709f000 	C:\Windows\system32\kernel32.dll
0x000007fefd120000 - 0x000007fefd18a000 	C:\Windows\system32\KERNELBASE.dll
0x000007feff090000 - 0x000007feff16b000 	C:\Windows\system32\ADVAPI32.dll
0x000007feff1b0000 - 0x000007feff24f000 	C:\Windows\system32\msvcrt.dll
0x000007fefeda0000 - 0x000007fefedbf000 	C:\Windows\SYSTEM32\sechost.dll
0x000007fefe840000 - 0x000007fefe96d000 	C:\Windows\system32\RPCRT4.dll
0x0000000076e80000 - 0x0000000076f7a000 	C:\Windows\system32\USER32.dll
0x000007fefee40000 - 0x000007fefeea7000 	C:\Windows\system32\GDI32.dll
0x000007feff170000 - 0x000007feff17e000 	C:\Windows\system32\LPK.dll
0x000007fefdf30000 - 0x000007fefdffa000 	C:\Windows\system32\USP10.dll
0x000007fefb690000 - 0x000007fefb884000 	C:\Windows\WinSxS\amd64_microsoft.windows.common-controls_6595b64144ccf1df_6.0.7601.18837_none_fa3b1e3d17594757\COMCTL32.dll
0x000007feff250000 - 0x000007feff2c1000 	C:\Windows\system32\SHLWAPI.dll
0x000007feff180000 - 0x000007feff1ae000 	C:\Windows\system32\IMM32.DLL
0x000007fefe9c0000 - 0x000007fefeac9000 	C:\Windows\system32\MSCTF.dll
0x000007fefcd10000 - 0x000007fefcd4f000 	C:\Windows\system32\nvinitx.dll
0x00000000665c0000 - 0x0000000066692000 	C:\JAVAJDK18\jdk1.8.0_101\jre\bin\msvcr100.dll
0x000000005d580000 - 0x000000005de1a000 	C:\JAVAJDK18\jdk1.8.0_101\jre\bin\server\jvm.dll
0x000007fef8a10000 - 0x000007fef8a19000 	C:\Windows\system32\WSOCK32.dll
0x000007fefe970000 - 0x000007fefe9bd000 	C:\Windows\system32\WS2_32.dll
0x000007fefe7b0000 - 0x000007fefe7b8000 	C:\Windows\system32\NSI.dll
0x000007fefab90000 - 0x000007fefabcb000 	C:\Windows\system32\WINMM.dll
0x000007fefc620000 - 0x000007fefc62c000 	C:\Windows\system32\VERSION.dll
0x0000000077260000 - 0x0000000077267000 	C:\Windows\system32\PSAPI.DLL
0x000000006b8f0000 - 0x000000006b8ff000 	C:\JAVAJDK18\jdk1.8.0_101\jre\bin\verify.dll
0x000000006b880000 - 0x000000006b8a9000 	C:\JAVAJDK18\jdk1.8.0_101\jre\bin\java.dll
0x000000006b860000 - 0x000000006b876000 	C:\JAVAJDK18\jdk1.8.0_101\jre\bin\zip.dll
0x000007fefd1a0000 - 0x000007fefdf2c000 	C:\Windows\system32\SHELL32.dll
0x000007fefe0a0000 - 0x000007fefe2a3000 	C:\Windows\system32\ole32.dll
0x000007fefcde0000 - 0x000007fefcdef000 	C:\Windows\system32\profapi.dll

VM Arguments:
jvm_args: -Djava.awt.headless=true -Xmx1024M -Dfile.encoding=windows-1252 -Duser.country=SE -Duser.language=sv -Duser.variant 
java_command: com.android.dx.command.Main --dex --force-jumbo --num-threads=4 --multi-dex --output C:\Users\PontusArfwedson\AndroidStudioProjects\YelpMe\app\build\intermediates\transforms\dex\debug\folders\1000\10\okhttp-3.3.1_7fd70912cb38957afe86ca268d590a332c424a84 C:\Users\PontusArfwedson\.gradle\caches\modules-2\files-2.1\com.squareup.okhttp3\okhttp\3.3.1\19047bdb6a4fc00a44124f64ca98e88fc204e7e3\okhttp-3.3.1.jar
java_class_path (initial): C:\androidsdkold\sdk\build-tools\24.0.3\lib\dx.jar
Launcher Type: SUN_STANDARD

Environment Variables:
JAVA_HOME=C:\Program Files\Java\jdk1.8.0_101
CLASSPATH=C:\Program Files (x86)\QuickTime\QTSystem\QTJava.zip
PATH=C:\ProgramData\Oracle\Java\javapath;C:\Program Files (x86)\NVIDIA Corporation\PhysX\Common;C:\Program Files\Common Files\Microsoft Shared\Windows Live;C:\Program Files (x86)\Common Files\Microsoft Shared\Windows Live;C:\Windows\system32;C:\Windows;C:\Windows\System32\Wbem;C:\Windows\System32\WindowsPowerShell\v1.0\;C:\Program Files (x86)\Windows Live\Shared;C:\Program Files\Intel\WiFi\bin\;C:\Program Files\Common Files\Intel\WirelessCommon\;C:\Program Files\MATLAB\R2012b\runtime\win64;C:\Program Files\MATLAB\R2012b\bin;D:\PROGRAM\MATLAB\R2013b\bin;C:\Program Files (x86)\QuickTime\QTSystem\;C:\Program Files\MATLABMATLAB\bin;C:\Program Files (x86)\Skype\Phone\;C:\Program Files (x86)\MySQL\MySQL Fabric 1.5 ^& MySQL Utilities 1.5\;C:\Program Files (x86)\MySQL\MySQL Fabric 1.5 ^& MySQL Utilities 1.5\Doctrine extensions for PHP\;C:\cygwin64\bin;C:\cygwin64\usr\bin;C:\Program Files\Git\cmd;C:\Program Files (x86)\Heroku\bin;C:\Program Files (x86)\git\cmd;C:\Program Files (x86)\Git\cmd;C:\Python27;C:\Program Files\nodejs\;C:\ant\apache-ant-1.9.7\bin;C:\Program Files (x86)\Yarn\bin;ANDROID_HOME;C:\androidsdkold\sdk\platform-tools;C:\Ruby22\bin;C:\Program Files\adt-bundle-windows-x86_64-20130219\sdk\tools\ant\bin;C:\Program Files\Java\jdk1.8.0_101;C:\Python27;C:\Users\PontusArfwedson\AppData\Roaming\npm;C:\ant\apache-ant-1.9.7\bin;C:\Users\PontusArfwedson\AppData\Local\Yarn\.bin;ANDROID_HOME;C:\androidsdkold\sdk\platform-tools
USERNAME=PontusArfwedson
OS=Windows_NT
PROCESSOR_IDENTIFIER=Intel64 Family 6 Model 42 Stepping 7, GenuineIntel



---------------  S Y S T E M  ---------------

OS: Windows 7 , 64 bit Build 7601 (6.1.7601.23418)

CPU:total 8 (4 cores per cpu, 2 threads per core) family 6 model 42 stepping 7, cmov, cx8, fxsr, mmx, sse, sse2, sse3, ssse3, sse4.1, sse4.2, popcnt, avx, aes, clmul, ht, tsc, tscinvbit

Memory: 4k page, physical 2794184k(93272k free), swap 4274792k(5312k free)

vm_info: Java HotSpot(TM) 64-Bit Server VM (25.101-b13) for windows-amd64 JRE (1.8.0_101-b13), built on Jun 22 2016 01:21:29 by "java_re" with MS VC++ 10.0 (VS2010)

time: Thu Dec 01 21:55:02 2016
elapsed time: 4 seconds (0d 0h 0m 4s)

