#
# There is insufficient memory for the Java Runtime Environment to continue.
# Native memory allocation (malloc) failed to allocate 176976 bytes for Chunk::new
# Possible reasons:
#   The system is out of physical RAM or swap space
#   In 32 bit mode, the process size limit was hit
# Possible solutions:
#   Reduce memory load on the system
#   Increase physical memory or swap space
#   Check if swap backing store is full
#   Use 64 bit Java on a 64 bit OS
#   Decrease Java heap size (-Xmx/-Xms)
#   Decrease number of Java threads
#   Decrease Java thread stack sizes (-Xss)
#   Set larger code cache with -XX:ReservedCodeCacheSize=
# This output file may be truncated or incomplete.
#
#  Out of Memory Error (allocation.cpp:390), pid=2868, tid=0x0000000000001954
#
# JRE version: Java(TM) SE Runtime Environment (8.0_101-b13) (build 1.8.0_101-b13)
# Java VM: Java HotSpot(TM) 64-Bit Server VM (25.101-b13 mixed mode windows-amd64 compressed oops)
# Failed to write core dump. Minidumps are not enabled by default on client versions of Windows
#

---------------  T H R E A D  ---------------

Current thread (0x000000005696f800):  JavaThread "C2 CompilerThread1" daemon [_thread_in_native, id=6484, stack(0x0000000057fb0000,0x00000000580b0000)]

Stack: [0x0000000057fb0000,0x00000000580b0000]
[error occurred during error reporting (printing stack bounds), id 0xc0000005]

Native frames: (J=compiled Java code, j=interpreted, Vv=VM code, C=native code)


Current CompileTask:
C2:   1162  830       4       com.android.dx.ssa.SCCP::simulateStmt (481 bytes)


---------------  P R O C E S S  ---------------

Java Threads: ( => current thread )
  0x0000000056af0000 JavaThread "pool-2-thread-4" [_thread_blocked, id=2224, stack(0x0000000058c00000,0x0000000058d00000)]
  0x0000000056aef800 JavaThread "pool-2-thread-3" [_thread_blocked, id=1804, stack(0x0000000058d80000,0x0000000058e80000)]
  0x0000000056ae1000 JavaThread "pool-2-thread-2" [_thread_blocked, id=7772, stack(0x0000000058ae0000,0x0000000058be0000)]
  0x0000000056ae0000 JavaThread "pool-3-thread-1" [_thread_blocked, id=3540, stack(0x00000000588d0000,0x00000000589d0000)]
  0x0000000056ad3800 JavaThread "pool-2-thread-1" [_thread_blocked, id=340, stack(0x00000000587d0000,0x00000000588d0000)]
  0x00000000569fe000 JavaThread "Service Thread" daemon [_thread_blocked, id=516, stack(0x0000000058480000,0x0000000058580000)]
  0x00000000569cc000 JavaThread "C1 CompilerThread3" daemon [_thread_in_native, id=7344, stack(0x0000000058120000,0x0000000058220000)]
  0x00000000558bf000 JavaThread "C2 CompilerThread2" daemon [_thread_in_native, id=5308, stack(0x0000000058290000,0x0000000058390000)]
=>0x000000005696f800 JavaThread "C2 CompilerThread1" daemon [_thread_in_native, id=6484, stack(0x0000000057fb0000,0x00000000580b0000)]
  0x0000000056966000 JavaThread "C2 CompilerThread0" daemon [_thread_in_native, id=6416, stack(0x0000000057e90000,0x0000000057f90000)]
  0x0000000056965000 JavaThread "Attach Listener" daemon [_thread_blocked, id=1608, stack(0x0000000012ac0000,0x0000000012bc0000)]
  0x0000000056963800 JavaThread "Signal Dispatcher" daemon [_thread_blocked, id=7276, stack(0x0000000057b70000,0x0000000057c70000)]
  0x00000000558b1000 JavaThread "Finalizer" daemon [_thread_blocked, id=1028, stack(0x0000000057cd0000,0x0000000057dd0000)]
  0x00000000558a9800 JavaThread "Reference Handler" daemon [_thread_blocked, id=5532, stack(0x00000000578a0000,0x00000000579a0000)]
  0x00000000003ef000 JavaThread "main" [_thread_in_vm, id=3440, stack(0x0000000002420000,0x0000000002520000)]

Other Threads:
  0x0000000056912800 VMThread [stack: 0x0000000057a20000,0x0000000057b20000] [id=5712]
  0x00000000569e1000 WatcherThread [stack: 0x00000000585d0000,0x00000000586d0000] [id=5980]

VM state:not at safepoint (normal execution)

VM Mutex/Monitor currently owned by a thread: None

Heap:
 PSYoungGen      total 13312K, used 4418K [0x00000000eab00000, 0x00000000eb980000, 0x0000000100000000)
  eden space 11776K, 24% used [0x00000000eab00000,0x00000000eadd3768,0x00000000eb680000)
  from space 1536K, 99% used [0x00000000eb800000,0x00000000eb97d420,0x00000000eb980000)
  to   space 1536K, 0% used [0x00000000eb680000,0x00000000eb680000,0x00000000eb800000)
 ParOldGen       total 30208K, used 4561K [0x00000000c0000000, 0x00000000c1d80000, 0x00000000eab00000)
  object space 30208K, 15% used [0x00000000c0000000,0x00000000c0474510,0x00000000c1d80000)
 Metaspace       used 5722K, capacity 6832K, committed 7040K, reserved 1056768K
  class space    used 586K, capacity 616K, committed 640K, reserved 1048576K

Card table byte_map: [0x0000000011bb0000,0x0000000011dc0000] byte_map_base: 0x00000000115b0000

Marking Bits: (ParMarkBitMap*) 0x000000005dd9a6d0
 Begin Bits: [0x0000000012cc0000, 0x0000000013cc0000)
 End Bits:   [0x0000000013cc0000, 0x0000000014cc0000)

Polling page: 0x0000000000130000

CodeCache: size=245760Kb used=3301Kb max_used=3301Kb free=242459Kb
 bounds [0x00000000027f0000, 0x0000000002b30000, 0x00000000117f0000]
 total_blobs=1113 nmethods=849 adapters=176
 compilation: enabled

Compilation events (10 events):
Event: 1.150 Thread 0x00000000558bf000  854       4       java.util.HashMap::putVal (300 bytes)
Event: 1.152 Thread 0x00000000569cc000 nmethod 882 0x0000000002b23c50 code [0x0000000002b23fa0, 0x0000000002b25ec8]
Event: 1.152 Thread 0x00000000569cc000  883       3       com.android.dx.ssa.SsaMethod::isRegALocal (90 bytes)
Event: 1.152 Thread 0x00000000569cc000 nmethod 883 0x0000000002b22110 code [0x0000000002b22320, 0x0000000002b22f68]
Event: 1.152 Thread 0x00000000569cc000  885       3       com.android.dx.ssa.back.SsaToRop$1::visitBlock (97 bytes)
Event: 1.154 Thread 0x00000000569cc000 nmethod 885 0x0000000002b20610 code [0x0000000002b20880, 0x0000000002b21788]
Event: 1.154 Thread 0x00000000569cc000  887       3       com.android.dx.rop.code.BasicBlock::getFirstInsn (9 bytes)
Event: 1.154 Thread 0x00000000569cc000 nmethod 887 0x0000000002b26d50 code [0x0000000002b26ec0, 0x0000000002b27288]
Event: 1.154 Thread 0x00000000569cc000  888       3       com.android.dx.rop.code.Insn::getLocalAssignment (48 bytes)
Event: 1.161 Thread 0x00000000569cc000 nmethod 888 0x0000000002b27390 code [0x0000000002b27520, 0x0000000002b27b08]

GC Heap History (4 events):
Event: 0.744 GC heap before
{Heap before GC invocations=1 (full 0):
 PSYoungGen      total 13312K, used 11776K [0x00000000eab00000, 0x00000000eb980000, 0x0000000100000000)
  eden space 11776K, 100% used [0x00000000eab00000,0x00000000eb680000,0x00000000eb680000)
  from space 1536K, 0% used [0x00000000eb800000,0x00000000eb800000,0x00000000eb980000)
  to   space 1536K, 0% used [0x00000000eb680000,0x00000000eb680000,0x00000000eb800000)
 ParOldGen       total 30208K, used 0K [0x00000000c0000000, 0x00000000c1d80000, 0x00000000eab00000)
  object space 30208K, 0% used [0x00000000c0000000,0x00000000c0000000,0x00000000c1d80000)
 Metaspace       used 5438K, capacity 6576K, committed 6784K, reserved 1056768K
  class space    used 581K, capacity 616K, committed 640K, reserved 1048576K
Event: 0.752 GC heap after
Heap after GC invocations=1 (full 0):
 PSYoungGen      total 13312K, used 1514K [0x00000000eab00000, 0x00000000eb980000, 0x0000000100000000)
  eden space 11776K, 0% used [0x00000000eab00000,0x00000000eab00000,0x00000000eb680000)
  from space 1536K, 98% used [0x00000000eb680000,0x00000000eb7fa860,0x00000000eb800000)
  to   space 1536K, 0% used [0x00000000eb800000,0x00000000eb800000,0x00000000eb980000)
 ParOldGen       total 30208K, used 2345K [0x00000000c0000000, 0x00000000c1d80000, 0x00000000eab00000)
  object space 30208K, 7% used [0x00000000c0000000,0x00000000c024a7a8,0x00000000c1d80000)
 Metaspace       used 5438K, capacity 6576K, committed 6784K, reserved 1056768K
  class space    used 581K, capacity 616K, committed 640K, reserved 1048576K
}
Event: 1.064 GC heap before
{Heap before GC invocations=2 (full 0):
 PSYoungGen      total 13312K, used 13290K [0x00000000eab00000, 0x00000000eb980000, 0x0000000100000000)
  eden space 11776K, 100% used [0x00000000eab00000,0x00000000eb680000,0x00000000eb680000)
  from space 1536K, 98% used [0x00000000eb680000,0x00000000eb7fa860,0x00000000eb800000)
  to   space 1536K, 0% used [0x00000000eb800000,0x00000000eb800000,0x00000000eb980000)
 ParOldGen       total 30208K, used 2345K [0x00000000c0000000, 0x00000000c1d80000, 0x00000000eab00000)
  object space 30208K, 7% used [0x00000000c0000000,0x00000000c024a7a8,0x00000000c1d80000)
 Metaspace       used 5710K, capacity 6832K, committed 7040K, reserved 1056768K
  class space    used 586K, capacity 616K, committed 640K, reserved 1048576K
Event: 1.097 GC heap after
Heap after GC invocations=2 (full 0):
 PSYoungGen      total 13312K, used 1525K [0x00000000eab00000, 0x00000000eb980000, 0x0000000100000000)
  eden space 11776K, 0% used [0x00000000eab00000,0x00000000eab00000,0x00000000eb680000)
  from space 1536K, 99% used [0x00000000eb800000,0x00000000eb97d420,0x00000000eb980000)
  to   space 1536K, 0% used [0x00000000eb680000,0x00000000eb680000,0x00000000eb800000)
 ParOldGen       total 30208K, used 4561K [0x00000000c0000000, 0x00000000c1d80000, 0x00000000eab00000)
  object space 30208K, 15% used [0x00000000c0000000,0x00000000c0474510,0x00000000c1d80000)
 Metaspace       used 5710K, capacity 6832K, committed 7040K, reserved 1056768K
  class space    used 586K, capacity 616K, committed 640K, reserved 1048576K
}

Deoptimization events (4 events):
Event: 0.864 Thread 0x0000000056ae1000 Uncommon trap: reason=unstable_if action=reinterpret pc=0x0000000002a52784 method=com.android.dx.rop.cst.Constant.compareTo(Lcom/android/dx/rop/cst/Constant;)I @ 12
Event: 0.987 Thread 0x00000000003ef000 Uncommon trap: reason=null_check action=make_not_entrant pc=0x0000000002a61750 method=com.android.dx.rop.type.Type.equals(Ljava/lang/Object;)Z @ 8
Event: 1.018 Thread 0x00000000003ef000 Uncommon trap: reason=unstable_if action=reinterpret pc=0x0000000002a44200 method=com.android.dx.rop.code.RegisterSpec.equals(ILcom/android/dx/rop/type/TypeBearer;Lcom/android/dx/rop/code/LocalItem;)Z @ 42
Event: 1.060 Thread 0x0000000056ae1000 Uncommon trap: reason=bimorphic action=maybe_recompile pc=0x00000000029f0d90 method=java.util.HashMap.getNode(ILjava/lang/Object;)Ljava/util/HashMap$Node; @ 126

Internal exceptions (3 events):
Event: 0.062 Thread 0x00000000003ef000 Exception <a 'java/lang/NoSuchMethodError': Method sun.misc.Unsafe.defineClass(Ljava/lang/String;[BII)Ljava/lang/Class; name or signature does not match> (0x00000000eab07cc0) thrown at [C:\re\workspace\8-2-build-windows-amd64-cygwin\jdk8u101\7261\hotspot\sX¹9©®¯?
Event: 0.062 Thread 0x00000000003ef000 Exception <a 'java/lang/NoSuchMethodError': Method sun.misc.Unsafe.prefetchRead(Ljava/lang/Object;J)V name or signature does not match> (0x00000000eab07fa8) thrown at [C:\re\workspace\8-2-build-windows-amd64-cygwin\jdk8u101\7261\hotspot\src\share\vm\prims\™·#T—ï?
Event: 0.987 Thread 0x00000000003ef000 Implicit null exception at 0x0000000002a61652 to 0x0000000002a61742

Events (10 events):
Event: 1.018 Thread 0x00000000003ef000 DEOPT UNPACKING pc=0x000000000283787f sp=0x000000000251df00 mode 0
Event: 1.040 Thread 0x0000000056ae1000 DEOPT PACKING pc=0x0000000002a62b19 sp=0x0000000058bde890
Event: 1.040 Thread 0x0000000056ae1000 DEOPT UNPACKING pc=0x000000000283787f sp=0x0000000058bde5d8 mode 0
Event: 1.060 Thread 0x0000000056ae1000 Uncommon trap: trap_request=0xffffffc6 fr.pc=0x00000000029f0d90
Event: 1.060 Thread 0x0000000056ae1000 DEOPT PACKING pc=0x00000000029f0d90 sp=0x0000000058bde9d0
Event: 1.060 Thread 0x0000000056ae1000 DEOPT UNPACKING pc=0x000000000283582a sp=0x0000000058bde8e8 mode 2
Event: 1.064 Executing VM operation: ParallelGCFailedAllocation
Event: 1.097 Executing VM operation: ParallelGCFailedAllocation done
Event: 1.109 Thread 0x0000000056ae1000 DEOPT PACKING pc=0x0000000002a51623 sp=0x0000000058bde910
Event: 1.110 Thread 0x0000000056ae1000 DEOPT UNPACKING pc=0x000000000283787f sp=0x0000000058bde668 mode 0


Dynamic libraries:
0x000000013f0c0000 - 0x000000013f0f7000 	C:\JAVAJDK18\jdk1.8.0_101\bin\java.exe
0x00000000770a0000 - 0x000000007724a000 	C:\Windows\SYSTEM32\ntdll.dll
0x0000000076f80000 - 0x000000007709f000 	C:\Windows\system32\kernel32.dll
0x000007fefd120000 - 0x000007fefd18a000 	C:\Windows\system32\KERNELBASE.dll
0x000007feff090000 - 0x000007feff16b000 	C:\Windows\system32\ADVAPI32.dll
0x000007feff1b0000 - 0x000007feff24f000 	C:\Windows\system32\msvcrt.dll
0x000007fefeda0000 - 0x000007fefedbf000 	C:\Windows\SYSTEM32\sechost.dll
0x000007fefe840000 - 0x000007fefe96d000 	C:\Windows\system32\RPCRT4.dll
0x0000000076e80000 - 0x0000000076f7a000 	C:\Windows\system32\USER32.dll
0x000007fefee40000 - 0x000007fefeea7000 	C:\Windows\system32\GDI32.dll
0x000007feff170000 - 0x000007feff17e000 	C:\Windows\system32\LPK.dll
0x000007fefdf30000 - 0x000007fefdffa000 	C:\Windows\system32\USP10.dll
0x000007fefb690000 - 0x000007fefb884000 	C:\Windows\WinSxS\amd64_microsoft.windows.common-controls_6595b64144ccf1df_6.0.7601.18837_none_fa3b1e3d17594757\COMCTL32.dll
0x000007feff250000 - 0x000007feff2c1000 	C:\Windows\system32\SHLWAPI.dll
0x000007feff180000 - 0x000007feff1ae000 	C:\Windows\system32\IMM32.DLL
0x000007fefe9c0000 - 0x000007fefeac9000 	C:\Windows\system32\MSCTF.dll
0x000007fefcd10000 - 0x000007fefcd4f000 	C:\Windows\system32\nvinitx.dll
0x00000000665c0000 - 0x0000000066692000 	C:\JAVAJDK18\jdk1.8.0_101\jre\bin\msvcr100.dll
0x000000005d580000 - 0x000000005de1a000 	C:\JAVAJDK18\jdk1.8.0_101\jre\bin\server\jvm.dll
0x000007fef8a10000 - 0x000007fef8a19000 	C:\Windows\system32\WSOCK32.dll
0x000007fefe970000 - 0x000007fefe9bd000 	C:\Windows\system32\WS2_32.dll
0x000007fefe7b0000 - 0x000007fefe7b8000 	C:\Windows\system32\NSI.dll
0x000007fefab90000 - 0x000007fefabcb000 	C:\Windows\system32\WINMM.dll
0x000007fefc620000 - 0x000007fefc62c000 	C:\Windows\system32\VERSION.dll
0x0000000077260000 - 0x0000000077267000 	C:\Windows\system32\PSAPI.DLL
0x000000006b8f0000 - 0x000000006b8ff000 	C:\JAVAJDK18\jdk1.8.0_101\jre\bin\verify.dll
0x000000006b880000 - 0x000000006b8a9000 	C:\JAVAJDK18\jdk1.8.0_101\jre\bin\java.dll
0x000000006b860000 - 0x000000006b876000 	C:\JAVAJDK18\jdk1.8.0_101\jre\bin\zip.dll
0x000007fefd1a0000 - 0x000007fefdf2c000 	C:\Windows\system32\SHELL32.dll
0x000007fefe0a0000 - 0x000007fefe2a3000 	C:\Windows\system32\ole32.dll
0x000007fefcde0000 - 0x000007fefcdef000 	C:\Windows\system32\profapi.dll

VM Arguments:
jvm_args: -Djava.awt.headless=true -Xmx1024M -Dfile.encoding=windows-1252 -Duser.country=SE -Duser.language=sv -Duser.variant 
java_command: com.android.dx.command.Main --dex --force-jumbo --num-threads=4 --multi-dex --output C:\Users\PontusArfwedson\AndroidStudioProjects\YelpMe\app\build\intermediates\transforms\dex\debug\folders\1000\10\com.android.support-support-vector-drawable-24.2.1_952d83c11af0345dd8483fdb529efc4c727ad4dd C:\Users\PontusArfwedson\AndroidStudioProjects\YelpMe\app\build\intermediates\exploded-aar\com.android.support\support-vector-drawable\24.2.1\jars\classes.jar
java_class_path (initial): C:\androidsdkold\sdk\build-tools\24.0.3\lib\dx.jar
Launcher Type: SUN_STANDARD

Environment Variables:
JAVA_HOME=C:\Program Files\Java\jdk1.8.0_101
CLASSPATH=C:\Program Files (x86)\QuickTime\QTSystem\QTJava.zip
PATH=C:\ProgramData\Oracle\Java\javapath;C:\Program Files (x86)\NVIDIA Corporation\PhysX\Common;C:\Program Files\Common Files\Microsoft Shared\Windows Live;C:\Program Files (x86)\Common Files\Microsoft Shared\Windows Live;C:\Windows\system32;C:\Windows;C:\Windows\System32\Wbem;C:\Windows\System32\WindowsPowerShell\v1.0\;C:\Program Files (x86)\Windows Live\Shared;C:\Program Files\Intel\WiFi\bin\;C:\Program Files\Common Files\Intel\WirelessCommon\;C:\Program Files\MATLAB\R2012b\runtime\win64;C:\Program Files\MATLAB\R2012b\bin;D:\PROGRAM\MATLAB\R2013b\bin;C:\Program Files (x86)\QuickTime\QTSystem\;C:\Program Files\MATLABMATLAB\bin;C:\Program Files (x86)\Skype\Phone\;C:\Program Files (x86)\MySQL\MySQL Fabric 1.5 ^& MySQL Utilities 1.5\;C:\Program Files (x86)\MySQL\MySQL Fabric 1.5 ^& MySQL Utilities 1.5\Doctrine extensions for PHP\;C:\cygwin64\bin;C:\cygwin64\usr\bin;C:\Program Files\Git\cmd;C:\Program Files (x86)\Heroku\bin;C:\Program Files (x86)\git\cmd;C:\Program Files (x86)\Git\cmd;C:\Python27;C:\Program Files\nodejs\;C:\ant\apache-ant-1.9.7\bin;C:\Program Files (x86)\Yarn\bin;ANDROID_HOME;C:\androidsdkold\sdk\platform-tools;C:\Ruby22\bin;C:\Program Files\adt-bundle-windows-x86_64-20130219\sdk\tools\ant\bin;C:\Program Files\Java\jdk1.8.0_101;C:\Python27;C:\Users\PontusArfwedson\AppData\Roaming\npm;C:\ant\apache-ant-1.9.7\bin;C:\Users\PontusArfwedson\AppData\Local\Yarn\.bin;ANDROID_HOME;C:\androidsdkold\sdk\platform-tools
USERNAME=PontusArfwedson
OS=Windows_NT
PROCESSOR_IDENTIFIER=Intel64 Family 6 Model 42 Stepping 7, GenuineIntel



---------------  S Y S T E M  ---------------

OS: Windows 7 , 64 bit Build 7601 (6.1.7601.23418)

CPU:total 8 (4 cores per cpu, 2 threads per core) family 6 model 42 stepping 7, cmov, cx8, fxsr, mmx, sse, sse2, sse3, ssse3, sse4.1, sse4.2, popcnt, avx, aes, clmul, ht, tsc, tscinvbit

Memory: 4k page, physical 2794184k(85792k free), swap 4274792k(5048k free)

vm_info: Java HotSpot(TM) 64-Bit Server VM (25.101-b13) for windows-amd64 JRE (1.8.0_101-b13), built on Jun 22 2016 01:21:29 by "java_re" with MS VC++ 10.0 (VS2010)

time: Thu Dec 01 21:52:01 2016
elapsed time: 1 seconds (0d 0h 0m 1s)

