#
# There is insufficient memory for the Java Runtime Environment to continue.
# Native memory allocation (malloc) failed to allocate 562032 bytes for Chunk::new
# Possible reasons:
#   The system is out of physical RAM or swap space
#   In 32 bit mode, the process size limit was hit
# Possible solutions:
#   Reduce memory load on the system
#   Increase physical memory or swap space
#   Check if swap backing store is full
#   Use 64 bit Java on a 64 bit OS
#   Decrease Java heap size (-Xmx/-Xms)
#   Decrease number of Java threads
#   Decrease Java thread stack sizes (-Xss)
#   Set larger code cache with -XX:ReservedCodeCacheSize=
# This output file may be truncated or incomplete.
#
#  Out of Memory Error (allocation.cpp:390), pid=3800, tid=0x000000000000044c
#
# JRE version: Java(TM) SE Runtime Environment (8.0_101-b13) (build 1.8.0_101-b13)
# Java VM: Java HotSpot(TM) 64-Bit Server VM (25.101-b13 mixed mode windows-amd64 compressed oops)
# Failed to write core dump. Minidumps are not enabled by default on client versions of Windows
#

---------------  T H R E A D  ---------------

Current thread (0x0000000056b64000):  JavaThread "C2 CompilerThread2" daemon [_thread_in_native, id=1100, stack(0x00000000587b0000,0x00000000588b0000)]

Stack: [0x00000000587b0000,0x00000000588b0000]
[error occurred during error reporting (printing stack bounds), id 0xc0000005]

Native frames: (J=compiled Java code, j=interpreted, Vv=VM code, C=native code)


Current CompileTask:
C2:  15866 1387       4       com.android.dx.ssa.SsaRenamer$1::visitBlock (16 bytes)


---------------  P R O C E S S  ---------------

Java Threads: ( => current thread )
  0x0000000056e66000 JavaThread "pool-2-thread-4" [_thread_in_vm, id=4020, stack(0x0000000059b50000,0x0000000059c50000)]
  0x0000000056e65000 JavaThread "pool-2-thread-3" [_thread_blocked, id=5736, stack(0x0000000059a20000,0x0000000059b20000)]
  0x0000000056e64800 JavaThread "pool-2-thread-2" [_thread_blocked, id=6844, stack(0x0000000057a60000,0x0000000057b60000)]
  0x0000000056e63800 JavaThread "pool-3-thread-1" [_thread_blocked, id=8080, stack(0x0000000059840000,0x0000000059940000)]
  0x0000000056e63000 JavaThread "pool-2-thread-1" [_thread_blocked, id=4376, stack(0x00000000596a0000,0x00000000597a0000)]
  0x0000000056bf1800 JavaThread "Service Thread" daemon [_thread_blocked, id=6564, stack(0x0000000058bd0000,0x0000000058cd0000)]
  0x0000000056bc0000 JavaThread "C1 CompilerThread3" daemon [_thread_blocked, id=1736, stack(0x00000000589e0000,0x0000000058ae0000)]
=>0x0000000056b64000 JavaThread "C2 CompilerThread2" daemon [_thread_in_native, id=1100, stack(0x00000000587b0000,0x00000000588b0000)]
  0x0000000056b5d000 JavaThread "C2 CompilerThread1" daemon [_thread_blocked, id=4200, stack(0x00000000585b0000,0x00000000586b0000)]
  0x0000000056b4f000 JavaThread "C2 CompilerThread0" daemon [_thread_in_native, id=7780, stack(0x00000000583c0000,0x00000000584c0000)]
  0x0000000056b4d800 JavaThread "Attach Listener" daemon [_thread_blocked, id=4112, stack(0x0000000058210000,0x0000000058310000)]
  0x0000000056b4c800 JavaThread "Signal Dispatcher" daemon [_thread_blocked, id=7024, stack(0x00000000580d0000,0x00000000581d0000)]
  0x0000000055a9e800 JavaThread "Finalizer" daemon [_thread_blocked, id=7516, stack(0x0000000057f10000,0x0000000058010000)]
  0x0000000055a96800 JavaThread "Reference Handler" daemon [_thread_blocked, id=1316, stack(0x0000000057d80000,0x0000000057e80000)]
  0x000000000257f000 JavaThread "main" [_thread_blocked, id=988, stack(0x0000000002860000,0x0000000002960000)]

Other Threads:
  0x0000000056b00800 VMThread [stack: 0x0000000057b70000,0x0000000057c70000] [id=4444]
  0x0000000056be6800 WatcherThread [stack: 0x0000000058da0000,0x0000000058ea0000] [id=4856]

VM state:not at safepoint (normal execution)

VM Mutex/Monitor currently owned by a thread: None

Heap:
 PSYoungGen      total 25088K, used 19451K [0x00000000eab00000, 0x00000000ec500000, 0x0000000100000000)
  eden space 23552K, 76% used [0x00000000eab00000,0x00000000ebc82d60,0x00000000ec200000)
  from space 1536K, 98% used [0x00000000ec380000,0x00000000ec4fc028,0x00000000ec500000)
  to   space 1536K, 0% used [0x00000000ec200000,0x00000000ec200000,0x00000000ec380000)
 ParOldGen       total 30208K, used 2696K [0x00000000c0000000, 0x00000000c1d80000, 0x00000000eab00000)
  object space 30208K, 8% used [0x00000000c0000000,0x00000000c02a2220,0x00000000c1d80000)
 Metaspace       used 5939K, capacity 7024K, committed 7296K, reserved 1056768K
  class space    used 585K, capacity 616K, committed 640K, reserved 1048576K

Card table byte_map: [0x0000000011ff0000,0x0000000012200000] byte_map_base: 0x00000000119f0000

Marking Bits: (ParMarkBitMap*) 0x000000005dd9a6d0
 Begin Bits: [0x0000000012eb0000, 0x0000000013eb0000)
 End Bits:   [0x0000000013eb0000, 0x0000000014eb0000)

Polling page: 0x0000000000230000

CodeCache: size=245760Kb used=5583Kb max_used=5601Kb free=240177Kb
 bounds [0x0000000002c30000, 0x00000000031b0000, 0x0000000011c30000]
 total_blobs=1607 nmethods=1344 adapters=176
 compilation: enabled

Compilation events (10 events):
Event: 15.127 Thread 0x0000000056bc0000 1383       3       com.android.dx.ssa.SCCP::process (12 bytes)
Event: 15.127 Thread 0x0000000056bc0000 nmethod 1383 0x0000000003192ed0 code [0x0000000003193040, 0x0000000003193238]
Event: 15.127 Thread 0x0000000056bc0000 1384       1       com.android.dx.ssa.back.FirstFitLocalCombiningAllocator::wantsParamsMovedHigh (2 bytes)
Event: 15.128 Thread 0x0000000056bc0000 nmethod 1384 0x0000000003191d50 code [0x0000000003191ea0, 0x0000000003191fb0]
Event: 15.179 Thread 0x0000000056b64000 nmethod 1385 0x00000000031a4d10 code [0x00000000031a4e80, 0x00000000031a53d8]
Event: 15.180 Thread 0x0000000056b4f000 1386       4       com.android.dx.ssa.SsaRenamer$BlockRenamer::process (191 bytes)
Event: 15.181 Thread 0x0000000056b64000 1387       4       com.android.dx.ssa.SsaRenamer$1::visitBlock (16 bytes)
Event: 15.352 Thread 0x0000000056b5d000 nmethod 1368 0x00000000031a9490 code [0x00000000031a9760, 0x00000000031abb40]
Event: 15.352 Thread 0x0000000056b5d000 1388       4       com.android.dx.ssa.SsaRenamer$BlockRenamer::<init> (72 bytes)
Event: 15.370 Thread 0x0000000056b5d000 nmethod 1388 0x00000000031a8cd0 code [0x00000000031a8e40, 0x00000000031a91d8]

GC Heap History (4 events):
Event: 1.991 GC heap before
{Heap before GC invocations=1 (full 0):
 PSYoungGen      total 13312K, used 11776K [0x00000000eab00000, 0x00000000eb980000, 0x0000000100000000)
  eden space 11776K, 100% used [0x00000000eab00000,0x00000000eb680000,0x00000000eb680000)
  from space 1536K, 0% used [0x00000000eb800000,0x00000000eb800000,0x00000000eb980000)
  to   space 1536K, 0% used [0x00000000eb680000,0x00000000eb680000,0x00000000eb800000)
 ParOldGen       total 30208K, used 0K [0x00000000c0000000, 0x00000000c1d80000, 0x00000000eab00000)
  object space 30208K, 0% used [0x00000000c0000000,0x00000000c0000000,0x00000000c1d80000)
 Metaspace       used 5042K, capacity 6224K, committed 6528K, reserved 1056768K
  class space    used 562K, capacity 584K, committed 640K, reserved 1048576K
Event: 2.385 GC heap after
Heap after GC invocations=1 (full 0):
 PSYoungGen      total 13312K, used 1510K [0x00000000eab00000, 0x00000000ec500000, 0x0000000100000000)
  eden space 11776K, 0% used [0x00000000eab00000,0x00000000eab00000,0x00000000eb680000)
  from space 1536K, 98% used [0x00000000eb680000,0x00000000eb7f9940,0x00000000eb800000)
  to   space 1536K, 0% used [0x00000000ec380000,0x00000000ec380000,0x00000000ec500000)
 ParOldGen       total 30208K, used 987K [0x00000000c0000000, 0x00000000c1d80000, 0x00000000eab00000)
  object space 30208K, 3% used [0x00000000c0000000,0x00000000c00f6fa8,0x00000000c1d80000)
 Metaspace       used 5042K, capacity 6224K, committed 6528K, reserved 1056768K
  class space    used 562K, capacity 584K, committed 640K, reserved 1048576K
}
Event: 5.327 GC heap before
{Heap before GC invocations=2 (full 0):
 PSYoungGen      total 13312K, used 13286K [0x00000000eab00000, 0x00000000ec500000, 0x0000000100000000)
  eden space 11776K, 100% used [0x00000000eab00000,0x00000000eb680000,0x00000000eb680000)
  from space 1536K, 98% used [0x00000000eb680000,0x00000000eb7f9940,0x00000000eb800000)
  to   space 1536K, 0% used [0x00000000ec380000,0x00000000ec380000,0x00000000ec500000)
 ParOldGen       total 30208K, used 987K [0x00000000c0000000, 0x00000000c1d80000, 0x00000000eab00000)
  object space 30208K, 3% used [0x00000000c0000000,0x00000000c00f6fa8,0x00000000c1d80000)
 Metaspace       used 5713K, capacity 6768K, committed 7040K, reserved 1056768K
  class space    used 585K, capacity 616K, committed 640K, reserved 1048576K
Event: 7.781 GC heap after
Heap after GC invocations=2 (full 0):
 PSYoungGen      total 25088K, used 1520K [0x00000000eab00000, 0x00000000ec500000, 0x0000000100000000)
  eden space 23552K, 0% used [0x00000000eab00000,0x00000000eab00000,0x00000000ec200000)
  from space 1536K, 98% used [0x00000000ec380000,0x00000000ec4fc028,0x00000000ec500000)
  to   space 1536K, 0% used [0x00000000ec200000,0x00000000ec200000,0x00000000ec380000)
 ParOldGen       total 30208K, used 2696K [0x00000000c0000000, 0x00000000c1d80000, 0x00000000eab00000)
  object space 30208K, 8% used [0x00000000c0000000,0x00000000c02a2220,0x00000000c1d80000)
 Metaspace       used 5713K, capacity 6768K, committed 7040K, reserved 1056768K
  class space    used 585K, capacity 616K, committed 640K, reserved 1048576K
}

Deoptimization events (10 events):
Event: 2.665 Thread 0x0000000056e65000 Uncommon trap: reason=class_check action=maybe_recompile pc=0x0000000002e22ce0 method=com.android.dx.ssa.NormalSsaInsn.accept(Lcom/android/dx/ssa/SsaInsn$Visitor;)V @ 9
Event: 3.490 Thread 0x0000000056e65000 Uncommon trap: reason=class_check action=maybe_recompile pc=0x0000000002eb4370 method=com.android.dx.rop.type.Type.equals(Ljava/lang/Object;)Z @ 8
Event: 3.490 Thread 0x0000000056e65000 Uncommon trap: reason=class_check action=maybe_recompile pc=0x0000000002eb4370 method=com.android.dx.rop.type.Type.equals(Ljava/lang/Object;)Z @ 8
Event: 3.493 Thread 0x0000000056e65000 Uncommon trap: reason=class_check action=maybe_recompile pc=0x0000000002eb4370 method=com.android.dx.rop.type.Type.equals(Ljava/lang/Object;)Z @ 8
Event: 3.493 Thread 0x0000000056e65000 Uncommon trap: reason=class_check action=maybe_recompile pc=0x0000000002eb4370 method=com.android.dx.rop.type.Type.equals(Ljava/lang/Object;)Z @ 8
Event: 3.703 Thread 0x0000000056e63000 Uncommon trap: reason=class_check action=maybe_recompile pc=0x0000000002e58f40 method=com.android.dx.rop.type.Type.equals(Ljava/lang/Object;)Z @ 8
Event: 3.707 Thread 0x0000000056e63000 Uncommon trap: reason=unstable_if action=reinterpret pc=0x0000000002e11e18 method=java.util.HashMap.getNode(ILjava/lang/Object;)Ljava/util/HashMap$Node; @ 129
Event: 3.766 Thread 0x0000000056e63000 Uncommon trap: reason=unstable_if action=reinterpret pc=0x0000000002e26d24 method=java.util.BitSet.ensureCapacity(I)V @ 6
Event: 3.766 Thread 0x0000000056e63000 Uncommon trap: reason=unstable_if action=reinterpret pc=0x0000000002e123a0 method=java.util.BitSet.nextSetBit(I)I @ 87
Event: 3.788 Thread 0x0000000056e63000 Uncommon trap: reason=unstable_if action=reinterpret pc=0x0000000002e5a9c4 method=com.android.dx.rop.cst.Constant.compareTo(Lcom/android/dx/rop/cst/Constant;)I @ 12

Internal exceptions (2 events):
Event: 0.179 Thread 0x000000000257f000 Exception <a 'java/lang/NoSuchMethodError': Method sun.misc.Unsafe.defineClass(Ljava/lang/String;[BII)Ljava/lang/Class; name or signature does not match> (0x00000000eab07cc0) thrown at [C:\re\workspace\8-2-build-windows-amd64-cygwin\jdk8u101\7261\hotspot\sûΩu+Î∆?
Event: 0.179 Thread 0x000000000257f000 Exception <a 'java/lang/NoSuchMethodError': Method sun.misc.Unsafe.prefetchRead(Ljava/lang/Object;J)V name or signature does not match> (0x00000000eab07fa8) thrown at [C:\re\workspace\8-2-build-windows-amd64-cygwin\jdk8u101\7261\hotspot\src\share\vm\prims\

Events (10 events):
Event: 3.920 loading class java/util/TreeMap$EntrySet
Event: 3.920 loading class java/util/TreeMap$EntrySet done
Event: 3.921 loading class java/util/TreeMap$EntryIterator
Event: 3.921 loading class java/util/TreeMap$EntryIterator done
Event: 3.921 Executing VM operation: Deoptimize
Event: 4.109 Executing VM operation: Deoptimize done
Event: 4.436 Executing VM operation: EnableBiasedLocking
Event: 4.436 Executing VM operation: EnableBiasedLocking done
Event: 5.327 Executing VM operation: ParallelGCFailedAllocation
Event: 7.781 Executing VM operation: ParallelGCFailedAllocation done


Dynamic libraries:
0x000000013f0c0000 - 0x000000013f0f7000 	C:\JAVAJDK18\jdk1.8.0_101\bin\java.exe
0x00000000770a0000 - 0x000000007724a000 	C:\Windows\SYSTEM32\ntdll.dll
0x0000000076f80000 - 0x000000007709f000 	C:\Windows\system32\kernel32.dll
0x000007fefd120000 - 0x000007fefd18a000 	C:\Windows\system32\KERNELBASE.dll
0x000007feff090000 - 0x000007feff16b000 	C:\Windows\system32\ADVAPI32.dll
0x000007feff1b0000 - 0x000007feff24f000 	C:\Windows\system32\msvcrt.dll
0x000007fefeda0000 - 0x000007fefedbf000 	C:\Windows\SYSTEM32\sechost.dll
0x000007fefe840000 - 0x000007fefe96d000 	C:\Windows\system32\RPCRT4.dll
0x0000000076e80000 - 0x0000000076f7a000 	C:\Windows\system32\USER32.dll
0x000007fefee40000 - 0x000007fefeea7000 	C:\Windows\system32\GDI32.dll
0x000007feff170000 - 0x000007feff17e000 	C:\Windows\system32\LPK.dll
0x000007fefdf30000 - 0x000007fefdffa000 	C:\Windows\system32\USP10.dll
0x000007fefb690000 - 0x000007fefb884000 	C:\Windows\WinSxS\amd64_microsoft.windows.common-controls_6595b64144ccf1df_6.0.7601.18837_none_fa3b1e3d17594757\COMCTL32.dll
0x000007feff250000 - 0x000007feff2c1000 	C:\Windows\system32\SHLWAPI.dll
0x000007feff180000 - 0x000007feff1ae000 	C:\Windows\system32\IMM32.DLL
0x000007fefe9c0000 - 0x000007fefeac9000 	C:\Windows\system32\MSCTF.dll
0x000007fefcd10000 - 0x000007fefcd4f000 	C:\Windows\system32\nvinitx.dll
0x00000000665c0000 - 0x0000000066692000 	C:\JAVAJDK18\jdk1.8.0_101\jre\bin\msvcr100.dll
0x000000005d580000 - 0x000000005de1a000 	C:\JAVAJDK18\jdk1.8.0_101\jre\bin\server\jvm.dll
0x000007fef8a10000 - 0x000007fef8a19000 	C:\Windows\system32\WSOCK32.dll
0x000007fefe970000 - 0x000007fefe9bd000 	C:\Windows\system32\WS2_32.dll
0x000007fefe7b0000 - 0x000007fefe7b8000 	C:\Windows\system32\NSI.dll
0x000007fefab90000 - 0x000007fefabcb000 	C:\Windows\system32\WINMM.dll
0x000007fefc620000 - 0x000007fefc62c000 	C:\Windows\system32\VERSION.dll
0x0000000077260000 - 0x0000000077267000 	C:\Windows\system32\PSAPI.DLL
0x000000006b8f0000 - 0x000000006b8ff000 	C:\JAVAJDK18\jdk1.8.0_101\jre\bin\verify.dll
0x000000006b880000 - 0x000000006b8a9000 	C:\JAVAJDK18\jdk1.8.0_101\jre\bin\java.dll
0x000000006b860000 - 0x000000006b876000 	C:\JAVAJDK18\jdk1.8.0_101\jre\bin\zip.dll
0x000007fefd1a0000 - 0x000007fefdf2c000 	C:\Windows\system32\SHELL32.dll
0x000007fefe0a0000 - 0x000007fefe2a3000 	C:\Windows\system32\ole32.dll
0x000007fefcde0000 - 0x000007fefcdef000 	C:\Windows\system32\profapi.dll

VM Arguments:
jvm_args: -Djava.awt.headless=true -Xmx1024M -Dfile.encoding=windows-1252 -Duser.country=SE -Duser.language=sv -Duser.variant 
java_command: com.android.dx.command.Main --dex --force-jumbo --num-threads=4 --multi-dex --output C:\Users\PontusArfwedson\AndroidStudioProjects\YelpMe\app\build\intermediates\transforms\dex\debug\folders\1000\10\internal_impl-24.2.1_13b306ef4ce4a490268c34a95bbf34ac7cc0cba4 C:\Users\PontusArfwedson\AndroidStudioProjects\YelpMe\app\build\intermediates\exploded-aar\com.android.support\support-compat\24.2.1\jars\libs\internal_impl-24.2.1.jar
java_class_path (initial): C:\androidsdkold\sdk\build-tools\24.0.3\lib\dx.jar
Launcher Type: SUN_STANDARD

Environment Variables:
JAVA_HOME=C:\Program Files\Java\jdk1.8.0_101
CLASSPATH=C:\Program Files (x86)\QuickTime\QTSystem\QTJava.zip
PATH=C:\ProgramData\Oracle\Java\javapath;C:\Program Files (x86)\NVIDIA Corporation\PhysX\Common;C:\Program Files\Common Files\Microsoft Shared\Windows Live;C:\Program Files (x86)\Common Files\Microsoft Shared\Windows Live;C:\Windows\system32;C:\Windows;C:\Windows\System32\Wbem;C:\Windows\System32\WindowsPowerShell\v1.0\;C:\Program Files (x86)\Windows Live\Shared;C:\Program Files\Intel\WiFi\bin\;C:\Program Files\Common Files\Intel\WirelessCommon\;C:\Program Files\MATLAB\R2012b\runtime\win64;C:\Program Files\MATLAB\R2012b\bin;D:\PROGRAM\MATLAB\R2013b\bin;C:\Program Files (x86)\QuickTime\QTSystem\;C:\Program Files\MATLABMATLAB\bin;C:\Program Files (x86)\Skype\Phone\;C:\Program Files (x86)\MySQL\MySQL Fabric 1.5 ^& MySQL Utilities 1.5\;C:\Program Files (x86)\MySQL\MySQL Fabric 1.5 ^& MySQL Utilities 1.5\Doctrine extensions for PHP\;C:\cygwin64\bin;C:\cygwin64\usr\bin;C:\Program Files\Git\cmd;C:\Program Files (x86)\Heroku\bin;C:\Program Files (x86)\git\cmd;C:\Program Files (x86)\Git\cmd;C:\Python27;C:\Program Files\nodejs\;C:\ant\apache-ant-1.9.7\bin;C:\Program Files (x86)\Yarn\bin;ANDROID_HOME;C:\androidsdkold\sdk\platform-tools;C:\Ruby22\bin;C:\Program Files\adt-bundle-windows-x86_64-20130219\sdk\tools\ant\bin;C:\Program Files\Java\jdk1.8.0_101;C:\Python27;C:\Users\PontusArfwedson\AppData\Roaming\npm;C:\ant\apache-ant-1.9.7\bin;C:\Users\PontusArfwedson\AppData\Local\Yarn\.bin;ANDROID_HOME;C:\androidsdkold\sdk\platform-tools
USERNAME=PontusArfwedson
OS=Windows_NT
PROCESSOR_IDENTIFIER=Intel64 Family 6 Model 42 Stepping 7, GenuineIntel



---------------  S Y S T E M  ---------------

OS: Windows 7 , 64 bit Build 7601 (6.1.7601.23418)

CPU:total 8 (4 cores per cpu, 2 threads per core) family 6 model 42 stepping 7, cmov, cx8, fxsr, mmx, sse, sse2, sse3, ssse3, sse4.1, sse4.2, popcnt, avx, aes, clmul, ht, tsc, tscinvbit

Memory: 4k page, physical 2794184k(219528k free), swap 4274792k(5580k free)

vm_info: Java HotSpot(TM) 64-Bit Server VM (25.101-b13) for windows-amd64 JRE (1.8.0_101-b13), built on Jun 22 2016 01:21:29 by "java_re" with MS VC++ 10.0 (VS2010)

time: Thu Dec 01 12:41:24 2016
elapsed time: 15 seconds (0d 0h 0m 15s)

