#
# There is insufficient memory for the Java Runtime Environment to continue.
# Native memory allocation (malloc) failed to allocate 32744 bytes for ChunkPool::allocate
# Possible reasons:
#   The system is out of physical RAM or swap space
#   In 32 bit mode, the process size limit was hit
# Possible solutions:
#   Reduce memory load on the system
#   Increase physical memory or swap space
#   Check if swap backing store is full
#   Use 64 bit Java on a 64 bit OS
#   Decrease Java heap size (-Xmx/-Xms)
#   Decrease number of Java threads
#   Decrease Java thread stack sizes (-Xss)
#   Set larger code cache with -XX:ReservedCodeCacheSize=
# This output file may be truncated or incomplete.
#
#  Out of Memory Error (allocation.cpp:273), pid=2004, tid=0x0000000000000c30
#
# JRE version: Java(TM) SE Runtime Environment (8.0_101-b13) (build 1.8.0_101-b13)
# Java VM: Java HotSpot(TM) 64-Bit Server VM (25.101-b13 mixed mode windows-amd64 compressed oops)
# Failed to write core dump. Minidumps are not enabled by default on client versions of Windows
#

---------------  T H R E A D  ---------------

Current thread (0x0000000056856800):  JavaThread "C2 CompilerThread1" daemon [_thread_in_native, id=3120, stack(0x0000000058350000,0x0000000058450000)]

Stack: [0x0000000058350000,0x0000000058450000]
[error occurred during error reporting (printing stack bounds), id 0xc0000005]

Native frames: (J=compiled Java code, j=interpreted, Vv=VM code, C=native code)


Current CompileTask:
C2:   6667 2017   !   4       com.android.dx.rop.type.Type::intern (319 bytes)


---------------  P R O C E S S  ---------------

Java Threads: ( => current thread )
  0x0000000056ad2800 JavaThread "pool-2-thread-4" [_thread_in_vm, id=4048, stack(0x00000000598a0000,0x00000000599a0000)]
  0x0000000056acf000 JavaThread "pool-2-thread-3" [_thread_blocked, id=5432, stack(0x00000000597a0000,0x00000000598a0000)]
  0x0000000056ace000 JavaThread "pool-2-thread-2" [_thread_blocked, id=6968, stack(0x0000000059560000,0x0000000059660000)]
  0x0000000056b4e000 JavaThread "pool-3-thread-1" [_thread_blocked, id=4836, stack(0x00000000593f0000,0x00000000594f0000)]
  0x0000000056b4a800 JavaThread "pool-2-thread-1" [_thread_in_vm, id=2824, stack(0x00000000591e0000,0x00000000592e0000)]
  0x00000000568e4000 JavaThread "Service Thread" daemon [_thread_blocked, id=3644, stack(0x0000000057d10000,0x0000000057e10000)]
  0x000000005685f800 JavaThread "C1 CompilerThread3" daemon [_thread_in_vm, id=7072, stack(0x0000000058730000,0x0000000058830000)]
  0x000000005685d800 JavaThread "C2 CompilerThread2" daemon [_thread_in_native, id=7296, stack(0x0000000058580000,0x0000000058680000)]
=>0x0000000056856800 JavaThread "C2 CompilerThread1" daemon [_thread_in_native, id=3120, stack(0x0000000058350000,0x0000000058450000)]
  0x000000005684d000 JavaThread "C2 CompilerThread0" daemon [_thread_in_native, id=7116, stack(0x00000000581c0000,0x00000000582c0000)]
  0x000000005684b800 JavaThread "Attach Listener" daemon [_thread_blocked, id=7868, stack(0x0000000057fa0000,0x00000000580a0000)]
  0x000000005684a800 JavaThread "Signal Dispatcher" daemon [_thread_blocked, id=2932, stack(0x0000000057e40000,0x0000000057f40000)]
  0x0000000055689000 JavaThread "Finalizer" daemon [_thread_blocked, id=5568, stack(0x0000000057bc0000,0x0000000057cc0000)]
  0x0000000055686800 JavaThread "Reference Handler" daemon [_thread_blocked, id=7484, stack(0x0000000057a00000,0x0000000057b00000)]
  0x000000000227f000 JavaThread "main" [_thread_in_Java, id=7888, stack(0x0000000002660000,0x0000000002760000)]

Other Threads:
  0x0000000056800800 VMThread [stack: 0x00000000577b0000,0x00000000578b0000] [id=6412]
  0x00000000568a4800 WatcherThread [stack: 0x00000000588a0000,0x00000000589a0000] [id=5536]

VM state:not at safepoint (normal execution)

VM Mutex/Monitor currently owned by a thread: None

Heap:
 PSYoungGen      total 103936K, used 14446K [0x00000000eab00000, 0x00000000f8500000, 0x0000000100000000)
  eden space 93184K, 6% used [0x00000000eab00000,0x00000000eb136fb8,0x00000000f0600000)
  from space 10752K, 75% used [0x00000000f0600000,0x00000000f0de4b18,0x00000000f1080000)
  to   space 18432K, 0% used [0x00000000f7300000,0x00000000f7300000,0x00000000f8500000)
 ParOldGen       total 58880K, used 30263K [0x00000000c0000000, 0x00000000c3980000, 0x00000000eab00000)
  object space 58880K, 51% used [0x00000000c0000000,0x00000000c1d8df40,0x00000000c3980000)
 Metaspace       used 6274K, capacity 7152K, committed 7296K, reserved 1056768K
  class space    used 598K, capacity 616K, committed 640K, reserved 1048576K

Card table byte_map: [0x0000000011df0000,0x0000000012000000] byte_map_base: 0x00000000117f0000

Marking Bits: (ParMarkBitMap*) 0x000000005dd9a6d0
 Begin Bits: [0x0000000012aa0000, 0x0000000013aa0000)
 End Bits:   [0x0000000013aa0000, 0x0000000014aa0000)

Polling page: 0x0000000000330000

CodeCache: size=245760Kb used=7927Kb max_used=7946Kb free=237832Kb
 bounds [0x0000000002a30000, 0x0000000003200000, 0x0000000011a30000]
 total_blobs=2195 nmethods=1926 adapters=182
 compilation: enabled

Compilation events (10 events):
Event: 6.599 Thread 0x000000005685f800 nmethod 2032 0x00000000031bbf50 code [0x00000000031bc0a0, 0x00000000031bc1b0]
Event: 6.599 Thread 0x000000005684d000 nmethod 2009% 0x00000000031ebd90 code [0x00000000031ec020, 0x00000000031ecf28]
Event: 6.600 Thread 0x000000005684d000 2020   !   4       com.android.dx.cf.code.Ropper::processBlock (1101 bytes)
Event: 6.609 Thread 0x0000000056856800 nmethod 1643 0x00000000031f3890 code [0x00000000031f4020, 0x00000000031f8990]
Event: 6.609 Thread 0x0000000056856800 2026       4       com.android.dx.cf.iface.StdAttributeList::findFirst (44 bytes)
Event: 6.613 Thread 0x0000000056856800 nmethod 2026 0x00000000031bc7d0 code [0x00000000031bc920, 0x00000000031bcbd8]
Event: 6.613 Thread 0x0000000056856800 2021   !   4       com.android.dx.cf.code.Simulator::simulate (74 bytes)
Event: 6.618 Thread 0x0000000056856800 nmethod 2021 0x00000000031bba10 code [0x00000000031bbb80, 0x00000000031bbd38]
Event: 6.618 Thread 0x0000000056856800 2017   !   4       com.android.dx.rop.type.Type::intern (319 bytes)
Event: 6.638 Thread 0x000000005685f800 2057       2       java.util.zip.ZipFile$ZipFileInflaterInputStream::finalize (5 bytes)

GC Heap History (10 events):
Event: 3.134 GC heap before
{Heap before GC invocations=4 (full 0):
 PSYoungGen      total 25088K, used 25074K [0x00000000eab00000, 0x00000000edc00000, 0x0000000100000000)
  eden space 23552K, 100% used [0x00000000eab00000,0x00000000ec200000,0x00000000ec200000)
  from space 1536K, 99% used [0x00000000ec200000,0x00000000ec37c9e0,0x00000000ec380000)
  to   space 1536K, 0% used [0x00000000eda80000,0x00000000eda80000,0x00000000edc00000)
 ParOldGen       total 30208K, used 7748K [0x00000000c0000000, 0x00000000c1d80000, 0x00000000eab00000)
  object space 30208K, 25% used [0x00000000c0000000,0x00000000c0791288,0x00000000c1d80000)
 Metaspace       used 6092K, capacity 7024K, committed 7296K, reserved 1056768K
  class space    used 597K, capacity 616K, committed 640K, reserved 1048576K
Event: 3.151 GC heap after
Heap after GC invocations=4 (full 0):
 PSYoungGen      total 48640K, used 1534K [0x00000000eab00000, 0x00000000edc00000, 0x0000000100000000)
  eden space 47104K, 0% used [0x00000000eab00000,0x00000000eab00000,0x00000000ed900000)
  from space 1536K, 99% used [0x00000000eda80000,0x00000000edbffbd0,0x00000000edc00000)
  to   space 1536K, 0% used [0x00000000ed900000,0x00000000ed900000,0x00000000eda80000)
 ParOldGen       total 30208K, used 11520K [0x00000000c0000000, 0x00000000c1d80000, 0x00000000eab00000)
  object space 30208K, 38% used [0x00000000c0000000,0x00000000c0b403a0,0x00000000c1d80000)
 Metaspace       used 6092K, capacity 7024K, committed 7296K, reserved 1056768K
  class space    used 597K, capacity 616K, committed 640K, reserved 1048576K
}
Event: 3.510 GC heap before
{Heap before GC invocations=5 (full 0):
 PSYoungGen      total 48640K, used 48638K [0x00000000eab00000, 0x00000000edc00000, 0x0000000100000000)
  eden space 47104K, 100% used [0x00000000eab00000,0x00000000ed900000,0x00000000ed900000)
  from space 1536K, 99% used [0x00000000eda80000,0x00000000edbffbd0,0x00000000edc00000)
  to   space 1536K, 0% used [0x00000000ed900000,0x00000000ed900000,0x00000000eda80000)
 ParOldGen       total 30208K, used 11520K [0x00000000c0000000, 0x00000000c1d80000, 0x00000000eab00000)
  object space 30208K, 38% used [0x00000000c0000000,0x00000000c0b403a0,0x00000000c1d80000)
 Metaspace       used 6134K, capacity 7024K, committed 7296K, reserved 1056768K
  class space    used 598K, capacity 616K, committed 640K, reserved 1048576K
Event: 3.585 GC heap after
Heap after GC invocations=5 (full 0):
 PSYoungGen      total 48640K, used 1535K [0x00000000eab00000, 0x00000000f1a00000, 0x0000000100000000)
  eden space 47104K, 0% used [0x00000000eab00000,0x00000000eab00000,0x00000000ed900000)
  from space 1536K, 99% used [0x00000000ed900000,0x00000000eda7ff90,0x00000000eda80000)
  to   space 9728K, 0% used [0x00000000f1080000,0x00000000f1080000,0x00000000f1a00000)
 ParOldGen       total 30208K, used 19073K [0x00000000c0000000, 0x00000000c1d80000, 0x00000000eab00000)
  object space 30208K, 63% used [0x00000000c0000000,0x00000000c12a0510,0x00000000c1d80000)
 Metaspace       used 6134K, capacity 7024K, committed 7296K, reserved 1056768K
  class space    used 598K, capacity 616K, committed 640K, reserved 1048576K
}
Event: 3.921 GC heap before
{Heap before GC invocations=6 (full 0):
 PSYoungGen      total 48640K, used 48639K [0x00000000eab00000, 0x00000000f1a00000, 0x0000000100000000)
  eden space 47104K, 100% used [0x00000000eab00000,0x00000000ed900000,0x00000000ed900000)
  from space 1536K, 99% used [0x00000000ed900000,0x00000000eda7ff90,0x00000000eda80000)
  to   space 9728K, 0% used [0x00000000f1080000,0x00000000f1080000,0x00000000f1a00000)
 ParOldGen       total 30208K, used 19073K [0x00000000c0000000, 0x00000000c1d80000, 0x00000000eab00000)
  object space 30208K, 63% used [0x00000000c0000000,0x00000000c12a0510,0x00000000c1d80000)
 Metaspace       used 6206K, capacity 7088K, committed 7296K, reserved 1056768K
  class space    used 598K, capacity 616K, committed 640K, reserved 1048576K
Event: 4.118 GC heap after
Heap after GC invocations=6 (full 0):
 PSYoungGen      total 102912K, used 8613K [0x00000000eab00000, 0x00000000f1c00000, 0x0000000100000000)
  eden space 93184K, 0% used [0x00000000eab00000,0x00000000eab00000,0x00000000f0600000)
  from space 9728K, 88% used [0x00000000f1080000,0x00000000f18e94a0,0x00000000f1a00000)
  to   space 10752K, 0% used [0x00000000f0600000,0x00000000f0600000,0x00000000f1080000)
 ParOldGen       total 30208K, used 19081K [0x00000000c0000000, 0x00000000c1d80000, 0x00000000eab00000)
  object space 30208K, 63% used [0x00000000c0000000,0x00000000c12a2510,0x00000000c1d80000)
 Metaspace       used 6206K, capacity 7088K, committed 7296K, reserved 1056768K
  class space    used 598K, capacity 616K, committed 640K, reserved 1048576K
}
Event: 5.125 GC heap before
{Heap before GC invocations=7 (full 0):
 PSYoungGen      total 102912K, used 101797K [0x00000000eab00000, 0x00000000f1c00000, 0x0000000100000000)
  eden space 93184K, 100% used [0x00000000eab00000,0x00000000f0600000,0x00000000f0600000)
  from space 9728K, 88% used [0x00000000f1080000,0x00000000f18e94a0,0x00000000f1a00000)
  to   space 10752K, 0% used [0x00000000f0600000,0x00000000f0600000,0x00000000f1080000)
 ParOldGen       total 30208K, used 19081K [0x00000000c0000000, 0x00000000c1d80000, 0x00000000eab00000)
  object space 30208K, 63% used [0x00000000c0000000,0x00000000c12a2510,0x00000000c1d80000)
 Metaspace       used 6272K, capacity 7152K, committed 7296K, reserved 1056768K
  class space    used 598K, capacity 616K, committed 640K, reserved 1048576K
Event: 5.482 GC heap after
Heap after GC invocations=7 (full 0):
 PSYoungGen      total 103936K, used 10741K [0x00000000eab00000, 0x00000000f8500000, 0x0000000100000000)
  eden space 93184K, 0% used [0x00000000eab00000,0x00000000eab00000,0x00000000f0600000)
  from space 10752K, 99% used [0x00000000f0600000,0x00000000f107d558,0x00000000f1080000)
  to   space 18432K, 0% used [0x00000000f7300000,0x00000000f7300000,0x00000000f8500000)
 ParOldGen       total 30720K, used 30691K [0x00000000c0000000, 0x00000000c1e00000, 0x00000000eab00000)
  object space 30720K, 99% used [0x00000000c0000000,0x00000000c1df8ec8,0x00000000c1e00000)
 Metaspace       used 6272K, capacity 7152K, committed 7296K, reserved 1056768K
  class space    used 598K, capacity 616K, committed 640K, reserved 1048576K
}
Event: 5.482 GC heap before
{Heap before GC invocations=8 (full 1):
 PSYoungGen      total 103936K, used 10741K [0x00000000eab00000, 0x00000000f8500000, 0x0000000100000000)
  eden space 93184K, 0% used [0x00000000eab00000,0x00000000eab00000,0x00000000f0600000)
  from space 10752K, 99% used [0x00000000f0600000,0x00000000f107d558,0x00000000f1080000)
  to   space 18432K, 0% used [0x00000000f7300000,0x00000000f7300000,0x00000000f8500000)
 ParOldGen       total 30720K, used 30691K [0x00000000c0000000, 0x00000000c1e00000, 0x00000000eab00000)
  object space 30720K, 99% used [0x00000000c0000000,0x00000000c1df8ec8,0x00000000c1e00000)
 Metaspace       used 6272K, capacity 7152K, committed 7296K, reserved 1056768K
  class space    used 598K, capacity 616K, committed 640K, reserved 1048576K
Event: 6.590 GC heap after
Heap after GC invocations=8 (full 1):
 PSYoungGen      total 103936K, used 8082K [0x00000000eab00000, 0x00000000f8500000, 0x0000000100000000)
  eden space 93184K, 0% used [0x00000000eab00000,0x00000000eab00000,0x00000000f0600000)
  from space 10752K, 75% used [0x00000000f0600000,0x00000000f0de4b18,0x00000000f1080000)
  to   space 18432K, 0% used [0x00000000f7300000,0x00000000f7300000,0x00000000f8500000)
 ParOldGen       total 58880K, used 30263K [0x00000000c0000000, 0x00000000c3980000, 0x00000000eab00000)
  object space 58880K, 51% used [0x00000000c0000000,0x00000000c1d8df40,0x00000000c3980000)
 Metaspace       used 6272K, capacity 7152K, committed 7296K, reserved 1056768K
  class space    used 598K, capacity 616K, committed 640K, reserved 1048576K
}

Deoptimization events (10 events):
Event: 3.833 Thread 0x0000000056acf000 Uncommon trap: reason=unstable_if action=reinterpret pc=0x0000000002ffd238 method=com.android.dx.ssa.SCCP.simulateBranch(Lcom/android/dx/ssa/SsaInsn;)V @ 64
Event: 4.221 Thread 0x0000000056b4a800 Uncommon trap: reason=unstable_if action=reinterpret pc=0x00000000030648b0 method=com.android.dx.rop.code.RegisterSpecSet.localItemToSpec(Lcom/android/dx/rop/code/LocalItem;)Lcom/android/dx/rop/code/RegisterSpec; @ 35
Event: 4.300 Thread 0x0000000056b4a800 Uncommon trap: reason=unstable_if action=reinterpret pc=0x00000000030326e8 method=com.android.dx.cf.code.ByteCatchList.listFor(I)Lcom/android/dx/cf/code/ByteCatchList; @ 47
Event: 4.301 Thread 0x0000000056b4a800 Uncommon trap: reason=unstable_if action=reinterpret pc=0x0000000002e27eac method=com.android.dx.util.IntList.binarysearch(I)I @ 105
Event: 4.303 Thread 0x0000000056b4a800 Uncommon trap: reason=unstable_if action=reinterpret pc=0x00000000030f56bc method=com.android.dx.ssa.SsaMethod.blockIndexToRopLabel(I)I @ 1
Event: 4.350 Thread 0x0000000056acf000 Uncommon trap: reason=class_check action=maybe_recompile pc=0x000000000310253c method=com.android.dx.ssa.SCCP.simulatePhi(Lcom/android/dx/ssa/PhiInsn;)V @ 124
Event: 4.367 Thread 0x0000000056b4a800 Uncommon trap: reason=class_check action=maybe_recompile pc=0x000000000310253c method=com.android.dx.ssa.SCCP.simulatePhi(Lcom/android/dx/ssa/PhiInsn;)V @ 124
Event: 4.373 Thread 0x0000000056b4a800 Uncommon trap: reason=class_check action=maybe_recompile pc=0x000000000310253c method=com.android.dx.ssa.SCCP.simulatePhi(Lcom/android/dx/ssa/PhiInsn;)V @ 124
Event: 4.375 Thread 0x0000000056b4a800 Uncommon trap: reason=class_check action=maybe_recompile pc=0x000000000310253c method=com.android.dx.ssa.SCCP.simulatePhi(Lcom/android/dx/ssa/PhiInsn;)V @ 124
Event: 4.649 Thread 0x0000000056b4a800 Uncommon trap: reason=unstable_if action=reinterpret pc=0x0000000003156b30 method=com.android.dx.ssa.SsaBasicBlock.newFromRop(Lcom/android/dx/rop/code/RopMethod;ILcom/android/dx/ssa/SsaMethod;)Lcom/android/dx/ssa/SsaBasicBlock; @ 164

Internal exceptions (5 events):
Event: 0.319 Thread 0x000000000227f000 Exception <a 'java/lang/NoSuchMethodError': Method sun.misc.Unsafe.defineClass(Ljava/lang/String;[BII)Ljava/lang/Class; name or signature does not match> (0x00000000eab07cc0) thrown at [C:\re\workspace\8-2-build-windows-amd64-cygwin\jdk8u101\7261\hotspot\s©ULxoÔ?
Event: 0.319 Thread 0x000000000227f000 Exception <a 'java/lang/NoSuchMethodError': Method sun.misc.Unsafe.prefetchRead(Ljava/lang/Object;J)V name or signature does not match> (0x00000000eab07fa8) thrown at [C:\re\workspace\8-2-build-windows-amd64-cygwin\jdk8u101\7261\hotspot\src\share\vm\prims\uðÚq•
Event: 2.073 Thread 0x0000000056acf000 Implicit null exception at 0x0000000002c8dfde to 0x0000000002c8f819
Event: 2.073 Thread 0x0000000056acf000 Implicit null exception at 0x0000000002c82f5e to 0x0000000002c84745
Event: 2.966 Thread 0x000000000227f000 Implicit null exception at 0x0000000002d40712 to 0x0000000002d40802

Events (10 events):
Event: 4.553 Thread 0x0000000056b4a800 DEOPT PACKING pc=0x0000000002e2a984 sp=0x00000000592de9b0
Event: 4.553 Thread 0x0000000056b4a800 DEOPT UNPACKING pc=0x0000000002a7787f sp=0x00000000592de690 mode 0
Event: 4.649 Thread 0x0000000056b4a800 Uncommon trap: trap_request=0xffffff65 fr.pc=0x0000000003156b30
Event: 4.649 Thread 0x0000000056b4a800 DEOPT PACKING pc=0x0000000003156b30 sp=0x00000000592de7a0
Event: 4.649 Thread 0x0000000056b4a800 DEOPT UNPACKING pc=0x0000000002a7582a sp=0x00000000592de7a8 mode 2
Event: 4.654 Thread 0x0000000056b4a800 DEOPT PACKING pc=0x0000000002e2a984 sp=0x00000000592de8e0
Event: 4.654 Thread 0x0000000056b4a800 DEOPT UNPACKING pc=0x0000000002a7787f sp=0x00000000592de5c0 mode 0
Event: 5.125 Executing VM operation: ParallelGCFailedAllocation
Event: 6.591 Executing VM operation: ParallelGCFailedAllocation done
Event: 6.642 Thread 0x0000000056b4a800 Uncommon trap: trap_request=0xffffffc6 fr.pc=0x00000000031c4a4c


Dynamic libraries:
0x000000013f0c0000 - 0x000000013f0f7000 	C:\JAVAJDK18\jdk1.8.0_101\bin\java.exe
0x00000000770a0000 - 0x000000007724a000 	C:\Windows\SYSTEM32\ntdll.dll
0x0000000076f80000 - 0x000000007709f000 	C:\Windows\system32\kernel32.dll
0x000007fefd120000 - 0x000007fefd18a000 	C:\Windows\system32\KERNELBASE.dll
0x000007feff090000 - 0x000007feff16b000 	C:\Windows\system32\ADVAPI32.dll
0x000007feff1b0000 - 0x000007feff24f000 	C:\Windows\system32\msvcrt.dll
0x000007fefeda0000 - 0x000007fefedbf000 	C:\Windows\SYSTEM32\sechost.dll
0x000007fefe840000 - 0x000007fefe96d000 	C:\Windows\system32\RPCRT4.dll
0x0000000076e80000 - 0x0000000076f7a000 	C:\Windows\system32\USER32.dll
0x000007fefee40000 - 0x000007fefeea7000 	C:\Windows\system32\GDI32.dll
0x000007feff170000 - 0x000007feff17e000 	C:\Windows\system32\LPK.dll
0x000007fefdf30000 - 0x000007fefdffa000 	C:\Windows\system32\USP10.dll
0x000007fefb690000 - 0x000007fefb884000 	C:\Windows\WinSxS\amd64_microsoft.windows.common-controls_6595b64144ccf1df_6.0.7601.18837_none_fa3b1e3d17594757\COMCTL32.dll
0x000007feff250000 - 0x000007feff2c1000 	C:\Windows\system32\SHLWAPI.dll
0x000007feff180000 - 0x000007feff1ae000 	C:\Windows\system32\IMM32.DLL
0x000007fefe9c0000 - 0x000007fefeac9000 	C:\Windows\system32\MSCTF.dll
0x000007fefcd10000 - 0x000007fefcd4f000 	C:\Windows\system32\nvinitx.dll
0x00000000665c0000 - 0x0000000066692000 	C:\JAVAJDK18\jdk1.8.0_101\jre\bin\msvcr100.dll
0x000000005d580000 - 0x000000005de1a000 	C:\JAVAJDK18\jdk1.8.0_101\jre\bin\server\jvm.dll
0x000007fef8a10000 - 0x000007fef8a19000 	C:\Windows\system32\WSOCK32.dll
0x000007fefe970000 - 0x000007fefe9bd000 	C:\Windows\system32\WS2_32.dll
0x000007fefe7b0000 - 0x000007fefe7b8000 	C:\Windows\system32\NSI.dll
0x000007fefab90000 - 0x000007fefabcb000 	C:\Windows\system32\WINMM.dll
0x000007fefc620000 - 0x000007fefc62c000 	C:\Windows\system32\VERSION.dll
0x0000000077260000 - 0x0000000077267000 	C:\Windows\system32\PSAPI.DLL
0x000000006b8f0000 - 0x000000006b8ff000 	C:\JAVAJDK18\jdk1.8.0_101\jre\bin\verify.dll
0x000000006b880000 - 0x000000006b8a9000 	C:\JAVAJDK18\jdk1.8.0_101\jre\bin\java.dll
0x000000006b860000 - 0x000000006b876000 	C:\JAVAJDK18\jdk1.8.0_101\jre\bin\zip.dll
0x000007fefd1a0000 - 0x000007fefdf2c000 	C:\Windows\system32\SHELL32.dll
0x000007fefe0a0000 - 0x000007fefe2a3000 	C:\Windows\system32\ole32.dll
0x000007fefcde0000 - 0x000007fefcdef000 	C:\Windows\system32\profapi.dll

VM Arguments:
jvm_args: -Djava.awt.headless=true -Xmx1024M -Dfile.encoding=windows-1252 -Duser.country=SE -Duser.language=sv -Duser.variant 
java_command: com.android.dx.command.Main --dex --force-jumbo --num-threads=4 --multi-dex --output C:\Users\PontusArfwedson\AndroidStudioProjects\YelpMe\app\build\intermediates\transforms\dex\debug\folders\1000\10\jackson-databind-2.7.2_54e8488922c09ba26141c96577801f3359e8ab13 C:\Users\PontusArfwedson\.gradle\caches\modules-2\files-2.1\com.fasterxml.jackson.core\jackson-databind\2.7.2\84ffa765dd258dbab8695963c41308b054f3a1cb\jackson-databind-2.7.2.jar
java_class_path (initial): C:\androidsdkold\sdk\build-tools\24.0.3\lib\dx.jar
Launcher Type: SUN_STANDARD

Environment Variables:
JAVA_HOME=C:\Program Files\Java\jdk1.8.0_101
CLASSPATH=C:\Program Files (x86)\QuickTime\QTSystem\QTJava.zip
PATH=C:\ProgramData\Oracle\Java\javapath;C:\Program Files (x86)\NVIDIA Corporation\PhysX\Common;C:\Program Files\Common Files\Microsoft Shared\Windows Live;C:\Program Files (x86)\Common Files\Microsoft Shared\Windows Live;C:\Windows\system32;C:\Windows;C:\Windows\System32\Wbem;C:\Windows\System32\WindowsPowerShell\v1.0\;C:\Program Files (x86)\Windows Live\Shared;C:\Program Files\Intel\WiFi\bin\;C:\Program Files\Common Files\Intel\WirelessCommon\;C:\Program Files\MATLAB\R2012b\runtime\win64;C:\Program Files\MATLAB\R2012b\bin;D:\PROGRAM\MATLAB\R2013b\bin;C:\Program Files (x86)\QuickTime\QTSystem\;C:\Program Files\MATLABMATLAB\bin;C:\Program Files (x86)\Skype\Phone\;C:\Program Files (x86)\MySQL\MySQL Fabric 1.5 ^& MySQL Utilities 1.5\;C:\Program Files (x86)\MySQL\MySQL Fabric 1.5 ^& MySQL Utilities 1.5\Doctrine extensions for PHP\;C:\cygwin64\bin;C:\cygwin64\usr\bin;C:\Program Files\Git\cmd;C:\Program Files (x86)\Heroku\bin;C:\Program Files (x86)\git\cmd;C:\Program Files (x86)\Git\cmd;C:\Python27;C:\Program Files\nodejs\;C:\ant\apache-ant-1.9.7\bin;C:\Program Files (x86)\Yarn\bin;ANDROID_HOME;C:\androidsdkold\sdk\platform-tools;C:\Ruby22\bin;C:\Program Files\adt-bundle-windows-x86_64-20130219\sdk\tools\ant\bin;C:\Program Files\Java\jdk1.8.0_101;C:\Python27;C:\Users\PontusArfwedson\AppData\Roaming\npm;C:\ant\apache-ant-1.9.7\bin;C:\Users\PontusArfwedson\AppData\Local\Yarn\.bin;ANDROID_HOME;C:\androidsdkold\sdk\platform-tools
USERNAME=PontusArfwedson
OS=Windows_NT
PROCESSOR_IDENTIFIER=Intel64 Family 6 Model 42 Stepping 7, GenuineIntel



---------------  S Y S T E M  ---------------

OS: Windows 7 , 64 bit Build 7601 (6.1.7601.23418)

CPU:total 8 (4 cores per cpu, 2 threads per core) family 6 model 42 stepping 7, cmov, cx8, fxsr, mmx, sse, sse2, sse3, ssse3, sse4.1, sse4.2, popcnt, avx, aes, clmul, ht, tsc, tscinvbit

Memory: 4k page, physical 2794184k(149000k free), swap 4274792k(5352k free)

vm_info: Java HotSpot(TM) 64-Bit Server VM (25.101-b13) for windows-amd64 JRE (1.8.0_101-b13), built on Jun 22 2016 01:21:29 by "java_re" with MS VC++ 10.0 (VS2010)

time: Thu Dec 01 21:56:13 2016
elapsed time: 6 seconds (0d 0h 0m 6s)

