#
# There is insufficient memory for the Java Runtime Environment to continue.
# Native memory allocation (malloc) failed to allocate 240816 bytes for Chunk::new
# Possible reasons:
#   The system is out of physical RAM or swap space
#   In 32 bit mode, the process size limit was hit
# Possible solutions:
#   Reduce memory load on the system
#   Increase physical memory or swap space
#   Check if swap backing store is full
#   Use 64 bit Java on a 64 bit OS
#   Decrease Java heap size (-Xmx/-Xms)
#   Decrease number of Java threads
#   Decrease Java thread stack sizes (-Xss)
#   Set larger code cache with -XX:ReservedCodeCacheSize=
# This output file may be truncated or incomplete.
#
#  Out of Memory Error (allocation.cpp:390), pid=6692, tid=0x00000000000004d4
#
# JRE version: Java(TM) SE Runtime Environment (8.0_101-b13) (build 1.8.0_101-b13)
# Java VM: Java HotSpot(TM) 64-Bit Server VM (25.101-b13 mixed mode windows-amd64 compressed oops)
# Failed to write core dump. Minidumps are not enabled by default on client versions of Windows
#

---------------  T H R E A D  ---------------

Current thread (0x0000000056a1a800):  JavaThread "C2 CompilerThread1" daemon [_thread_in_native, id=1236, stack(0x00000000582e0000,0x00000000583e0000)]

Stack: [0x00000000582e0000,0x00000000583e0000]
[error occurred during error reporting (printing stack bounds), id 0xc0000005]

Native frames: (J=compiled Java code, j=interpreted, Vv=VM code, C=native code)


Current CompileTask:
C2:   1336  929   !   4       com.android.dx.cf.code.BytecodeArray::parseInstruction (2764 bytes)


---------------  P R O C E S S  ---------------

Java Threads: ( => current thread )
  0x0000000056c42000 JavaThread "pool-2-thread-4" [_thread_in_Java, id=1680, stack(0x0000000058fc0000,0x00000000590c0000)]
  0x0000000056b8a000 JavaThread "pool-3-thread-1" [_thread_blocked, id=3664, stack(0x0000000058b10000,0x0000000058c10000)]
  0x0000000056aaf800 JavaThread "Service Thread" daemon [_thread_blocked, id=7860, stack(0x0000000058600000,0x0000000058700000)]
  0x0000000056a23800 JavaThread "C1 CompilerThread3" daemon [_thread_blocked, id=3840, stack(0x0000000058430000,0x0000000058530000)]
  0x0000000056a22800 JavaThread "C2 CompilerThread2" daemon [_thread_blocked, id=7488, stack(0x0000000057f20000,0x0000000058020000)]
=>0x0000000056a1a800 JavaThread "C2 CompilerThread1" daemon [_thread_in_native, id=1236, stack(0x00000000582e0000,0x00000000583e0000)]
  0x0000000056a11000 JavaThread "C2 CompilerThread0" daemon [_thread_in_native, id=5472, stack(0x0000000058050000,0x0000000058150000)]
  0x0000000056a0f800 JavaThread "Attach Listener" daemon [_thread_blocked, id=2848, stack(0x0000000057920000,0x0000000057a20000)]
  0x0000000056a0e800 JavaThread "Signal Dispatcher" daemon [_thread_blocked, id=6948, stack(0x0000000057b80000,0x0000000057c80000)]
  0x0000000055962800 JavaThread "Finalizer" daemon [_thread_blocked, id=4808, stack(0x0000000057e20000,0x0000000057f20000)]
  0x000000005595a800 JavaThread "Reference Handler" daemon [_thread_blocked, id=4044, stack(0x0000000057ce0000,0x0000000057de0000)]
  0x000000000033f000 JavaThread "main" [_thread_blocked, id=7200, stack(0x00000000026c0000,0x00000000027c0000)]

Other Threads:
  0x00000000569c2800 VMThread [stack: 0x0000000057a40000,0x0000000057b40000] [id=5312]
  0x0000000056a76000 WatcherThread [stack: 0x00000000587a0000,0x00000000588a0000] [id=3516]

VM state:not at safepoint (normal execution)

VM Mutex/Monitor currently owned by a thread: None

Heap:
 PSYoungGen      total 25088K, used 4010K [0x00000000eab00000, 0x00000000ec500000, 0x0000000100000000)
  eden space 23552K, 10% used [0x00000000eab00000,0x00000000ead6a9d8,0x00000000ec200000)
  from space 1536K, 100% used [0x00000000ec380000,0x00000000ec500000,0x00000000ec500000)
  to   space 1536K, 0% used [0x00000000ec200000,0x00000000ec200000,0x00000000ec380000)
 ParOldGen       total 30208K, used 3324K [0x00000000c0000000, 0x00000000c1d80000, 0x00000000eab00000)
  object space 30208K, 11% used [0x00000000c0000000,0x00000000c033f348,0x00000000c1d80000)
 Metaspace       used 5703K, capacity 6832K, committed 7040K, reserved 1056768K
  class space    used 583K, capacity 616K, committed 640K, reserved 1048576K

Card table byte_map: [0x0000000011e50000,0x0000000012060000] byte_map_base: 0x0000000011850000

Marking Bits: (ParMarkBitMap*) 0x000000005dd9a6d0
 Begin Bits: [0x0000000012d70000, 0x0000000013d70000)
 End Bits:   [0x0000000013d70000, 0x0000000014d70000)

Polling page: 0x0000000000130000

CodeCache: size=245760Kb used=3802Kb max_used=3814Kb free=241957Kb
 bounds [0x0000000002a90000, 0x0000000002e50000, 0x0000000011a90000]
 total_blobs=1230 nmethods=969 adapters=174
 compilation: enabled

Compilation events (10 events):
Event: 1.284 Thread 0x0000000056a11000 nmethod 970% 0x0000000002e49a10 code [0x0000000002e49be0, 0x0000000002e4ab38]
Event: 1.285 Thread 0x0000000056a23800  971   !   3       com.android.dx.cf.code.Ropper::doit (126 bytes)
Event: 1.286 Thread 0x0000000056a22800  974       4       com.android.dx.rop.code.RegisterSpec$ForComparison::equals (31 bytes)
Event: 1.286 Thread 0x0000000056a11000  975       4       com.android.dx.ssa.SCCP::simulateStmt (481 bytes)
Event: 1.287 Thread 0x0000000056a23800 nmethod 971 0x0000000002e476d0 code [0x0000000002e479c0, 0x0000000002e48db8]
Event: 1.287 Thread 0x0000000056a23800  972       3       com.android.dx.rop.code.RegisterSpecSet::localItemToSpec (49 bytes)
Event: 1.287 Thread 0x0000000056a23800 nmethod 972 0x0000000002e45a10 code [0x0000000002e45ba0, 0x0000000002e46168]
Event: 1.287 Thread 0x0000000056a23800  973       3       com.android.dx.rop.code.LocalItem::hashCode (41 bytes)
Event: 1.288 Thread 0x0000000056a23800 nmethod 973 0x0000000002e45150 code [0x0000000002e452e0, 0x0000000002e45838]
Event: 1.290 Thread 0x0000000056a22800 nmethod 974 0x0000000002e43410 code [0x0000000002e43560, 0x0000000002e43898]

GC Heap History (4 events):
Event: 0.606 GC heap before
{Heap before GC invocations=1 (full 0):
 PSYoungGen      total 13312K, used 11776K [0x00000000eab00000, 0x00000000eb980000, 0x0000000100000000)
  eden space 11776K, 100% used [0x00000000eab00000,0x00000000eb680000,0x00000000eb680000)
  from space 1536K, 0% used [0x00000000eb800000,0x00000000eb800000,0x00000000eb980000)
  to   space 1536K, 0% used [0x00000000eb680000,0x00000000eb680000,0x00000000eb800000)
 ParOldGen       total 30208K, used 0K [0x00000000c0000000, 0x00000000c1d80000, 0x00000000eab00000)
  object space 30208K, 0% used [0x00000000c0000000,0x00000000c0000000,0x00000000c1d80000)
 Metaspace       used 5473K, capacity 6640K, committed 6784K, reserved 1056768K
  class space    used 577K, capacity 616K, committed 640K, reserved 1048576K
Event: 0.772 GC heap after
Heap after GC invocations=1 (full 0):
 PSYoungGen      total 13312K, used 1520K [0x00000000eab00000, 0x00000000ec500000, 0x0000000100000000)
  eden space 11776K, 0% used [0x00000000eab00000,0x00000000eab00000,0x00000000eb680000)
  from space 1536K, 98% used [0x00000000eb680000,0x00000000eb7fc010,0x00000000eb800000)
  to   space 1536K, 0% used [0x00000000ec380000,0x00000000ec380000,0x00000000ec500000)
 ParOldGen       total 30208K, used 1847K [0x00000000c0000000, 0x00000000c1d80000, 0x00000000eab00000)
  object space 30208K, 6% used [0x00000000c0000000,0x00000000c01cdf08,0x00000000c1d80000)
 Metaspace       used 5473K, capacity 6640K, committed 6784K, reserved 1056768K
  class space    used 577K, capacity 616K, committed 640K, reserved 1048576K
}
Event: 1.038 GC heap before
{Heap before GC invocations=2 (full 0):
 PSYoungGen      total 13312K, used 13296K [0x00000000eab00000, 0x00000000ec500000, 0x0000000100000000)
  eden space 11776K, 100% used [0x00000000eab00000,0x00000000eb680000,0x00000000eb680000)
  from space 1536K, 98% used [0x00000000eb680000,0x00000000eb7fc010,0x00000000eb800000)
  to   space 1536K, 0% used [0x00000000ec380000,0x00000000ec380000,0x00000000ec500000)
 ParOldGen       total 30208K, used 1847K [0x00000000c0000000, 0x00000000c1d80000, 0x00000000eab00000)
  object space 30208K, 6% used [0x00000000c0000000,0x00000000c01cdf08,0x00000000c1d80000)
 Metaspace       used 5665K, capacity 6832K, committed 7040K, reserved 1056768K
  class space    used 583K, capacity 616K, committed 640K, reserved 1048576K
Event: 1.098 GC heap after
Heap after GC invocations=2 (full 0):
 PSYoungGen      total 25088K, used 1536K [0x00000000eab00000, 0x00000000ec500000, 0x0000000100000000)
  eden space 23552K, 0% used [0x00000000eab00000,0x00000000eab00000,0x00000000ec200000)
  from space 1536K, 100% used [0x00000000ec380000,0x00000000ec500000,0x00000000ec500000)
  to   space 1536K, 0% used [0x00000000ec200000,0x00000000ec200000,0x00000000ec380000)
 ParOldGen       total 30208K, used 3324K [0x00000000c0000000, 0x00000000c1d80000, 0x00000000eab00000)
  object space 30208K, 11% used [0x00000000c0000000,0x00000000c033f348,0x00000000c1d80000)
 Metaspace       used 5665K, capacity 6832K, committed 7040K, reserved 1056768K
  class space    used 583K, capacity 616K, committed 640K, reserved 1048576K
}

Deoptimization events (9 events):
Event: 0.435 Thread 0x000000000033f000 Uncommon trap: reason=unstable_if action=reinterpret pc=0x0000000002c50168 method=java.util.HashMap.getNode(ILjava/lang/Object;)Ljava/util/HashMap$Node; @ 62
Event: 0.505 Thread 0x000000000033f000 Uncommon trap: reason=unstable_if action=reinterpret pc=0x0000000002ca1534 method=java.util.HashMap.getNode(ILjava/lang/Object;)Ljava/util/HashMap$Node; @ 129
Event: 0.787 Thread 0x0000000056b89800 Uncommon trap: reason=unloaded action=reinterpret pc=0x0000000002cec034 method=com.android.dx.ssa.SsaRenamer$BlockRenamer.visitMoveInsn(Lcom/android/dx/ssa/NormalSsaInsn;)V @ 208
Event: 0.979 Thread 0x0000000056b89800 Uncommon trap: reason=unloaded action=reinterpret pc=0x0000000002da367c method=com.android.dx.ssa.SsaRenamer$BlockRenamer.visitMoveInsn(Lcom/android/dx/ssa/NormalSsaInsn;)V @ 208
Event: 0.983 Thread 0x0000000056b89800 Uncommon trap: reason=class_check action=maybe_recompile pc=0x0000000002d159a0 method=com.android.dx.rop.type.Type.equals(Ljava/lang/Object;)Z @ 8
Event: 0.983 Thread 0x0000000056b89800 Uncommon trap: reason=unstable_if action=reinterpret pc=0x0000000002d23b6c method=com.android.dx.rop.code.RegisterSpec.equals(ILcom/android/dx/rop/type/TypeBearer;Lcom/android/dx/rop/code/LocalItem;)Z @ 16
Event: 0.983 Thread 0x0000000056b89800 Uncommon trap: reason=unstable_if action=reinterpret pc=0x0000000002cd053c method=com.android.dx.rop.code.RegisterSpec.equals(ILcom/android/dx/rop/type/TypeBearer;Lcom/android/dx/rop/code/LocalItem;)Z @ 16
Event: 0.983 Thread 0x0000000056b89800 Uncommon trap: reason=class_check action=maybe_recompile pc=0x0000000002d159a0 method=com.android.dx.rop.type.Type.equals(Ljava/lang/Object;)Z @ 8
Event: 0.983 Thread 0x0000000056b89800 Uncommon trap: reason=unstable_if action=reinterpret pc=0x0000000002c81fd8 method=com.android.dx.rop.code.RegisterSpec.equals(ILcom/android/dx/rop/type/TypeBearer;Lcom/android/dx/rop/code/LocalItem;)Z @ 16

Internal exceptions (2 events):
Event: 0.038 Thread 0x000000000033f000 Exception <a 'java/lang/NoSuchMethodError': Method sun.misc.Unsafe.defineClass(Ljava/lang/String;[BII)Ljava/lang/Class; name or signature does not match> (0x00000000eab07cc0) thrown at [C:\re\workspace\8-2-build-windows-amd64-cygwin\jdk8u101\7261\hotspot\s!XÅ+E£?
Event: 0.038 Thread 0x000000000033f000 Exception <a 'java/lang/NoSuchMethodError': Method sun.misc.Unsafe.prefetchRead(Ljava/lang/Object;J)V name or signature does not match> (0x00000000eab07fa8) thrown at [C:\re\workspace\8-2-build-windows-amd64-cygwin\jdk8u101\7261\hotspot\src\share\vm\prims\

Events (10 events):
Event: 0.999 loading class com/android/dx/dex/file/ParameterAnnotationStruct done
Event: 1.000 loading class com/android/dx/dex/file/UniformListItem
Event: 1.000 loading class com/android/dx/dex/file/UniformListItem done
Event: 1.001 loading class com/android/dx/dex/file/AnnotationSetRefItem
Event: 1.001 loading class com/android/dx/dex/file/AnnotationSetRefItem done
Event: 1.037 Executing VM operation: ParallelGCFailedAllocation
Event: 1.098 Executing VM operation: ParallelGCFailedAllocation done
Event: 1.161 Thread 0x0000000056b89800 Thread exited: 0x0000000056b89800
Event: 1.173 Thread 0x0000000056b8a800 Thread exited: 0x0000000056b8a800
Event: 1.216 Thread 0x0000000056b8b800 Thread exited: 0x0000000056b8b800


Dynamic libraries:
0x000000013f0c0000 - 0x000000013f0f7000 	C:\JAVAJDK18\jdk1.8.0_101\bin\java.exe
0x00000000770a0000 - 0x000000007724a000 	C:\Windows\SYSTEM32\ntdll.dll
0x0000000076f80000 - 0x000000007709f000 	C:\Windows\system32\kernel32.dll
0x000007fefd120000 - 0x000007fefd18a000 	C:\Windows\system32\KERNELBASE.dll
0x000007feff090000 - 0x000007feff16b000 	C:\Windows\system32\ADVAPI32.dll
0x000007feff1b0000 - 0x000007feff24f000 	C:\Windows\system32\msvcrt.dll
0x000007fefeda0000 - 0x000007fefedbf000 	C:\Windows\SYSTEM32\sechost.dll
0x000007fefe840000 - 0x000007fefe96d000 	C:\Windows\system32\RPCRT4.dll
0x0000000076e80000 - 0x0000000076f7a000 	C:\Windows\system32\USER32.dll
0x000007fefee40000 - 0x000007fefeea7000 	C:\Windows\system32\GDI32.dll
0x000007feff170000 - 0x000007feff17e000 	C:\Windows\system32\LPK.dll
0x000007fefdf30000 - 0x000007fefdffa000 	C:\Windows\system32\USP10.dll
0x000007fefb690000 - 0x000007fefb884000 	C:\Windows\WinSxS\amd64_microsoft.windows.common-controls_6595b64144ccf1df_6.0.7601.18837_none_fa3b1e3d17594757\COMCTL32.dll
0x000007feff250000 - 0x000007feff2c1000 	C:\Windows\system32\SHLWAPI.dll
0x000007feff180000 - 0x000007feff1ae000 	C:\Windows\system32\IMM32.DLL
0x000007fefe9c0000 - 0x000007fefeac9000 	C:\Windows\system32\MSCTF.dll
0x000007fefcd10000 - 0x000007fefcd4f000 	C:\Windows\system32\nvinitx.dll
0x00000000665c0000 - 0x0000000066692000 	C:\JAVAJDK18\jdk1.8.0_101\jre\bin\msvcr100.dll
0x000000005d580000 - 0x000000005de1a000 	C:\JAVAJDK18\jdk1.8.0_101\jre\bin\server\jvm.dll
0x000007fef8a10000 - 0x000007fef8a19000 	C:\Windows\system32\WSOCK32.dll
0x000007fefe970000 - 0x000007fefe9bd000 	C:\Windows\system32\WS2_32.dll
0x000007fefe7b0000 - 0x000007fefe7b8000 	C:\Windows\system32\NSI.dll
0x000007fefab90000 - 0x000007fefabcb000 	C:\Windows\system32\WINMM.dll
0x000007fefc620000 - 0x000007fefc62c000 	C:\Windows\system32\VERSION.dll
0x0000000077260000 - 0x0000000077267000 	C:\Windows\system32\PSAPI.DLL
0x000000006b8f0000 - 0x000000006b8ff000 	C:\JAVAJDK18\jdk1.8.0_101\jre\bin\verify.dll
0x000000006b880000 - 0x000000006b8a9000 	C:\JAVAJDK18\jdk1.8.0_101\jre\bin\java.dll
0x000000006b860000 - 0x000000006b876000 	C:\JAVAJDK18\jdk1.8.0_101\jre\bin\zip.dll
0x000007fefd1a0000 - 0x000007fefdf2c000 	C:\Windows\system32\SHELL32.dll
0x000007fefe0a0000 - 0x000007fefe2a3000 	C:\Windows\system32\ole32.dll
0x000007fefcde0000 - 0x000007fefcdef000 	C:\Windows\system32\profapi.dll

VM Arguments:
jvm_args: -Djava.awt.headless=true -Xmx1024M -Dfile.encoding=windows-1252 -Duser.country=SE -Duser.language=sv -Duser.variant 
java_command: com.android.dx.command.Main --dex --force-jumbo --num-threads=4 --multi-dex --output C:\Users\PontusArfwedson\AndroidStudioProjects\YelpMe\app\build\intermediates\transforms\dex\debug\folders\1000\5\slice_7 C:\Users\PontusArfwedson\AndroidStudioProjects\YelpMe\app\build\intermediates\transforms\instantRunSlicer\debug\folders\1\5\slice_7
java_class_path (initial): C:\androidsdkold\sdk\build-tools\24.0.3\lib\dx.jar
Launcher Type: SUN_STANDARD

Environment Variables:
JAVA_HOME=C:\Program Files\Java\jdk1.8.0_101
CLASSPATH=C:\Program Files (x86)\QuickTime\QTSystem\QTJava.zip
PATH=C:\ProgramData\Oracle\Java\javapath;C:\Program Files (x86)\NVIDIA Corporation\PhysX\Common;C:\Program Files\Common Files\Microsoft Shared\Windows Live;C:\Program Files (x86)\Common Files\Microsoft Shared\Windows Live;C:\Windows\system32;C:\Windows;C:\Windows\System32\Wbem;C:\Windows\System32\WindowsPowerShell\v1.0\;C:\Program Files (x86)\Windows Live\Shared;C:\Program Files\Intel\WiFi\bin\;C:\Program Files\Common Files\Intel\WirelessCommon\;C:\Program Files\MATLAB\R2012b\runtime\win64;C:\Program Files\MATLAB\R2012b\bin;D:\PROGRAM\MATLAB\R2013b\bin;C:\Program Files (x86)\QuickTime\QTSystem\;C:\Program Files\MATLABMATLAB\bin;C:\Program Files (x86)\Skype\Phone\;C:\Program Files (x86)\MySQL\MySQL Fabric 1.5 ^& MySQL Utilities 1.5\;C:\Program Files (x86)\MySQL\MySQL Fabric 1.5 ^& MySQL Utilities 1.5\Doctrine extensions for PHP\;C:\cygwin64\bin;C:\cygwin64\usr\bin;C:\Program Files\Git\cmd;C:\Program Files (x86)\Heroku\bin;C:\Program Files (x86)\git\cmd;C:\Program Files (x86)\Git\cmd;C:\Python27;C:\Program Files\nodejs\;C:\ant\apache-ant-1.9.7\bin;C:\Program Files (x86)\Yarn\bin;ANDROID_HOME;C:\androidsdkold\sdk\platform-tools;C:\Ruby22\bin;C:\Program Files\adt-bundle-windows-x86_64-20130219\sdk\tools\ant\bin;C:\Program Files\Java\jdk1.8.0_101;C:\Python27;C:\Users\PontusArfwedson\AppData\Roaming\npm;C:\ant\apache-ant-1.9.7\bin;C:\Users\PontusArfwedson\AppData\Local\Yarn\.bin;ANDROID_HOME;C:\androidsdkold\sdk\platform-tools
USERNAME=PontusArfwedson
OS=Windows_NT
PROCESSOR_IDENTIFIER=Intel64 Family 6 Model 42 Stepping 7, GenuineIntel



---------------  S Y S T E M  ---------------

OS: Windows 7 , 64 bit Build 7601 (6.1.7601.23418)

CPU:total 8 (4 cores per cpu, 2 threads per core) family 6 model 42 stepping 7, cmov, cx8, fxsr, mmx, sse, sse2, sse3, ssse3, sse4.1, sse4.2, popcnt, avx, aes, clmul, ht, tsc, tscinvbit

Memory: 4k page, physical 2794184k(174204k free), swap 4274792k(5096k free)

vm_info: Java HotSpot(TM) 64-Bit Server VM (25.101-b13) for windows-amd64 JRE (1.8.0_101-b13), built on Jun 22 2016 01:21:29 by "java_re" with MS VC++ 10.0 (VS2010)

time: Thu Dec 01 21:52:42 2016
elapsed time: 1 seconds (0d 0h 0m 1s)

