#
# There is insufficient memory for the Java Runtime Environment to continue.
# Native memory allocation (malloc) failed to allocate 32744 bytes for ChunkPool::allocate
# Possible reasons:
#   The system is out of physical RAM or swap space
#   In 32 bit mode, the process size limit was hit
# Possible solutions:
#   Reduce memory load on the system
#   Increase physical memory or swap space
#   Check if swap backing store is full
#   Use 64 bit Java on a 64 bit OS
#   Decrease Java heap size (-Xmx/-Xms)
#   Decrease number of Java threads
#   Decrease Java thread stack sizes (-Xss)
#   Set larger code cache with -XX:ReservedCodeCacheSize=
# This output file may be truncated or incomplete.
#
#  Out of Memory Error (allocation.cpp:273), pid=1304, tid=0x0000000000001afc
#
# JRE version: Java(TM) SE Runtime Environment (8.0_101-b13) (build 1.8.0_101-b13)
# Java VM: Java HotSpot(TM) 64-Bit Server VM (25.101-b13 mixed mode windows-amd64 compressed oops)
# Failed to write core dump. Minidumps are not enabled by default on client versions of Windows
#

---------------  T H R E A D  ---------------

Current thread (0x0000000056806000):  JavaThread "C2 CompilerThread0" daemon [_thread_in_native, id=6908, stack(0x0000000057fd0000,0x00000000580d0000)]

Stack: [0x0000000057fd0000,0x00000000580d0000]
[error occurred during error reporting (printing stack bounds), id 0xc0000005]

Native frames: (J=compiled Java code, j=interpreted, Vv=VM code, C=native code)


Current CompileTask:
C2:    965  771       4       com.android.dx.ssa.NormalSsaInsn::accept (25 bytes)


---------------  P R O C E S S  ---------------

Java Threads: ( => current thread )
  0x00000000587b2800 JavaThread "pool-2-thread-4" [_thread_in_Java, id=7160, stack(0x0000000059570000,0x0000000059670000)]
  0x00000000587b0800 JavaThread "pool-2-thread-3" [_thread_in_vm, id=768, stack(0x0000000059430000,0x0000000059530000)]
  0x0000000056ad8800 JavaThread "pool-2-thread-2" [_thread_blocked, id=2928, stack(0x00000000592b0000,0x00000000593b0000)]
  0x000000005885b000 JavaThread "pool-3-thread-1" [_thread_blocked, id=520, stack(0x00000000590e0000,0x00000000591e0000)]
  0x000000005885a000 JavaThread "pool-2-thread-1" [_thread_blocked, id=1484, stack(0x0000000057d20000,0x0000000057e20000)]
  0x0000000056888800 JavaThread "Service Thread" daemon [_thread_blocked, id=6308, stack(0x00000000580f0000,0x00000000581f0000)]
  0x000000005575e000 JavaThread "C1 CompilerThread3" daemon [_thread_in_native, id=6116, stack(0x00000000584d0000,0x00000000585d0000)]
  0x000000005680f800 JavaThread "C2 CompilerThread2" daemon [_thread_in_native, id=7396, stack(0x0000000058360000,0x0000000058460000)]
  0x000000005680c800 JavaThread "C2 CompilerThread1" daemon [_thread_in_native, id=7548, stack(0x0000000058220000,0x0000000058320000)]
=>0x0000000056806000 JavaThread "C2 CompilerThread0" daemon [_thread_in_native, id=6908, stack(0x0000000057fd0000,0x00000000580d0000)]
  0x0000000056804800 JavaThread "Attach Listener" daemon [_thread_blocked, id=4240, stack(0x0000000057770000,0x0000000057870000)]
  0x0000000056803800 JavaThread "Signal Dispatcher" daemon [_thread_blocked, id=5896, stack(0x0000000057e30000,0x0000000057f30000)]
  0x0000000055749000 JavaThread "Finalizer" daemon [_thread_blocked, id=7976, stack(0x0000000057bf0000,0x0000000057cf0000)]
  0x0000000055746800 JavaThread "Reference Handler" daemon [_thread_blocked, id=6916, stack(0x0000000057a40000,0x0000000057b40000)]
  0x000000000040f000 JavaThread "main" [_thread_in_Java, id=5820, stack(0x00000000024c0000,0x00000000025c0000)]

Other Threads:
  0x00000000567b0800 VMThread [stack: 0x0000000057880000,0x0000000057980000] [id=7208]
  0x00000000568b8800 WatcherThread [stack: 0x0000000058670000,0x0000000058770000] [id=8100]

VM state:not at safepoint (normal execution)

VM Mutex/Monitor currently owned by a thread:  ([mutex/lock_event])
[0x000000000040d750] MethodData_lock - owner thread: 0x00000000587b0800

Heap:
 PSYoungGen      total 13312K, used 13101K [0x00000000eab00000, 0x00000000ec500000, 0x0000000100000000)
  eden space 11776K, 98% used [0x00000000eab00000,0x00000000eb64e238,0x00000000eb680000)
  from space 1536K, 99% used [0x00000000eb680000,0x00000000eb7fd230,0x00000000eb800000)
  to   space 1536K, 0% used [0x00000000ec380000,0x00000000ec380000,0x00000000ec500000)
 ParOldGen       total 30208K, used 189K [0x00000000c0000000, 0x00000000c1d80000, 0x00000000eab00000)
  object space 30208K, 0% used [0x00000000c0000000,0x00000000c002f568,0x00000000c1d80000)
 Metaspace       used 5660K, capacity 6704K, committed 6784K, reserved 1056768K
  class space    used 586K, capacity 616K, committed 640K, reserved 1048576K

Card table byte_map: [0x0000000011c50000,0x0000000011e60000] byte_map_base: 0x0000000011650000

Marking Bits: (ParMarkBitMap*) 0x000000005dd9a6d0
 Begin Bits: [0x0000000012b60000, 0x0000000013b60000)
 End Bits:   [0x0000000013b60000, 0x0000000014b60000)

Polling page: 0x0000000000330000

CodeCache: size=245760Kb used=2762Kb max_used=2774Kb free=242997Kb
 bounds [0x0000000002890000, 0x0000000002b50000, 0x0000000011890000]
 total_blobs=993 nmethods=730 adapters=176
 compilation: enabled

Compilation events (10 events):
Event: 0.947 Thread 0x0000000056806000 nmethod 756 0x0000000002b32190 code [0x0000000002b322e0, 0x0000000002b32398]
Event: 0.947 Thread 0x0000000056806000  749       4       com.android.dx.util.LabeledList::indexOfLabel (22 bytes)
Event: 0.948 Thread 0x0000000056806000 nmethod 749 0x0000000002b469d0 code [0x0000000002b46b20, 0x0000000002b46bd8]
Event: 0.948 Thread 0x0000000056806000  744   !   4       com.android.dx.rop.cst.StdConstantPool::getOrNull (13 bytes)
Event: 0.949 Thread 0x0000000056806000 nmethod 744 0x0000000002b2b8d0 code [0x0000000002b2ba00, 0x0000000002b2ba98]
Event: 0.949 Thread 0x0000000056806000  743  s    4       java.util.Vector::add (39 bytes)
Event: 0.952 Thread 0x0000000056806000 nmethod 743 0x0000000002b44e50 code [0x0000000002b44fa0, 0x0000000002b45348]
Event: 0.952 Thread 0x0000000056806000  765  s    4       java.util.Vector::removeElementAt (115 bytes)
Event: 0.955 Thread 0x0000000056806000 nmethod 765 0x0000000002b44910 code [0x0000000002b44a60, 0x0000000002b44cf8]
Event: 0.955 Thread 0x0000000056806000  771       4       com.android.dx.ssa.NormalSsaInsn::accept (25 bytes)

GC Heap History (2 events):
Event: 0.440 GC heap before
{Heap before GC invocations=1 (full 0):
 PSYoungGen      total 13312K, used 11776K [0x00000000eab00000, 0x00000000eb980000, 0x0000000100000000)
  eden space 11776K, 100% used [0x00000000eab00000,0x00000000eb680000,0x00000000eb680000)
  from space 1536K, 0% used [0x00000000eb800000,0x00000000eb800000,0x00000000eb980000)
  to   space 1536K, 0% used [0x00000000eb680000,0x00000000eb680000,0x00000000eb800000)
 ParOldGen       total 30208K, used 0K [0x00000000c0000000, 0x00000000c1d80000, 0x00000000eab00000)
  object space 30208K, 0% used [0x00000000c0000000,0x00000000c0000000,0x00000000c1d80000)
 Metaspace       used 4136K, capacity 5392K, committed 5760K, reserved 1056768K
  class space    used 466K, capacity 520K, committed 640K, reserved 1048576K
Event: 0.551 GC heap after
Heap after GC invocations=1 (full 0):
 PSYoungGen      total 13312K, used 1524K [0x00000000eab00000, 0x00000000ec500000, 0x0000000100000000)
  eden space 11776K, 0% used [0x00000000eab00000,0x00000000eab00000,0x00000000eb680000)
  from space 1536K, 99% used [0x00000000eb680000,0x00000000eb7fd230,0x00000000eb800000)
  to   space 1536K, 0% used [0x00000000ec380000,0x00000000ec380000,0x00000000ec500000)
 ParOldGen       total 30208K, used 189K [0x00000000c0000000, 0x00000000c1d80000, 0x00000000eab00000)
  object space 30208K, 0% used [0x00000000c0000000,0x00000000c002f568,0x00000000c1d80000)
 Metaspace       used 4136K, capacity 5392K, committed 5760K, reserved 1056768K
  class space    used 466K, capacity 520K, committed 640K, reserved 1048576K
}

Deoptimization events (8 events):
Event: 0.396 Thread 0x000000005885a000 Uncommon trap: reason=unstable_if action=reinterpret pc=0x00000000029dda84 method=java.lang.String.compareTo(Ljava/lang/String;)I @ 38
Event: 0.897 Thread 0x000000005885a000 Uncommon trap: reason=class_check action=maybe_recompile pc=0x0000000002abfce0 method=com.android.dx.ssa.NormalSsaInsn.accept(Lcom/android/dx/ssa/SsaInsn$Visitor;)V @ 9
Event: 0.907 Thread 0x000000005885a000 Uncommon trap: reason=class_check action=maybe_recompile pc=0x0000000002abfce0 method=com.android.dx.ssa.NormalSsaInsn.accept(Lcom/android/dx/ssa/SsaInsn$Visitor;)V @ 9
Event: 0.915 Thread 0x000000005885a000 Uncommon trap: reason=class_check action=maybe_recompile pc=0x0000000002abfce0 method=com.android.dx.ssa.NormalSsaInsn.accept(Lcom/android/dx/ssa/SsaInsn$Visitor;)V @ 9
Event: 0.930 Thread 0x000000005885a000 Uncommon trap: reason=class_check action=maybe_recompile pc=0x0000000002abfce0 method=com.android.dx.ssa.NormalSsaInsn.accept(Lcom/android/dx/ssa/SsaInsn$Visitor;)V @ 9
Event: 0.951 Thread 0x000000005885a000 Uncommon trap: reason=class_check action=maybe_recompile pc=0x0000000002b27b10 method=com.android.dx.rop.type.Type.equals(Ljava/lang/Object;)Z @ 8
Event: 0.951 Thread 0x000000005885a000 Uncommon trap: reason=unstable_if action=reinterpret pc=0x0000000002ab0dac method=java.util.HashMap.getNode(ILjava/lang/Object;)Ljava/util/HashMap$Node; @ 62
Event: 0.951 Thread 0x000000005885a000 Uncommon trap: reason=unstable_if action=reinterpret pc=0x0000000002b27af4 method=com.android.dx.rop.code.RegisterSpec.equals(ILcom/android/dx/rop/type/TypeBearer;Lcom/android/dx/rop/code/LocalItem;)Z @ 16

Internal exceptions (2 events):
Event: 0.052 Thread 0x000000000040f000 Exception <a 'java/lang/NoSuchMethodError': Method sun.misc.Unsafe.defineClass(Ljava/lang/String;[BII)Ljava/lang/Class; name or signature does not match> (0x00000000eab07cc0) thrown at [C:\re\workspace\8-2-build-windows-amd64-cygwin\jdk8u101\7261\hotspot\sº±¢¨‘ª?
Event: 0.052 Thread 0x000000000040f000 Exception <a 'java/lang/NoSuchMethodError': Method sun.misc.Unsafe.prefetchRead(Ljava/lang/Object;J)V name or signature does not match> (0x00000000eab07fa8) thrown at [C:\re\workspace\8-2-build-windows-amd64-cygwin\jdk8u101\7261\hotspot\src\share\vm\prims\

Events (10 events):
Event: 0.951 Thread 0x000000005885a000 Uncommon trap: trap_request=0xffffff65 fr.pc=0x0000000002ab0dac
Event: 0.951 Thread 0x000000005885a000 DEOPT PACKING pc=0x0000000002ab0dac sp=0x0000000057e1e500
Event: 0.951 Thread 0x000000005885a000 DEOPT UNPACKING pc=0x00000000028d582a sp=0x0000000057e1e478 mode 2
Event: 0.951 Thread 0x000000005885a000 Uncommon trap: trap_request=0xffffff65 fr.pc=0x0000000002b27af4
Event: 0.951 Thread 0x000000005885a000 DEOPT PACKING pc=0x0000000002b27af4 sp=0x0000000057e1e400
Event: 0.951 Thread 0x000000005885a000 DEOPT UNPACKING pc=0x00000000028d582a sp=0x0000000057e1e398 mode 2
Event: 0.951 loading class java/util/HashMap$Values
Event: 0.951 loading class java/util/HashMap$Values done
Event: 0.951 loading class java/util/HashMap$ValueIterator
Event: 0.951 loading class java/util/HashMap$ValueIterator done


Dynamic libraries:
0x000000013f0c0000 - 0x000000013f0f7000 	C:\JAVAJDK18\jdk1.8.0_101\bin\java.exe
0x00000000770a0000 - 0x000000007724a000 	C:\Windows\SYSTEM32\ntdll.dll
0x0000000076f80000 - 0x000000007709f000 	C:\Windows\system32\kernel32.dll
0x000007fefd120000 - 0x000007fefd18a000 	C:\Windows\system32\KERNELBASE.dll
0x000007feff090000 - 0x000007feff16b000 	C:\Windows\system32\ADVAPI32.dll
0x000007feff1b0000 - 0x000007feff24f000 	C:\Windows\system32\msvcrt.dll
0x000007fefeda0000 - 0x000007fefedbf000 	C:\Windows\SYSTEM32\sechost.dll
0x000007fefe840000 - 0x000007fefe96d000 	C:\Windows\system32\RPCRT4.dll
0x0000000076e80000 - 0x0000000076f7a000 	C:\Windows\system32\USER32.dll
0x000007fefee40000 - 0x000007fefeea7000 	C:\Windows\system32\GDI32.dll
0x000007feff170000 - 0x000007feff17e000 	C:\Windows\system32\LPK.dll
0x000007fefdf30000 - 0x000007fefdffa000 	C:\Windows\system32\USP10.dll
0x000007fefb690000 - 0x000007fefb884000 	C:\Windows\WinSxS\amd64_microsoft.windows.common-controls_6595b64144ccf1df_6.0.7601.18837_none_fa3b1e3d17594757\COMCTL32.dll
0x000007feff250000 - 0x000007feff2c1000 	C:\Windows\system32\SHLWAPI.dll
0x000007feff180000 - 0x000007feff1ae000 	C:\Windows\system32\IMM32.DLL
0x000007fefe9c0000 - 0x000007fefeac9000 	C:\Windows\system32\MSCTF.dll
0x000007fefcd10000 - 0x000007fefcd4f000 	C:\Windows\system32\nvinitx.dll
0x00000000665c0000 - 0x0000000066692000 	C:\JAVAJDK18\jdk1.8.0_101\jre\bin\msvcr100.dll
0x000000005d580000 - 0x000000005de1a000 	C:\JAVAJDK18\jdk1.8.0_101\jre\bin\server\jvm.dll
0x000007fef8a10000 - 0x000007fef8a19000 	C:\Windows\system32\WSOCK32.dll
0x000007fefe970000 - 0x000007fefe9bd000 	C:\Windows\system32\WS2_32.dll
0x000007fefe7b0000 - 0x000007fefe7b8000 	C:\Windows\system32\NSI.dll
0x000007fefab90000 - 0x000007fefabcb000 	C:\Windows\system32\WINMM.dll
0x000007fefc620000 - 0x000007fefc62c000 	C:\Windows\system32\VERSION.dll
0x0000000077260000 - 0x0000000077267000 	C:\Windows\system32\PSAPI.DLL
0x000000006b8f0000 - 0x000000006b8ff000 	C:\JAVAJDK18\jdk1.8.0_101\jre\bin\verify.dll
0x000000006b880000 - 0x000000006b8a9000 	C:\JAVAJDK18\jdk1.8.0_101\jre\bin\java.dll
0x000000006b860000 - 0x000000006b876000 	C:\JAVAJDK18\jdk1.8.0_101\jre\bin\zip.dll
0x000007fefd1a0000 - 0x000007fefdf2c000 	C:\Windows\system32\SHELL32.dll
0x000007fefe0a0000 - 0x000007fefe2a3000 	C:\Windows\system32\ole32.dll
0x000007fefcde0000 - 0x000007fefcdef000 	C:\Windows\system32\profapi.dll

VM Arguments:
jvm_args: -Djava.awt.headless=true -Xmx1024M -Dfile.encoding=windows-1252 -Duser.country=SE -Duser.language=sv -Duser.variant 
java_command: com.android.dx.command.Main --dex --force-jumbo --num-threads=4 --multi-dex --output C:\Users\PontusArfwedson\AndroidStudioProjects\YelpMe\app\build\intermediates\transforms\dex\debug\folders\1000\10\com.android.support-support-compat-24.2.1_e33c28333d09a1aa405a58e71ba0d6d93fc460ed C:\Users\PontusArfwedson\AndroidStudioProjects\YelpMe\app\build\intermediates\exploded-aar\com.android.support\support-compat\24.2.1\jars\classes.jar
java_class_path (initial): C:\androidsdkold\sdk\build-tools\24.0.3\lib\dx.jar
Launcher Type: SUN_STANDARD

Environment Variables:
JAVA_HOME=C:\Program Files\Java\jdk1.8.0_101
CLASSPATH=C:\Program Files (x86)\QuickTime\QTSystem\QTJava.zip
PATH=C:\ProgramData\Oracle\Java\javapath;C:\Program Files (x86)\NVIDIA Corporation\PhysX\Common;C:\Program Files\Common Files\Microsoft Shared\Windows Live;C:\Program Files (x86)\Common Files\Microsoft Shared\Windows Live;C:\Windows\system32;C:\Windows;C:\Windows\System32\Wbem;C:\Windows\System32\WindowsPowerShell\v1.0\;C:\Program Files (x86)\Windows Live\Shared;C:\Program Files\Intel\WiFi\bin\;C:\Program Files\Common Files\Intel\WirelessCommon\;C:\Program Files\MATLAB\R2012b\runtime\win64;C:\Program Files\MATLAB\R2012b\bin;D:\PROGRAM\MATLAB\R2013b\bin;C:\Program Files (x86)\QuickTime\QTSystem\;C:\Program Files\MATLABMATLAB\bin;C:\Program Files (x86)\Skype\Phone\;C:\Program Files (x86)\MySQL\MySQL Fabric 1.5 ^& MySQL Utilities 1.5\;C:\Program Files (x86)\MySQL\MySQL Fabric 1.5 ^& MySQL Utilities 1.5\Doctrine extensions for PHP\;C:\cygwin64\bin;C:\cygwin64\usr\bin;C:\Program Files\Git\cmd;C:\Program Files (x86)\Heroku\bin;C:\Program Files (x86)\git\cmd;C:\Program Files (x86)\Git\cmd;C:\Python27;C:\Program Files\nodejs\;C:\ant\apache-ant-1.9.7\bin;C:\Program Files (x86)\Yarn\bin;ANDROID_HOME;C:\androidsdkold\sdk\platform-tools;C:\Ruby22\bin;C:\Program Files\adt-bundle-windows-x86_64-20130219\sdk\tools\ant\bin;C:\Program Files\Java\jdk1.8.0_101;C:\Python27;C:\Users\PontusArfwedson\AppData\Roaming\npm;C:\ant\apache-ant-1.9.7\bin;C:\Users\PontusArfwedson\AppData\Local\Yarn\.bin;ANDROID_HOME;C:\androidsdkold\sdk\platform-tools
USERNAME=PontusArfwedson
OS=Windows_NT
PROCESSOR_IDENTIFIER=Intel64 Family 6 Model 42 Stepping 7, GenuineIntel



---------------  S Y S T E M  ---------------

OS: Windows 7 , 64 bit Build 7601 (6.1.7601.23418)

CPU:total 8 (4 cores per cpu, 2 threads per core) family 6 model 42 stepping 7, cmov, cx8, fxsr, mmx, sse, sse2, sse3, ssse3, sse4.1, sse4.2, popcnt, avx, aes, clmul, ht, tsc, tscinvbit

Memory: 4k page, physical 2794184k(205808k free), swap 4274792k(5064k free)

vm_info: Java HotSpot(TM) 64-Bit Server VM (25.101-b13) for windows-amd64 JRE (1.8.0_101-b13), built on Jun 22 2016 01:21:29 by "java_re" with MS VC++ 10.0 (VS2010)

time: Thu Dec 01 21:52:44 2016
elapsed time: 0 seconds (0d 0h 0m 0s)

