#
# There is insufficient memory for the Java Runtime Environment to continue.
# Native memory allocation (malloc) failed to allocate 381776 bytes for Chunk::new
# Possible reasons:
#   The system is out of physical RAM or swap space
#   In 32 bit mode, the process size limit was hit
# Possible solutions:
#   Reduce memory load on the system
#   Increase physical memory or swap space
#   Check if swap backing store is full
#   Use 64 bit Java on a 64 bit OS
#   Decrease Java heap size (-Xmx/-Xms)
#   Decrease number of Java threads
#   Decrease Java thread stack sizes (-Xss)
#   Set larger code cache with -XX:ReservedCodeCacheSize=
# This output file may be truncated or incomplete.
#
#  Out of Memory Error (allocation.cpp:390), pid=2348, tid=0x000000000000054c
#
# JRE version: Java(TM) SE Runtime Environment (8.0_101-b13) (build 1.8.0_101-b13)
# Java VM: Java HotSpot(TM) 64-Bit Server VM (25.101-b13 mixed mode windows-amd64 compressed oops)
# Failed to write core dump. Minidumps are not enabled by default on client versions of Windows
#

---------------  T H R E A D  ---------------

Current thread (0x0000000056f86000):  JavaThread "C2 CompilerThread0" daemon [_thread_in_native, id=1356, stack(0x00000000587b0000,0x00000000588b0000)]

Stack: [0x00000000587b0000,0x00000000588b0000]
[error occurred during error reporting (printing stack bounds), id 0xc0000005]

Native frames: (J=compiled Java code, j=interpreted, Vv=VM code, C=native code)


Current CompileTask:
C2:   1748 1254       4       com.android.dx.ssa.SsaMethod::forEachInsn (36 bytes)


---------------  P R O C E S S  ---------------

Java Threads: ( => current thread )
  0x0000000058f57800 JavaThread "pool-2-thread-4" [_thread_in_Java, id=5240, stack(0x0000000059d10000,0x0000000059e10000)]
  0x0000000058f55000 JavaThread "pool-2-thread-3" [_thread_blocked, id=2572, stack(0x0000000059bf0000,0x0000000059cf0000)]
  0x0000000058f53800 JavaThread "pool-2-thread-2" [_thread_blocked, id=7684, stack(0x0000000059a00000,0x0000000059b00000)]
  0x000000005723b800 JavaThread "pool-3-thread-1" [_thread_blocked, id=7844, stack(0x0000000059860000,0x0000000059960000)]
  0x000000005723a800 JavaThread "pool-2-thread-1" [_thread_blocked, id=5464, stack(0x0000000059760000,0x0000000059860000)]
  0x0000000056feb000 JavaThread "Service Thread" daemon [_thread_blocked, id=7312, stack(0x0000000058390000,0x0000000058490000)]
  0x0000000056fe4000 JavaThread "C1 CompilerThread3" daemon [_thread_blocked, id=6760, stack(0x0000000058a10000,0x0000000058b10000)]
  0x0000000056fdb000 JavaThread "C2 CompilerThread2" daemon [_thread_in_native, id=1932, stack(0x0000000012980000,0x0000000012a80000)]
  0x0000000056f8d800 JavaThread "C2 CompilerThread1" daemon [_thread_in_native, id=3924, stack(0x00000000588f0000,0x00000000589f0000)]
=>0x0000000056f86000 JavaThread "C2 CompilerThread0" daemon [_thread_in_native, id=1356, stack(0x00000000587b0000,0x00000000588b0000)]
  0x0000000056f83000 JavaThread "Attach Listener" daemon [_thread_blocked, id=7136, stack(0x00000000586a0000,0x00000000587a0000)]
  0x0000000056f81800 JavaThread "Signal Dispatcher" daemon [_thread_blocked, id=6524, stack(0x00000000584b0000,0x00000000585b0000)]
  0x0000000055cf1800 JavaThread "Finalizer" daemon [_thread_blocked, id=5564, stack(0x00000000581f0000,0x00000000582f0000)]
  0x0000000055ce9800 JavaThread "Reference Handler" daemon [_thread_blocked, id=6236, stack(0x0000000057e90000,0x0000000057f90000)]
  0x000000000251f000 JavaThread "main" [_thread_blocked, id=6068, stack(0x00000000028c0000,0x00000000029c0000)]

Other Threads:
  0x0000000056f32800 VMThread [stack: 0x0000000058010000,0x0000000058110000] [id=5020]
  0x0000000056ff1800 WatcherThread [stack: 0x0000000058b50000,0x0000000058c50000] [id=6668]

VM state:not at safepoint (normal execution)

VM Mutex/Monitor currently owned by a thread: None

Heap:
 PSYoungGen      total 25088K, used 23361K [0x00000000eab00000, 0x00000000ec500000, 0x0000000100000000)
  eden space 23552K, 92% used [0x00000000eab00000,0x00000000ec0528d0,0x00000000ec200000)
  from space 1536K, 99% used [0x00000000ec380000,0x00000000ec4fdc60,0x00000000ec500000)
  to   space 1536K, 0% used [0x00000000ec200000,0x00000000ec200000,0x00000000ec380000)
 ParOldGen       total 30208K, used 2128K [0x00000000c0000000, 0x00000000c1d80000, 0x00000000eab00000)
  object space 30208K, 7% used [0x00000000c0000000,0x00000000c0214068,0x00000000c1d80000)
 Metaspace       used 6072K, capacity 6960K, committed 7040K, reserved 1064960K
  class space    used 600K, capacity 616K, committed 640K, reserved 1048576K

Card table byte_map: [0x0000000012050000,0x0000000012260000] byte_map_base: 0x0000000011a50000

Marking Bits: (ParMarkBitMap*) 0x000000005dd9a6d0
 Begin Bits: [0x0000000013100000, 0x0000000014100000)
 End Bits:   [0x0000000014100000, 0x0000000015100000)

Polling page: 0x0000000000230000

CodeCache: size=245760Kb used=5165Kb max_used=5165Kb free=240594Kb
 bounds [0x0000000002c90000, 0x00000000031a0000, 0x0000000011c90000]
 total_blobs=1548 nmethods=1278 adapters=182
 compilation: disabled (not enough contiguous free space left)

Compilation events (10 events):
Event: 1.732 Thread 0x0000000056fe4000 1294       3       com.android.dx.ssa.SsaRenamer$BlockRenamer::visitPhiInsn (6 bytes)
Event: 1.732 Thread 0x0000000056fe4000 nmethod 1294 0x000000000319ca90 code [0x000000000319cc00, 0x000000000319cd88]
Event: 1.732 Thread 0x0000000056fe4000 1295       3       com.android.dx.ssa.MoveParamCombiner$1::visitPhiInsn (1 bytes)
Event: 1.732 Thread 0x0000000056fe4000 nmethod 1295 0x000000000319ce10 code [0x000000000319cf60, 0x000000000319d0b0]
Event: 1.733 Thread 0x0000000056fe4000 1296       3       com.android.dx.ssa.SsaMethod::onSourceChanged (65 bytes)
Event: 1.735 Thread 0x0000000056fe4000 nmethod 1296 0x000000000319d150 code [0x000000000319d320, 0x000000000319db98]
Event: 1.735 Thread 0x0000000056fe4000 1297       3       com.android.dx.ssa.SsaBasicBlock::replaceSuccessor (125 bytes)
Event: 1.736 Thread 0x0000000056fe4000 nmethod 1297 0x000000000319e090 code [0x000000000319e320, 0x000000000319f178]
Event: 1.742 Thread 0x0000000056fe4000 1299       3       com.android.dx.rop.code.RegisterSpecList::make (17 bytes)
Event: 1.745 Thread 0x0000000056fe4000 


GC Heap History (4 events):
Event: 0.327 GC heap before
{Heap before GC invocations=1 (full 0):
 PSYoungGen      total 13312K, used 11776K [0x00000000eab00000, 0x00000000eb980000, 0x0000000100000000)
  eden space 11776K, 100% used [0x00000000eab00000,0x00000000eb680000,0x00000000eb680000)
  from space 1536K, 0% used [0x00000000eb800000,0x00000000eb800000,0x00000000eb980000)
  to   space 1536K, 0% used [0x00000000eb680000,0x00000000eb680000,0x00000000eb800000)
 ParOldGen       total 30208K, used 0K [0x00000000c0000000, 0x00000000c1d80000, 0x00000000eab00000)
  object space 30208K, 0% used [0x00000000c0000000,0x00000000c0000000,0x00000000c1d80000)
 Metaspace       used 3398K, capacity 4720K, committed 4864K, reserved 1062912K
  class space    used 370K, capacity 424K, committed 512K, reserved 1048576K
Event: 0.333 GC heap after
Heap after GC invocations=1 (full 0):
 PSYoungGen      total 13312K, used 958K [0x00000000eab00000, 0x00000000ec500000, 0x0000000100000000)
  eden space 11776K, 0% used [0x00000000eab00000,0x00000000eab00000,0x00000000eb680000)
  from space 1536K, 62% used [0x00000000eb680000,0x00000000eb76f9e8,0x00000000eb800000)
  to   space 1536K, 0% used [0x00000000ec380000,0x00000000ec380000,0x00000000ec500000)
 ParOldGen       total 30208K, used 8K [0x00000000c0000000, 0x00000000c1d80000, 0x00000000eab00000)
  object space 30208K, 0% used [0x00000000c0000000,0x00000000c0002000,0x00000000c1d80000)
 Metaspace       used 3398K, capacity 4720K, committed 4864K, reserved 1062912K
  class space    used 370K, capacity 424K, committed 512K, reserved 1048576K
}
Event: 0.993 GC heap before
{Heap before GC invocations=2 (full 0):
 PSYoungGen      total 13312K, used 12734K [0x00000000eab00000, 0x00000000ec500000, 0x0000000100000000)
  eden space 11776K, 100% used [0x00000000eab00000,0x00000000eb680000,0x00000000eb680000)
  from space 1536K, 62% used [0x00000000eb680000,0x00000000eb76f9e8,0x00000000eb800000)
  to   space 1536K, 0% used [0x00000000ec380000,0x00000000ec380000,0x00000000ec500000)
 ParOldGen       total 30208K, used 8K [0x00000000c0000000, 0x00000000c1d80000, 0x00000000eab00000)
  object space 30208K, 0% used [0x00000000c0000000,0x00000000c0002000,0x00000000c1d80000)
 Metaspace       used 5545K, capacity 6512K, committed 6784K, reserved 1062912K
  class space    used 592K, capacity 616K, committed 640K, reserved 1048576K
Event: 1.003 GC heap after
Heap after GC invocations=2 (full 0):
 PSYoungGen      total 25088K, used 1527K [0x00000000eab00000, 0x00000000ec500000, 0x0000000100000000)
  eden space 23552K, 0% used [0x00000000eab00000,0x00000000eab00000,0x00000000ec200000)
  from space 1536K, 99% used [0x00000000ec380000,0x00000000ec4fdc60,0x00000000ec500000)
  to   space 1536K, 0% used [0x00000000ec200000,0x00000000ec200000,0x00000000ec380000)
 ParOldGen       total 30208K, used 2128K [0x00000000c0000000, 0x00000000c1d80000, 0x00000000eab00000)
  object space 30208K, 7% used [0x00000000c0000000,0x00000000c0214068,0x00000000c1d80000)
 Metaspace       used 5545K, capacity 6512K, committed 6784K, reserved 1062912K
  class space    used 592K, capacity 616K, committed 640K, reserved 1048576K
}

Deoptimization events (10 events):
Event: 1.431 Thread 0x0000000058f55000 Uncommon trap: reason=unstable_if action=reinterpret pc=0x0000000002f6ced4 method=com.android.dx.rop.code.RegisterSpecSet.put(Lcom/android/dx/rop/code/RegisterSpec;)V @ 77
Event: 1.532 Thread 0x000000000251f000 Uncommon trap: reason=unloaded action=reinterpret pc=0x00000000030cb3f4 method=com.android.dx.cf.cst.ConstantPoolParser.parse0(ILjava/util/BitSet;)Lcom/android/dx/rop/cst/Constant; @ 198
Event: 1.561 Thread 0x000000000251f000 Uncommon trap: reason=unstable_if action=reinterpret pc=0x0000000002ea3cbc method=java.lang.String.<init>([CII)V @ 18
Event: 1.567 Thread 0x000000005723a800 Uncommon trap: reason=unstable_if action=reinterpret pc=0x0000000003106664 method=com.android.dx.ssa.SsaRenamer$BlockRenamer.addMapping(ILcom/android/dx/rop/code/RegisterSpec;)V @ 120
Event: 1.581 Thread 0x000000005723a800 Uncommon trap: reason=unstable_if action=reinterpret pc=0x0000000002fabb98 method=com.android.dx.ssa.SsaRenamer$BlockRenamer.addMapping(ILcom/android/dx/rop/code/RegisterSpec;)V @ 120
Event: 1.596 Thread 0x000000005723a800 Uncommon trap: reason=class_check action=maybe_recompile pc=0x0000000002fb5288 method=com.android.dx.ssa.NormalSsaInsn.accept(Lcom/android/dx/ssa/SsaInsn$Visitor;)V @ 9
Event: 1.596 Thread 0x000000005723a800 Uncommon trap: reason=class_check action=maybe_recompile pc=0x0000000002fb5288 method=com.android.dx.ssa.NormalSsaInsn.accept(Lcom/android/dx/ssa/SsaInsn$Visitor;)V @ 9
Event: 1.596 Thread 0x000000005723a800 Uncommon trap: reason=class_check action=maybe_recompile pc=0x0000000002fb5288 method=com.android.dx.ssa.NormalSsaInsn.accept(Lcom/android/dx/ssa/SsaInsn$Visitor;)V @ 9
Event: 1.596 Thread 0x000000005723a800 Uncommon trap: reason=class_check action=maybe_recompile pc=0x0000000002ebd000 method=com.android.dx.ssa.NormalSsaInsn.accept(Lcom/android/dx/ssa/SsaInsn$Visitor;)V @ 9
Event: 1.597 Thread 0x000000005723a800 Uncommon trap: reason=class_check action=maybe_recompile pc=0x0000000002ea9be0 method=com.android.dx.ssa.NormalSsaInsn.accept(Lcom/android/dx/ssa/SsaInsn$Visitor;)V @ 9

Internal exceptions (2 events):
Event: 0.052 Thread 0x000000000251f000 Exception <a 'java/lang/NoSuchMethodError': Method sun.misc.Unsafe.defineClass(Ljava/lang/String;[BII)Ljava/lang/Class; name or signature does not match> (0x00000000eab07cc0) thrown at [C:\re\workspace\8-2-build-windows-amd64-cygwin\jdk8u101\7261\hotspot\s7oыс6~ф?
Event: 0.052 Thread 0x000000000251f000 Exception <a 'java/lang/NoSuchMethodError': Method sun.misc.Unsafe.prefetchRead(Ljava/lang/Object;J)V name or signature does not match> (0x00000000eab07fa8) thrown at [C:\re\workspace\8-2-build-windows-amd64-cygwin\jdk8u101\7261\hotspot\src\share\vm\prims\

Events (10 events):
Event: 1.596 Thread 0x000000005723a800 DEOPT UNPACKING pc=0x0000000002cd582a sp=0x000000005985e350 mode 2
Event: 1.596 Thread 0x000000005723a800 Uncommon trap: trap_request=0xffffffde fr.pc=0x0000000002fb5288
Event: 1.596 Thread 0x000000005723a800 DEOPT PACKING pc=0x0000000002fb5288 sp=0x000000005985e2d0
Event: 1.596 Thread 0x000000005723a800 DEOPT UNPACKING pc=0x0000000002cd582a sp=0x000000005985e1f0 mode 2
Event: 1.596 Thread 0x000000005723a800 Uncommon trap: trap_request=0xffffffde fr.pc=0x0000000002ebd000
Event: 1.596 Thread 0x000000005723a800 DEOPT PACKING pc=0x0000000002ebd000 sp=0x000000005985e540
Event: 1.596 Thread 0x000000005723a800 DEOPT UNPACKING pc=0x0000000002cd582a sp=0x000000005985e490 mode 2
Event: 1.597 Thread 0x000000005723a800 Uncommon trap: trap_request=0xffffffde fr.pc=0x0000000002ea9be0
Event: 1.597 Thread 0x000000005723a800 DEOPT PACKING pc=0x0000000002ea9be0 sp=0x000000005985e570
Event: 1.597 Thread 0x000000005723a800 DEOPT UNPACKING pc=0x0000000002cd582a sp=0x000000005985e510 mode 2


Dynamic libraries:
0x000000013f0c0000 - 0x000000013f0f7000 	C:\JAVAJDK18\jdk1.8.0_101\bin\java.exe
0x00000000770a0000 - 0x000000007724a000 	C:\Windows\SYSTEM32\ntdll.dll
0x0000000076f80000 - 0x000000007709f000 	C:\Windows\system32\kernel32.dll
0x000007fefd120000 - 0x000007fefd18a000 	C:\Windows\system32\KERNELBASE.dll
0x000007feff090000 - 0x000007feff16b000 	C:\Windows\system32\ADVAPI32.dll
0x000007feff1b0000 - 0x000007feff24f000 	C:\Windows\system32\msvcrt.dll
0x000007fefeda0000 - 0x000007fefedbf000 	C:\Windows\SYSTEM32\sechost.dll
0x000007fefe840000 - 0x000007fefe96d000 	C:\Windows\system32\RPCRT4.dll
0x0000000076e80000 - 0x0000000076f7a000 	C:\Windows\system32\USER32.dll
0x000007fefee40000 - 0x000007fefeea7000 	C:\Windows\system32\GDI32.dll
0x000007feff170000 - 0x000007feff17e000 	C:\Windows\system32\LPK.dll
0x000007fefdf30000 - 0x000007fefdffa000 	C:\Windows\system32\USP10.dll
0x000007fefb690000 - 0x000007fefb884000 	C:\Windows\WinSxS\amd64_microsoft.windows.common-controls_6595b64144ccf1df_6.0.7601.18837_none_fa3b1e3d17594757\COMCTL32.dll
0x000007feff250000 - 0x000007feff2c1000 	C:\Windows\system32\SHLWAPI.dll
0x000007feff180000 - 0x000007feff1ae000 	C:\Windows\system32\IMM32.DLL
0x000007fefe9c0000 - 0x000007fefeac9000 	C:\Windows\system32\MSCTF.dll
0x000007fefcd10000 - 0x000007fefcd4f000 	C:\Windows\system32\nvinitx.dll
0x00000000665c0000 - 0x0000000066692000 	C:\JAVAJDK18\jdk1.8.0_101\jre\bin\msvcr100.dll
0x000000005d580000 - 0x000000005de1a000 	C:\JAVAJDK18\jdk1.8.0_101\jre\bin\server\jvm.dll
0x000007fef8a10000 - 0x000007fef8a19000 	C:\Windows\system32\WSOCK32.dll
0x000007fefe970000 - 0x000007fefe9bd000 	C:\Windows\system32\WS2_32.dll
0x000007fefe7b0000 - 0x000007fefe7b8000 	C:\Windows\system32\NSI.dll
0x000007fefab90000 - 0x000007fefabcb000 	C:\Windows\system32\WINMM.dll
0x000007fefc620000 - 0x000007fefc62c000 	C:\Windows\system32\VERSION.dll
0x0000000077260000 - 0x0000000077267000 	C:\Windows\system32\PSAPI.DLL
0x000000006b8f0000 - 0x000000006b8ff000 	C:\JAVAJDK18\jdk1.8.0_101\jre\bin\verify.dll
0x000000006b880000 - 0x000000006b8a9000 	C:\JAVAJDK18\jdk1.8.0_101\jre\bin\java.dll
0x000000006b860000 - 0x000000006b876000 	C:\JAVAJDK18\jdk1.8.0_101\jre\bin\zip.dll
0x000007fefd1a0000 - 0x000007fefdf2c000 	C:\Windows\system32\SHELL32.dll
0x000007fefe0a0000 - 0x000007fefe2a3000 	C:\Windows\system32\ole32.dll
0x000007fefcde0000 - 0x000007fefcdef000 	C:\Windows\system32\profapi.dll

VM Arguments:
jvm_args: -Djava.awt.headless=true -Xmx1024M -Dfile.encoding=windows-1252 -Duser.country=SE -Duser.language=sv -Duser.variant 
java_command: com.android.dx.command.Main --dex --force-jumbo --num-threads=4 --multi-dex --output C:\Users\PontusArfwedson\AndroidStudioProjects\YelpMe\app\build\intermediates\transforms\dex\debug\folders\1000\10\auto-value-1.1_c445ab2b1f2a085f52120da59e34ee439e5e08d6 C:\Users\PontusArfwedson\.gradle\caches\modules-2\files-2.1\com.google.auto.value\auto-value\1.1\f6951c141ea3e89c0f8b01da16834880a1ebf162\auto-value-1.1.jar
java_class_path (initial): C:\androidsdkold\sdk\build-tools\24.0.3\lib\dx.jar
Launcher Type: SUN_STANDARD

Environment Variables:
JAVA_HOME=C:\Program Files\Java\jdk1.8.0_101
CLASSPATH=C:\Program Files (x86)\QuickTime\QTSystem\QTJava.zip
PATH=C:\ProgramData\Oracle\Java\javapath;C:\Program Files (x86)\NVIDIA Corporation\PhysX\Common;C:\Program Files\Common Files\Microsoft Shared\Windows Live;C:\Program Files (x86)\Common Files\Microsoft Shared\Windows Live;C:\Windows\system32;C:\Windows;C:\Windows\System32\Wbem;C:\Windows\System32\WindowsPowerShell\v1.0\;C:\Program Files (x86)\Windows Live\Shared;C:\Program Files\Intel\WiFi\bin\;C:\Program Files\Common Files\Intel\WirelessCommon\;C:\Program Files\MATLAB\R2012b\runtime\win64;C:\Program Files\MATLAB\R2012b\bin;D:\PROGRAM\MATLAB\R2013b\bin;C:\Program Files (x86)\QuickTime\QTSystem\;C:\Program Files\MATLABMATLAB\bin;C:\Program Files (x86)\Skype\Phone\;C:\Program Files (x86)\MySQL\MySQL Fabric 1.5 ^& MySQL Utilities 1.5\;C:\Program Files (x86)\MySQL\MySQL Fabric 1.5 ^& MySQL Utilities 1.5\Doctrine extensions for PHP\;C:\cygwin64\bin;C:\cygwin64\usr\bin;C:\Program Files\Git\cmd;C:\Program Files (x86)\Heroku\bin;C:\Program Files (x86)\git\cmd;C:\Program Files (x86)\Git\cmd;C:\Python27;C:\Program Files\nodejs\;C:\ant\apache-ant-1.9.7\bin;C:\Program Files (x86)\Yarn\bin;ANDROID_HOME;C:\androidsdkold\sdk\platform-tools;C:\Ruby22\bin;C:\Program Files\adt-bundle-windows-x86_64-20130219\sdk\tools\ant\bin;C:\Program Files\Java\jdk1.8.0_101;C:\Python27;C:\Users\PontusArfwedson\AppData\Roaming\npm;C:\ant\apache-ant-1.9.7\bin;C:\Users\PontusArfwedson\AppData\Local\Yarn\.bin;ANDROID_HOME;C:\androidsdkold\sdk\platform-tools
USERNAME=PontusArfwedson
OS=Windows_NT
PROCESSOR_IDENTIFIER=Intel64 Family 6 Model 42 Stepping 7, GenuineIntel



---------------  S Y S T E M  ---------------

OS: Windows 7 , 64 bit Build 7601 (6.1.7601.23418)

CPU:total 8 (4 cores per cpu, 2 threads per core) family 6 model 42 stepping 7, cmov, cx8, fxsr, mmx, sse, sse2, sse3, ssse3, sse4.1, sse4.2, popcnt, avx, aes, clmul, ht, tsc, tscinvbit

Memory: 4k page, physical 2794184k(107804k free), swap 4274792k(5304k free)

vm_info: Java HotSpot(TM) 64-Bit Server VM (25.101-b13) for windows-amd64 JRE (1.8.0_101-b13), built on Jun 22 2016 01:21:29 by "java_re" with MS VC++ 10.0 (VS2010)

time: Thu Dec 01 21:52:02 2016
elapsed time: 1 seconds (0d 0h 0m 1s)

