#
# A fatal error has been detected by the Java Runtime Environment:
#
#  EXCEPTION_ACCESS_VIOLATION (0xc0000005) at pc=0x000000005d793987, pid=7580, tid=0x0000000000001d04
#
# JRE version: Java(TM) SE Runtime Environment (8.0_101-b13) (build 1.8.0_101-b13)
# Java VM: Java HotSpot(TM) 64-Bit Server VM (25.101-b13 mixed mode windows-amd64 compressed oops)
# Problematic frame:
# V  [jvm.dll+0x213987]
#
# Failed to write core dump. Minidumps are not enabled by default on client versions of Windows
#
# If you would like to submit a bug report, please visit:
#   http://bugreport.java.com/bugreport/crash.jsp
#

---------------  T H R E A D  ---------------

Current thread (0x0000000056a83000):  JavaThread "Signal Dispatcher" daemon [_thread_in_vm, id=7428, stack(0x0000000058000000,0x0000000058100000)]

siginfo: ExceptionCode=0xc0000005, writing address 0x00000000580f92c0

Registers:
RAX=0x00000000580f92c0, RBX=0x0000000000000007, RCX=0x0000000000006000, RDX=0x0000000000000006
RSP=0x00000000580ff2c0, RBP=0x0000000000000000, RSI=0x00000000580ff2c0, RDI=0x0000000000000007
R8 =0x0000000000000006, R9 =0x0000000055ae3830, R10=0x000000005511d580, R11=0x000000005800a150
R12=0x0000000055ae3830, R13=0x0000000056a83000, R14=0x00000000580ff388, R15=0x000000005511d580
RIP=0x000000005d793987, EFLAGS=0x0000000000010206

Top of Stack: (sp=0x00000000580ff2c0)
0x00000000580ff2c0:   0000000000000000 00000000770eddee
0x00000000580ff2d0:   0000000056a83000 0000000055ae3830
0x00000000580ff2e0:   00000000ffffffff 000000005d7948b7
0x00000000580ff2f0:   00000000580ff3f0 000000005511d580
0x00000000580ff300:   0000000056a83000 000000005d6404e3
0x00000000580ff310:   00000000580ff350 0000000056a83000
0x00000000580ff320:   00000000580ff3e0 0000000056a83000
0x00000000580ff330:   000000005511d580 0000000056a83000
0x00000000580ff340:   0000000002a831e0 0000000056a83000
0x00000000580ff350:   000000005511d580 0000000056a83000
0x00000000580ff360:   000000005511d580 0000000056a83000
0x00000000580ff370:   0000000000000001 000000005511d580
0x00000000580ff380:   0000000056a83000 0000000055ae9ed0
0x00000000580ff390:   0000000056a83000 000000005d6419cd
0x00000000580ff3a0:   00000000580ff6f0 00000000150f69a0
0x00000000580ff3b0:   00000000150f69a0 0000000000000042 

Instructions: (pc=0x000000005d793987)
0x000000005d793967:   48 89 6c 24 30 33 ed 66 90 e8 cb 37 08 00 ff c3
0x000000005d793977:   48 63 c8 48 8b c6 48 0f af cf 48 ff c7 48 2b c1
0x000000005d793987:   89 28 48 63 c3 48 3b 05 3d 0d 59 00 7e db 48 8b
0x000000005d793997:   6c 24 30 48 8b 5c 24 38 48 8b 74 24 40 48 83 c4 


Register to memory mapping:

RAX=0x00000000580f92c0 is pointing into the stack for thread: 0x0000000056a83000
RBX=0x0000000000000007 is an unknown value
RCX=0x0000000000006000 is an unknown value
RDX=0x0000000000000006 is an unknown value
RSP=0x00000000580ff2c0 is pointing into the stack for thread: 0x0000000056a83000
RBP=0x0000000000000000 is an unknown value
RSI=0x00000000580ff2c0 is pointing into the stack for thread: 0x0000000056a83000
RDI=0x0000000000000007 is an unknown value
R8 =0x0000000000000006 is an unknown value
R9 =0x0000000055ae3830 is an unknown value
R10={method} {0x000000005511d588} 'exit' '()V' in 'java/lang/Thread'
R11=0x000000005800a150 is pointing into the stack for thread: 0x0000000056a83000
R12=0x0000000055ae3830 is an unknown value
R13=0x0000000056a83000 is a thread
R14=0x00000000580ff388 is pointing into the stack for thread: 0x0000000056a83000
R15={method} {0x000000005511d588} 'exit' '()V' in 'java/lang/Thread'


Stack: [0x0000000058000000,0x0000000058100000],  sp=0x00000000580ff2c0,  free space=1020k
Native frames: (J=compiled Java code, j=interpreted, Vv=VM code, C=native code)


---------------  P R O C E S S  ---------------

Java Threads: ( => current thread )
  0x0000000056b1e800 JavaThread "Service Thread" daemon [_thread_blocked, id=4788, stack(0x0000000058660000,0x0000000058760000)]
  0x0000000056a9a000 JavaThread "C1 CompilerThread3" daemon [_thread_blocked, id=5240, stack(0x00000000584e0000,0x00000000585e0000)]
  0x0000000056a90000 JavaThread "C2 CompilerThread2" daemon [_thread_blocked, id=6592, stack(0x0000000057cb0000,0x0000000057db0000)]
  0x0000000056a8f000 JavaThread "C2 CompilerThread1" daemon [_thread_blocked, id=6128, stack(0x00000000583a0000,0x00000000584a0000)]
  0x0000000056a85800 JavaThread "C2 CompilerThread0" daemon [_thread_blocked, id=8164, stack(0x0000000057eb0000,0x0000000057fb0000)]
  0x0000000056a84800 JavaThread "Attach Listener" daemon [_thread_blocked, id=1784, stack(0x0000000058110000,0x0000000058210000)]
=>0x0000000056a83000 JavaThread "Signal Dispatcher" daemon [_thread_in_vm, id=7428, stack(0x0000000058000000,0x0000000058100000)]
  0x0000000055ae1800 JavaThread "Finalizer" daemon [_thread_blocked, id=4956, stack(0x0000000057db0000,0x0000000057eb0000)]
  0x0000000055ada000 JavaThread "Reference Handler" daemon [_thread_blocked, id=7816, stack(0x0000000057b70000,0x0000000057c70000)]

Other Threads:
  0x0000000056a32800 VMThread [stack: 0x0000000057a10000,0x0000000057b10000] [id=8052]

VM state:synchronizing (normal execution)

VM Mutex/Monitor currently owned by a thread:  ([mutex/lock_event])
[0x00000000024accd0] Threads_lock - owner thread: 0x0000000056a32800
[0x00000000024ad1d0] Heap_lock - owner thread: 0x00000000024af000

Heap:
 PSYoungGen      total 13312K, used 942K [0x00000000eab00000, 0x00000000eb980000, 0x0000000100000000)
  eden space 11776K, 8% used [0x00000000eab00000,0x00000000eabeb9f8,0x00000000eb680000)
  from space 1536K, 0% used [0x00000000eb800000,0x00000000eb800000,0x00000000eb980000)
  to   space 1536K, 0% used [0x00000000eb680000,0x00000000eb680000,0x00000000eb800000)
 ParOldGen       total 30208K, used 0K [0x00000000c0000000, 0x00000000c1d80000, 0x00000000eab00000)
  object space 30208K, 0% used [0x00000000c0000000,0x00000000c0000000,0x00000000c1d80000)
 Metaspace       used 2491K, capacity 4480K, committed 4480K, reserved 1056768K
  class space    used 275K, capacity 384K, committed 384K, reserved 1048576K

Card table byte_map: [0x0000000011e30000,0x0000000012040000] byte_map_base: 0x0000000011830000

Marking Bits: (ParMarkBitMap*) 0x000000005dd9a6d0
 Begin Bits: [0x0000000012ef0000, 0x0000000013ef0000)
 End Bits:   [0x0000000013ef0000, 0x0000000014ef0000)

Polling page: 0x00000000001c0000

CodeCache: size=245760Kb used=1098Kb max_used=1098Kb free=244661Kb
 bounds [0x0000000002a70000, 0x0000000002ce0000, 0x0000000011a70000]
 total_blobs=253 nmethods=26 adapters=141
 compilation: enabled

Compilation events (10 events):
Event: 0.448 Thread 0x0000000056a9a000   22       3       java.lang.String::getChars (62 bytes)
Event: 0.449 Thread 0x0000000056a9a000 nmethod 22 0x0000000002b81350 code [0x0000000002b81500, 0x0000000002b81938]
Event: 0.449 Thread 0x0000000056a9a000   23       3       java.lang.AbstractStringBuilder::append (50 bytes)
Event: 0.450 Thread 0x0000000056a9a000 nmethod 23 0x0000000002b81b50 code [0x0000000002b81ce0, 0x0000000002b821e8]
Event: 0.450 Thread 0x0000000056a9a000   24       3       java.lang.StringBuilder::append (8 bytes)
Event: 0.451 Thread 0x0000000056a9a000 nmethod 24 0x0000000002b823d0 code [0x0000000002b82540, 0x0000000002b826c8]
Event: 0.451 Thread 0x0000000056a9a000   25       1       java.nio.Buffer::position (5 bytes)
Event: 0.451 Thread 0x0000000056a9a000 nmethod 25 0x0000000002b82750 code [0x0000000002b828a0, 0x0000000002b829b0]
Event: 0.451 Thread 0x0000000056a9a000   26       1       java.nio.Buffer::limit (5 bytes)
Event: 0.451 Thread 0x0000000056a9a000 nmethod 26 0x0000000002b82a10 code [0x0000000002b82b60, 0x0000000002b82c70]

GC Heap History (0 events):
No events

Deoptimization events (0 events):
No events

Internal exceptions (6 events):
Event: 0.181 Thread 0x00000000024af000 Exception <a 'java/lang/NoSuchMethodError': Method sun.misc.Unsafe.defineClass(Ljava/lang/String;[BII)Ljava/lang/Class; name or signature does not match> (0x00000000eab07cc0) thrown at [C:\re\workspace\8-2-build-windows-amd64-cygwin\jdk8u101\7261\hotspot\sB×ßÐã)Ç?
Event: 0.181 Thread 0x00000000024af000 Exception <a 'java/lang/NoSuchMethodError': Method sun.misc.Unsafe.prefetchRead(Ljava/lang/Object;J)V name or signature does not match> (0x00000000eab07fa8) thrown at [C:\re\workspace\8-2-build-windows-amd64-cygwin\jdk8u101\7261\hotspot\src\share\vm\prims\æ\ø¾ÃQÜ?
Event: 0.442 Thread 0x00000000024af000 Exception <a 'java/lang/OutOfMemoryError'> (0x00000000eab65f00) thrown at [C:\re\workspace\8-2-build-windows-amd64-cygwin\jdk8u101\7261\hotspot\src\share\vm\prims\jni.cpp, line 735]
Event: 0.443 Thread 0x00000000024af000 Exception <a 'java/lang/OutOfMemoryError'> (0x00000000eab65f00) thrown at [C:\re\workspace\8-2-build-windows-amd64-cygwin\jdk8u101\7261\hotspot\src\share\vm\prims\jvm.cpp, line 1390]
Event: 0.443 Thread 0x00000000024af000 Exception <a 'java/lang/OutOfMemoryError'> (0x00000000eab65f00) thrown at [C:\re\workspace\8-2-build-windows-amd64-cygwin\jdk8u101\7261\hotspot\src\share\vm\prims\jvm.cpp, line 1390]
Event: 0.443 Thread 0x00000000024af000 Exception <a 'java/lang/OutOfMemoryError'> (0x00000000eab65f00) thrown at [C:\re\workspace\8-2-build-windows-amd64-cygwin\jdk8u101\7261\hotspot\src\share\vm\prims\jvm.cpp, line 1390]

Events (10 events):
Event: 0.444 loading class java/util/IdentityHashMap done
Event: 0.445 loading class java/util/IdentityHashMap$KeySet
Event: 0.445 loading class java/util/IdentityHashMap$KeySet done
Event: 0.451 Thread 0x00000000024af000 Thread exited: 0x00000000024af000
Event: 0.451 Thread 0x00000000024af000 Thread added: 0x00000000024af000
Event: 0.451 loading class java/lang/Shutdown
Event: 0.452 loading class java/lang/Shutdown done
Event: 0.452 loading class java/lang/Shutdown$Lock
Event: 0.452 loading class java/lang/Shutdown$Lock done
Event: 0.452 Thread 0x00000000024af000 Thread exited: 0x00000000024af000


Dynamic libraries:
0x000000013f0c0000 - 0x000000013f0f7000 	C:\JAVAJDK18\jdk1.8.0_101\bin\java.exe
0x00000000770a0000 - 0x000000007724a000 	C:\Windows\SYSTEM32\ntdll.dll
0x0000000076f80000 - 0x000000007709f000 	C:\Windows\system32\kernel32.dll
0x000007fefd120000 - 0x000007fefd18a000 	C:\Windows\system32\KERNELBASE.dll
0x000007feff090000 - 0x000007feff16b000 	C:\Windows\system32\ADVAPI32.dll
0x000007feff1b0000 - 0x000007feff24f000 	C:\Windows\system32\msvcrt.dll
0x000007fefeda0000 - 0x000007fefedbf000 	C:\Windows\SYSTEM32\sechost.dll
0x000007fefe840000 - 0x000007fefe96d000 	C:\Windows\system32\RPCRT4.dll
0x0000000076e80000 - 0x0000000076f7a000 	C:\Windows\system32\USER32.dll
0x000007fefee40000 - 0x000007fefeea7000 	C:\Windows\system32\GDI32.dll
0x000007feff170000 - 0x000007feff17e000 	C:\Windows\system32\LPK.dll
0x000007fefdf30000 - 0x000007fefdffa000 	C:\Windows\system32\USP10.dll
0x000007fefb690000 - 0x000007fefb884000 	C:\Windows\WinSxS\amd64_microsoft.windows.common-controls_6595b64144ccf1df_6.0.7601.18837_none_fa3b1e3d17594757\COMCTL32.dll
0x000007feff250000 - 0x000007feff2c1000 	C:\Windows\system32\SHLWAPI.dll
0x000007feff180000 - 0x000007feff1ae000 	C:\Windows\system32\IMM32.DLL
0x000007fefe9c0000 - 0x000007fefeac9000 	C:\Windows\system32\MSCTF.dll
0x000007fefcd10000 - 0x000007fefcd4f000 	C:\Windows\system32\nvinitx.dll
0x00000000665c0000 - 0x0000000066692000 	C:\JAVAJDK18\jdk1.8.0_101\jre\bin\msvcr100.dll
0x000000005d580000 - 0x000000005de1a000 	C:\JAVAJDK18\jdk1.8.0_101\jre\bin\server\jvm.dll
0x000007fef8a10000 - 0x000007fef8a19000 	C:\Windows\system32\WSOCK32.dll
0x000007fefe970000 - 0x000007fefe9bd000 	C:\Windows\system32\WS2_32.dll
0x000007fefe7b0000 - 0x000007fefe7b8000 	C:\Windows\system32\NSI.dll
0x000007fefab90000 - 0x000007fefabcb000 	C:\Windows\system32\WINMM.dll
0x000007fefc620000 - 0x000007fefc62c000 	C:\Windows\system32\VERSION.dll
0x0000000077260000 - 0x0000000077267000 	C:\Windows\system32\PSAPI.DLL
0x000000006b8f0000 - 0x000000006b8ff000 	C:\JAVAJDK18\jdk1.8.0_101\jre\bin\verify.dll
0x000000006b880000 - 0x000000006b8a9000 	C:\JAVAJDK18\jdk1.8.0_101\jre\bin\java.dll
0x000000006b860000 - 0x000000006b876000 	C:\JAVAJDK18\jdk1.8.0_101\jre\bin\zip.dll
0x000007fefd1a0000 - 0x000007fefdf2c000 	C:\Windows\system32\SHELL32.dll
0x000007fefe0a0000 - 0x000007fefe2a3000 	C:\Windows\system32\ole32.dll
0x000007fefcde0000 - 0x000007fefcdef000 	C:\Windows\system32\profapi.dll

VM Arguments:
jvm_args: -Djava.awt.headless=true -Xmx1024M -Dfile.encoding=windows-1252 -Duser.country=SE -Duser.language=sv -Duser.variant 
java_command: com.android.dx.command.Main --dex --force-jumbo --num-threads=4 --multi-dex --output C:\Users\PontusArfwedson\AndroidStudioProjects\YelpMe\app\build\intermediates\transforms\dex\debug\folders\1000\10\logging-interceptor-3.3.1_cf892221af2d507e0aca49be817dad30f23ade01 C:\Users\PontusArfwedson\.gradle\caches\modules-2\files-2.1\com.squareup.okhttp3\logging-interceptor\3.3.1\99ce730034c6f5aaed710d1e0e9df95e8714ed5f\logging-interceptor-3.3.1.jar
java_class_path (initial): C:\androidsdkold\sdk\build-tools\24.0.3\lib\dx.jar
Launcher Type: SUN_STANDARD

Environment Variables:
JAVA_HOME=C:\Program Files\Java\jdk1.8.0_101
CLASSPATH=C:\Program Files (x86)\QuickTime\QTSystem\QTJava.zip
PATH=C:\ProgramData\Oracle\Java\javapath;C:\Program Files (x86)\NVIDIA Corporation\PhysX\Common;C:\Program Files\Common Files\Microsoft Shared\Windows Live;C:\Program Files (x86)\Common Files\Microsoft Shared\Windows Live;C:\Windows\system32;C:\Windows;C:\Windows\System32\Wbem;C:\Windows\System32\WindowsPowerShell\v1.0\;C:\Program Files (x86)\Windows Live\Shared;C:\Program Files\Intel\WiFi\bin\;C:\Program Files\Common Files\Intel\WirelessCommon\;C:\Program Files\MATLAB\R2012b\runtime\win64;C:\Program Files\MATLAB\R2012b\bin;D:\PROGRAM\MATLAB\R2013b\bin;C:\Program Files (x86)\QuickTime\QTSystem\;C:\Program Files\MATLABMATLAB\bin;C:\Program Files (x86)\Skype\Phone\;C:\Program Files (x86)\MySQL\MySQL Fabric 1.5 ^& MySQL Utilities 1.5\;C:\Program Files (x86)\MySQL\MySQL Fabric 1.5 ^& MySQL Utilities 1.5\Doctrine extensions for PHP\;C:\cygwin64\bin;C:\cygwin64\usr\bin;C:\Program Files\Git\cmd;C:\Program Files (x86)\Heroku\bin;C:\Program Files (x86)\git\cmd;C:\Program Files (x86)\Git\cmd;C:\Python27;C:\Program Files\nodejs\;C:\ant\apache-ant-1.9.7\bin;C:\Program Files (x86)\Yarn\bin;ANDROID_HOME;C:\androidsdkold\sdk\platform-tools;C:\Ruby22\bin;C:\Program Files\adt-bundle-windows-x86_64-20130219\sdk\tools\ant\bin;C:\Program Files\Java\jdk1.8.0_101;C:\Python27;C:\Users\PontusArfwedson\AppData\Roaming\npm;C:\ant\apache-ant-1.9.7\bin;C:\Users\PontusArfwedson\AppData\Local\Yarn\.bin;ANDROID_HOME;C:\androidsdkold\sdk\platform-tools
USERNAME=PontusArfwedson
OS=Windows_NT
PROCESSOR_IDENTIFIER=Intel64 Family 6 Model 42 Stepping 7, GenuineIntel



---------------  S Y S T E M  ---------------

OS: Windows 7 , 64 bit Build 7601 (6.1.7601.23418)

CPU:total 8 (4 cores per cpu, 2 threads per core) family 6 model 42 stepping 7, cmov, cx8, fxsr, mmx, sse, sse2, sse3, ssse3, sse4.1, sse4.2, popcnt, avx, aes, clmul, ht, tsc, tscinvbit

Memory: 4k page, physical 2794184k(196580k free), swap 4274792k(5020k free)

vm_info: Java HotSpot(TM) 64-Bit Server VM (25.101-b13) for windows-amd64 JRE (1.8.0_101-b13), built on Jun 22 2016 01:21:29 by "java_re" with MS VC++ 10.0 (VS2010)

time: Thu Dec 01 12:38:03 2016
elapsed time: 0 seconds (0d 0h 0m 0s)

